Analysis & Synthesis report for ALU_4BIT
Thu Mar 06 08:52:56 2014
Quartus II Version 9.1 Build 222 10/21/2009 SJ Web Edition


---------------------
; Table of Contents ;
---------------------
  1. Legal Notice
  2. Analysis & Synthesis Summary
  3. Analysis & Synthesis Settings
  4. Parallel Compilation
  5. Analysis & Synthesis Source Files Read
  6. Analysis & Synthesis Resource Usage Summary
  7. Analysis & Synthesis Resource Utilization by Entity
  8. Analysis & Synthesis Messages



----------------
; Legal Notice ;
----------------
Copyright (C) 1991-2009 Altera Corporation
Your use of Altera Corporation's design tools, logic functions 
and other software and tools, and its AMPP partner logic 
functions, and any output files from any of the foregoing 
(including device programming or simulation files), and any 
associated documentation or information are expressly subject 
to the terms and conditions of the Altera Program License 
Subscription Agreement, Altera MegaCore Function License 
Agreement, or other applicable license agreement, including, 
without limitation, that your use is for the sole purpose of 
programming logic devices manufactured by Altera and sold by 
Altera or its authorized distributors.  Please refer to the 
applicable agreement for further details.



+-----------------------------------------------------------------------+
; Analysis & Synthesis Summary                                          ;
+-----------------------------+-----------------------------------------+
; Analysis & Synthesis Status ; Successful - Thu Mar 06 08:52:56 2014   ;
; Quartus II Version          ; 9.1 Build 222 10/21/2009 SJ Web Edition ;
; Revision Name               ; ALU_4BIT                                ;
; Top-level Entity Name       ; ALU_4BIT                                ;
; Family                      ; MAX7000S                                ;
; Total macrocells            ; 40                                      ;
; Total pins                  ; 17                                      ;
+-----------------------------+-----------------------------------------+


+--------------------------------------------------------------------------------------------------------------+
; Analysis & Synthesis Settings                                                                                ;
+----------------------------------------------------------------------------+-----------------+---------------+
; Option                                                                     ; Setting         ; Default Value ;
+----------------------------------------------------------------------------+-----------------+---------------+
; Device                                                                     ; EPM7128SLC84-15 ;               ;
; Top-level entity name                                                      ; ALU_4BIT        ; ALU_4BIT      ;
; Family name                                                                ; MAX7000S        ; Stratix II    ;
; Use Generated Physical Constraints File                                    ; Off             ;               ;
; Use smart compilation                                                      ; Off             ; Off           ;
; Enable parallel Assembler and TimeQuest Timing Analyzer during compilation ; On              ; On            ;
; Enable compact report table                                                ; Off             ; Off           ;
; Create Debugging Nodes for IP Cores                                        ; Off             ; Off           ;
; Preserve fewer node names                                                  ; On              ; On            ;
; Disable OpenCore Plus hardware evaluation                                  ; Off             ; Off           ;
; Verilog Version                                                            ; Verilog_2001    ; Verilog_2001  ;
; VHDL Version                                                               ; VHDL_1993       ; VHDL_1993     ;
; State Machine Processing                                                   ; Auto            ; Auto          ;
; Safe State Machine                                                         ; Off             ; Off           ;
; Extract Verilog State Machines                                             ; On              ; On            ;
; Extract VHDL State Machines                                                ; On              ; On            ;
; Ignore Verilog initial constructs                                          ; Off             ; Off           ;
; Iteration limit for constant Verilog loops                                 ; 5000            ; 5000          ;
; Iteration limit for non-constant Verilog loops                             ; 250             ; 250           ;
; Add Pass-Through Logic to Inferred RAMs                                    ; On              ; On            ;
; Parallel Synthesis                                                         ; On              ; On            ;
; NOT Gate Push-Back                                                         ; On              ; On            ;
; Power-Up Don't Care                                                        ; On              ; On            ;
; Remove Duplicate Registers                                                 ; On              ; On            ;
; Ignore CARRY Buffers                                                       ; Off             ; Off           ;
; Ignore CASCADE Buffers                                                     ; Off             ; Off           ;
; Ignore GLOBAL Buffers                                                      ; Off             ; Off           ;
; Ignore ROW GLOBAL Buffers                                                  ; Off             ; Off           ;
; Ignore LCELL Buffers                                                       ; Auto            ; Auto          ;
; Ignore SOFT Buffers                                                        ; Off             ; Off           ;
; Limit AHDL Integers to 32 Bits                                             ; Off             ; Off           ;
; Optimization Technique                                                     ; Speed           ; Speed         ;
; Allow XOR Gate Usage                                                       ; On              ; On            ;
; Auto Logic Cell Insertion                                                  ; On              ; On            ;
; Parallel Expander Chain Length                                             ; 4               ; 4             ;
; Auto Parallel Expanders                                                    ; On              ; On            ;
; Auto Open-Drain Pins                                                       ; On              ; On            ;
; Auto Resource Sharing                                                      ; Off             ; Off           ;
; Maximum Fan-in Per Macrocell                                               ; 100             ; 100           ;
; Use LogicLock Constraints during Resource Balancing                        ; On              ; On            ;
; Ignore translate_off and synthesis_off directives                          ; Off             ; Off           ;
; Show Parameter Settings Tables in Synthesis Report                         ; On              ; On            ;
; HDL message level                                                          ; Level2          ; Level2        ;
; Suppress Register Optimization Related Messages                            ; Off             ; Off           ;
; Number of Removed Registers Reported in Synthesis Report                   ; 100             ; 100           ;
; Number of Inverted Registers Reported in Synthesis Report                  ; 100             ; 100           ;
; Block Design Naming                                                        ; Auto            ; Auto          ;
; Synthesis Effort                                                           ; Auto            ; Auto          ;
; Shift Register Replacement - Allow Asynchronous Clear Signal               ; On              ; On            ;
; Analysis & Synthesis Message Level                                         ; Medium          ; Medium        ;
; Disable Register Merging Across Hierarchies                                ; Auto            ; Auto          ;
+----------------------------------------------------------------------------+-----------------+---------------+


Parallel compilation was disabled, but you have multiple processors available. Enable parallel compilation to reduce compilation time.
+-------------------------------------+
; Parallel Compilation                ;
+----------------------------+--------+
; Processors                 ; Number ;
+----------------------------+--------+
; Number detected on machine ; 2      ;
; Maximum allowed            ; 1      ;
+----------------------------+--------+


+-------------------------------------------------------------------------------------------------------------------------------------------------------------------------------------+
; Analysis & Synthesis Source Files Read                                                                                                                                              ;
+-------------------------------------------+-----------------+------------------------------------------+----------------------------------------------------------------------------+
; File Name with User-Entered Path          ; Used in Netlist ; File Type                                ; File Name with Absolute Path                                               ;
+-------------------------------------------+-----------------+------------------------------------------+----------------------------------------------------------------------------+
; ../../LAB7/ALU_4BIT/AND_4BIT/ALU_4BIT.bdf ; yes             ; User Block Diagram/Schematic File        ; S:/My Documents/DavidHouston/EE131LABS/LAB7/ALU_4BIT/AND_4BIT/ALU_4BIT.bdf ;
; mux2_1.v                                  ; yes             ; Auto-Found Verilog HDL File              ; s:/my documents/davidhouston/ee131labs/lab8/mux2_1/mux2_1.v                ;
; add_4bit.bdf                              ; yes             ; Auto-Found Block Diagram/Schematic File  ; s:/my documents/davidhouston/ee131labs/lab8/add_1bit/add_4bit.bdf          ;
; add_1bit.v                                ; yes             ; Auto-Found Verilog HDL File              ; s:/my documents/davidhouston/ee131labs/lab8/add_1bit/add_1bit.v            ;
; sub_4bit.bdf                              ; yes             ; Auto-Found Block Diagram/Schematic File  ; s:/my documents/davidhouston/ee131labs/lab8/add_4bit/sub_4bit.bdf          ;
; mux4_1.v                                  ; yes             ; Auto-Found Verilog HDL File              ; s:/my documents/davidhouston/ee131labs/lab8/mux4_1/mux4_1.v                ;
; and_4bit.v                                ; yes             ; Auto-Found Verilog HDL File              ; s:/my documents/davidhouston/ee131labs/lab7/alu_4bit/and_4bit/and_4bit.v   ;
; or_4bit.v                                 ; yes             ; Auto-Found Verilog HDL File              ; s:/my documents/davidhouston/ee131labs/lab7/alu_4bit/or_4bit/or_4bit.v     ;
+-------------------------------------------+-----------------+------------------------------------------+----------------------------------------------------------------------------+


+---------------------------------------------+
; Analysis & Synthesis Resource Usage Summary ;
+----------------------+----------------------+
; Resource             ; Usage                ;
+----------------------+----------------------+
; Logic cells          ; 40                   ;
; Total registers      ; 0                    ;
; I/O pins             ; 17                   ;
; Shareable expanders  ; 6                    ;
; Parallel expanders   ; 19                   ;
; Maximum fan-out node ; A0                   ;
; Maximum fan-out      ; 37                   ;
; Total fan-out        ; 319                  ;
; Average fan-out      ; 5.06                 ;
+----------------------+----------------------+


+-------------------------------------------------------------------------------------------------------------------------+
; Analysis & Synthesis Resource Utilization by Entity                                                                     ;
+----------------------------+------------+------+---------------------------------------------------------+--------------+
; Compilation Hierarchy Node ; Macrocells ; Pins ; Full Hierarchy Name                                     ; Library Name ;
+----------------------------+------------+------+---------------------------------------------------------+--------------+
; |ALU_4BIT                  ; 40         ; 17   ; |ALU_4BIT                                               ; work         ;
;    |MUX2_1:inst15|         ; 14         ; 0    ; |ALU_4BIT|MUX2_1:inst15                                 ; work         ;
;    |MUX4_1:inst14|         ; 9          ; 0    ; |ALU_4BIT|MUX4_1:inst14                                 ; work         ;
;    |add_4bit:inst12|       ; 9          ; 0    ; |ALU_4BIT|add_4bit:inst12                               ; work         ;
;       |ADD_1BIT:inst19|    ; 6          ; 0    ; |ALU_4BIT|add_4bit:inst12|ADD_1BIT:inst19               ; work         ;
;       |ADD_1BIT:inst20|    ; 3          ; 0    ; |ALU_4BIT|add_4bit:inst12|ADD_1BIT:inst20               ; work         ;
;    |sub_4bit:inst13|       ; 8          ; 0    ; |ALU_4BIT|sub_4bit:inst13                               ; work         ;
;       |add_4bit:inst|      ; 8          ; 0    ; |ALU_4BIT|sub_4bit:inst13|add_4bit:inst                 ; work         ;
;          |ADD_1BIT:inst19| ; 5          ; 0    ; |ALU_4BIT|sub_4bit:inst13|add_4bit:inst|ADD_1BIT:inst19 ; work         ;
;          |ADD_1BIT:inst20| ; 3          ; 0    ; |ALU_4BIT|sub_4bit:inst13|add_4bit:inst|ADD_1BIT:inst20 ; work         ;
+----------------------------+------------+------+---------------------------------------------------------+--------------+


+-------------------------------+
; Analysis & Synthesis Messages ;
+-------------------------------+
Info: *******************************************************************
Info: Running Quartus II Analysis & Synthesis
    Info: Version 9.1 Build 222 10/21/2009 SJ Web Edition
    Info: Processing started: Thu Mar 06 08:52:51 2014
Info: Command: quartus_map --read_settings_files=on --write_settings_files=off ALU_4BIT -c ALU_4BIT
Info: Found 1 design units, including 1 entities, in source file /my documents/davidhouston/ee131labs/lab7/alu_4bit/and_4bit/alu_4bit.bdf
    Info: Found entity 1: ALU_4BIT
Info: Elaborating entity "ALU_4BIT" for the top level hierarchy
Warning: Using design file /my documents/davidhouston/ee131labs/lab8/mux2_1/mux2_1.v, which is not specified as a design file for the current project, but contains definitions for 1 design units and 1 entities in project
    Info: Found entity 1: MUX2_1
Info: Elaborating entity "MUX2_1" for hierarchy "MUX2_1:inst15"
Warning: Using design file /my documents/davidhouston/ee131labs/lab8/add_1bit/add_4bit.bdf, which is not specified as a design file for the current project, but contains definitions for 1 design units and 1 entities in project
    Info: Found entity 1: add_4bit
Info: Elaborating entity "ADD_4BIT" for hierarchy "ADD_4BIT:inst12"
Warning: Using design file /my documents/davidhouston/ee131labs/lab8/add_1bit/add_1bit.v, which is not specified as a design file for the current project, but contains definitions for 1 design units and 1 entities in project
    Info: Found entity 1: ADD_1BIT
Info: Elaborating entity "ADD_1BIT" for hierarchy "ADD_4BIT:inst12|ADD_1BIT:inst20"
Warning: Using design file /my documents/davidhouston/ee131labs/lab8/add_4bit/sub_4bit.bdf, which is not specified as a design file for the current project, but contains definitions for 1 design units and 1 entities in project
    Info: Found entity 1: sub_4bit
Info: Elaborating entity "SUB_4BIT" for hierarchy "SUB_4BIT:inst13"
Warning: Using design file /my documents/davidhouston/ee131labs/lab8/mux4_1/mux4_1.v, which is not specified as a design file for the current project, but contains definitions for 1 design units and 1 entities in project
    Info: Found entity 1: MUX4_1
Info: Elaborating entity "MUX4_1" for hierarchy "MUX4_1:inst14"
Warning: Using design file /my documents/davidhouston/ee131labs/lab7/alu_4bit/and_4bit/and_4bit.v, which is not specified as a design file for the current project, but contains definitions for 1 design units and 1 entities in project
    Info: Found entity 1: AND_4BIT
Info: Elaborating entity "AND_4BIT" for hierarchy "AND_4BIT:inst"
Warning: Using design file /my documents/davidhouston/ee131labs/lab7/alu_4bit/or_4bit/or_4bit.v, which is not specified as a design file for the current project, but contains definitions for 1 design units and 1 entities in project
    Info: Found entity 1: OR_4BIT
Info: Elaborating entity "OR_4BIT" for hierarchy "OR_4BIT:inst11"
Info: Implemented 63 device resources after synthesis - the final resource count might be different
    Info: Implemented 11 input pins
    Info: Implemented 6 output pins
    Info: Implemented 40 macrocells
    Info: Implemented 6 shareable expanders
Info: Quartus II Analysis & Synthesis was successful. 0 errors, 7 warnings
    Info: Peak virtual memory: 184 megabytes
    Info: Processing ended: Thu Mar 06 08:52:56 2014
    Info: Elapsed time: 00:00:05
    Info: Total CPU time (on all processors): 00:00:05


