Flow report for hw_5_2
Mon May 26 17:12:18 2014
Quartus II Version 9.1 Build 222 10/21/2009 SJ Web Edition


---------------------
; Table of Contents ;
---------------------
  1. Legal Notice
  2. Flow Summary
  3. Flow Settings
  4. Flow Non-Default Global Settings
  5. Flow Elapsed Time
  6. Flow OS Summary
  7. Flow Log



----------------
; Legal Notice ;
----------------
Copyright (C) 1991-2009 Altera Corporation
Your use of Altera Corporation's design tools, logic functions 
and other software and tools, and its AMPP partner logic 
functions, and any output files from any of the foregoing 
(including device programming or simulation files), and any 
associated documentation or information are expressly subject 
to the terms and conditions of the Altera Program License 
Subscription Agreement, Altera MegaCore Function License 
Agreement, or other applicable license agreement, including, 
without limitation, that your use is for the sole purpose of 
programming logic devices manufactured by Altera and sold by 
Altera or its authorized distributors.  Please refer to the 
applicable agreement for further details.



+-------------------------------------------------------------------+
; Flow Summary                                                      ;
+-------------------------+-----------------------------------------+
; Flow Status             ; Successful - Mon May 26 17:12:18 2014   ;
; Quartus II Version      ; 9.1 Build 222 10/21/2009 SJ Web Edition ;
; Revision Name           ; hw_5_2                                  ;
; Top-level Entity Name   ; hw_5_2                                  ;
; Family                  ; MAX7000S                                ;
; Device                  ; EPM7128SLC84-15                         ;
; Timing Models           ; Final                                   ;
; Met timing requirements ; Yes                                     ;
; Total macrocells        ; 3 / 128 ( 2 % )                         ;
; Total pins              ; 10 / 68 ( 15 % )                        ;
+-------------------------+-----------------------------------------+


+-----------------------------------------+
; Flow Settings                           ;
+-------------------+---------------------+
; Option            ; Setting             ;
+-------------------+---------------------+
; Start date & time ; 05/26/2014 17:12:11 ;
; Main task         ; Compilation         ;
; Revision Name     ; hw_5_2              ;
+-------------------+---------------------+


+------------------------------------------------------------------------------------------------------------------+
; Flow Non-Default Global Settings                                                                                 ;
+------------------------------------+------------------------------+---------------+-------------+----------------+
; Assignment Name                    ; Value                        ; Default Value ; Entity Name ; Section Id     ;
+------------------------------------+------------------------------+---------------+-------------+----------------+
; COMPILER_SIGNATURE_ID              ; 160607101043.140114953106648 ; --            ; --          ; --             ;
; MAX_CORE_JUNCTION_TEMP             ; 85                           ; --            ; --          ; --             ;
; MIN_CORE_JUNCTION_TEMP             ; 0                            ; --            ; --          ; --             ;
; USE_GENERATED_PHYSICAL_CONSTRAINTS ; Off                          ; --            ; --          ; eda_blast_fpga ;
+------------------------------------+------------------------------+---------------+-------------+----------------+


+-----------------------------------------------------------------------------------------------------------------------------+
; Flow Elapsed Time                                                                                                           ;
+-------------------------+--------------+-------------------------+---------------------+------------------------------------+
; Module Name             ; Elapsed Time ; Average Processors Used ; Peak Virtual Memory ; Total CPU Time (on all processors) ;
+-------------------------+--------------+-------------------------+---------------------+------------------------------------+
; Analysis & Synthesis    ; 00:00:02     ; 1.0                     ; 190 MB              ; 00:00:01                           ;
; Fitter                  ; 00:00:01     ; 1.0                     ; 144 MB              ; 00:00:00                           ;
; Assembler               ; 00:00:01     ; 1.0                     ; 160 MB              ; 00:00:00                           ;
; Classic Timing Analyzer ; 00:00:01     ; 1.0                     ; 131 MB              ; 00:00:01                           ;
; Total                   ; 00:00:05     ; --                      ; --                  ; 00:00:02                           ;
+-------------------------+--------------+-------------------------+---------------------+------------------------------------+


+------------------------------------------------------------------------------------------+
; Flow OS Summary                                                                          ;
+-------------------------+------------------+---------------+------------+----------------+
; Module Name             ; Machine Hostname ; OS Name       ; OS Version ; Processor type ;
+-------------------------+------------------+---------------+------------+----------------+
; Analysis & Synthesis    ; PV251_3923       ; Windows Vista ; 6.1        ; i686           ;
; Fitter                  ; PV251_3923       ; Windows Vista ; 6.1        ; i686           ;
; Assembler               ; PV251_3923       ; Windows Vista ; 6.1        ; i686           ;
; Classic Timing Analyzer ; PV251_3923       ; Windows Vista ; 6.1        ; i686           ;
+-------------------------+------------------+---------------+------------+----------------+


------------
; Flow Log ;
------------
quartus_map --read_settings_files=on --write_settings_files=off hw_5_2 -c hw_5_2
quartus_fit --read_settings_files=off --write_settings_files=off hw_5_2 -c hw_5_2
quartus_asm --read_settings_files=off --write_settings_files=off hw_5_2 -c hw_5_2
quartus_tan --read_settings_files=off --write_settings_files=off hw_5_2 -c hw_5_2



