Simulator report for cmplx_cnt
Tue May 13 09:43:53 2014
Quartus II Version 9.1 Build 222 10/21/2009 SJ Web Edition


---------------------
; Table of Contents ;
---------------------
  1. Legal Notice
  2. Simulator Summary
  3. Simulator Settings
  4. Simulation Waveforms
  5. Coverage Summary
  6. Complete 1/0-Value Coverage
  7. Missing 1-Value Coverage
  8. Missing 0-Value Coverage
  9. Simulator INI Usage
 10. Simulator Messages



----------------
; Legal Notice ;
----------------
Copyright (C) 1991-2009 Altera Corporation
Your use of Altera Corporation's design tools, logic functions 
and other software and tools, and its AMPP partner logic 
functions, and any output files from any of the foregoing 
(including device programming or simulation files), and any 
associated documentation or information are expressly subject 
to the terms and conditions of the Altera Program License 
Subscription Agreement, Altera MegaCore Function License 
Agreement, or other applicable license agreement, including, 
without limitation, that your use is for the sole purpose of 
programming logic devices manufactured by Altera and sold by 
Altera or its authorized distributors.  Please refer to the 
applicable agreement for further details.



+--------------------------------------------+
; Simulator Summary                          ;
+-----------------------------+--------------+
; Type                        ; Value        ;
+-----------------------------+--------------+
; Simulation Start Time       ; 0 ps         ;
; Simulation End Time         ; 1.6 us       ;
; Simulation Netlist Size     ; 113 nodes    ;
; Simulation Coverage         ;      62.83 % ;
; Total Number of Transitions ; 760          ;
; Simulation Breakpoints      ; 0            ;
; Family                      ; MAX7000S     ;
+-----------------------------+--------------+


+----------------------------------------------------------------------------------------------------------------------------+
; Simulator Settings                                                                                                         ;
+--------------------------------------------------------------------------------------------+---------------+---------------+
; Option                                                                                     ; Setting       ; Default Value ;
+--------------------------------------------------------------------------------------------+---------------+---------------+
; Simulation mode                                                                            ; Functional    ; Timing        ;
; Start time                                                                                 ; 0 ns          ; 0 ns          ;
; Simulation results format                                                                  ; CVWF          ;               ;
; Vector input source                                                                        ; cmplx_cnt.vwf ;               ;
; Add pins automatically to simulation output waveforms                                      ; On            ; On            ;
; Check outputs                                                                              ; Off           ; Off           ;
; Report simulation coverage                                                                 ; On            ; On            ;
; Display complete 1/0 value coverage report                                                 ; On            ; On            ;
; Display missing 1-value coverage report                                                    ; On            ; On            ;
; Display missing 0-value coverage report                                                    ; On            ; On            ;
; Detect setup and hold time violations                                                      ; Off           ; Off           ;
; Detect glitches                                                                            ; Off           ; Off           ;
; Disable timing delays in Timing Simulation                                                 ; Off           ; Off           ;
; Generate Signal Activity File                                                              ; Off           ; Off           ;
; Generate VCD File for PowerPlay Power Analyzer                                             ; Off           ; Off           ;
; Group bus channels in simulation results                                                   ; Off           ; Off           ;
; Preserve fewer signal transitions to reduce memory requirements                            ; On            ; On            ;
; Trigger vector comparison with the specified mode                                          ; INPUT_EDGE    ; INPUT_EDGE    ;
; Disable setup and hold time violations detection in input registers of bi-directional pins ; Off           ; Off           ;
; Overwrite Waveform Inputs With Simulation Outputs                                          ; Off           ;               ;
; Perform Glitch Filtering in Timing Simulation                                              ; Auto          ; Auto          ;
+--------------------------------------------------------------------------------------------+---------------+---------------+


+----------------------+
; Simulation Waveforms ;
+----------------------+
Waveform report data cannot be output to ASCII.
Please use Quartus II to view the waveform report data.


+--------------------------------------------------------------------+
; Coverage Summary                                                   ;
+-----------------------------------------------------+--------------+
; Type                                                ; Value        ;
+-----------------------------------------------------+--------------+
; Total coverage as a percentage                      ;      62.83 % ;
; Total nodes checked                                 ; 113          ;
; Total output ports checked                          ; 113          ;
; Total output ports with complete 1/0-value coverage ; 71           ;
; Total output ports with no 1/0-value coverage       ; 38           ;
; Total output ports with no 1-value coverage         ; 38           ;
; Total output ports with no 0-value coverage         ; 42           ;
+-----------------------------------------------------+--------------+


The following table displays output ports that toggle between 1 and 0 during simulation.
+------------------------------------------------------------------------------------------------------------------------------------------------------------------------------------+
; Complete 1/0-Value Coverage                                                                                                                                                        ;
+--------------------------------------------------------------------------------+--------------------------------------------------------------------------------+------------------+
; Node Name                                                                      ; Output Port Name                                                               ; Output Port Type ;
+--------------------------------------------------------------------------------+--------------------------------------------------------------------------------+------------------+
; |cmplx_cnt|count~0                                                             ; |cmplx_cnt|count~0                                                             ; out              ;
; |cmplx_cnt|count~1                                                             ; |cmplx_cnt|count~1                                                             ; out              ;
; |cmplx_cnt|count~2                                                             ; |cmplx_cnt|count~2                                                             ; out              ;
; |cmplx_cnt|count~4                                                             ; |cmplx_cnt|count~4                                                             ; out              ;
; |cmplx_cnt|count[3]                                                            ; |cmplx_cnt|count[3]                                                            ; regout           ;
; |cmplx_cnt|count[2]                                                            ; |cmplx_cnt|count[2]                                                            ; regout           ;
; |cmplx_cnt|count[1]                                                            ; |cmplx_cnt|count[1]                                                            ; regout           ;
; |cmplx_cnt|count~5                                                             ; |cmplx_cnt|count~5                                                             ; out              ;
; |cmplx_cnt|count~6                                                             ; |cmplx_cnt|count~6                                                             ; out              ;
; |cmplx_cnt|count~7                                                             ; |cmplx_cnt|count~7                                                             ; out              ;
; |cmplx_cnt|WideOr0                                                             ; |cmplx_cnt|WideOr0                                                             ; out0             ;
; |cmplx_cnt|WideOr1                                                             ; |cmplx_cnt|WideOr1                                                             ; out0             ;
; |cmplx_cnt|WideOr2                                                             ; |cmplx_cnt|WideOr2                                                             ; out0             ;
; |cmplx_cnt|WideOr3                                                             ; |cmplx_cnt|WideOr3                                                             ; out0             ;
; |cmplx_cnt|WideOr4                                                             ; |cmplx_cnt|WideOr4                                                             ; out0             ;
; |cmplx_cnt|count~8                                                             ; |cmplx_cnt|count~8                                                             ; out              ;
; |cmplx_cnt|WideOr5                                                             ; |cmplx_cnt|WideOr5                                                             ; out0             ;
; |cmplx_cnt|count~9                                                             ; |cmplx_cnt|count~9                                                             ; out              ;
; |cmplx_cnt|WideOr6                                                             ; |cmplx_cnt|WideOr6                                                             ; out0             ;
; |cmplx_cnt|clk                                                                 ; |cmplx_cnt|clk                                                                 ; out              ;
; |cmplx_cnt|rst                                                                 ; |cmplx_cnt|rst                                                                 ; out              ;
; |cmplx_cnt|dir                                                                 ; |cmplx_cnt|dir                                                                 ; out              ;
; |cmplx_cnt|seg[0]                                                              ; |cmplx_cnt|seg[0]                                                              ; pin_out          ;
; |cmplx_cnt|seg[1]                                                              ; |cmplx_cnt|seg[1]                                                              ; pin_out          ;
; |cmplx_cnt|seg[2]                                                              ; |cmplx_cnt|seg[2]                                                              ; pin_out          ;
; |cmplx_cnt|seg[3]                                                              ; |cmplx_cnt|seg[3]                                                              ; pin_out          ;
; |cmplx_cnt|seg[4]                                                              ; |cmplx_cnt|seg[4]                                                              ; pin_out          ;
; |cmplx_cnt|seg[5]                                                              ; |cmplx_cnt|seg[5]                                                              ; pin_out          ;
; |cmplx_cnt|seg[6]                                                              ; |cmplx_cnt|seg[6]                                                              ; pin_out          ;
; |cmplx_cnt|Decoder0~0                                                          ; |cmplx_cnt|Decoder0~0                                                          ; out              ;
; |cmplx_cnt|Decoder0~8                                                          ; |cmplx_cnt|Decoder0~8                                                          ; out              ;
; |cmplx_cnt|Decoder0~9                                                          ; |cmplx_cnt|Decoder0~9                                                          ; out              ;
; |cmplx_cnt|Decoder0~10                                                         ; |cmplx_cnt|Decoder0~10                                                         ; out              ;
; |cmplx_cnt|Decoder0~11                                                         ; |cmplx_cnt|Decoder0~11                                                         ; out              ;
; |cmplx_cnt|Decoder0~12                                                         ; |cmplx_cnt|Decoder0~12                                                         ; out              ;
; |cmplx_cnt|Decoder0~13                                                         ; |cmplx_cnt|Decoder0~13                                                         ; out              ;
; |cmplx_cnt|Decoder0~14                                                         ; |cmplx_cnt|Decoder0~14                                                         ; out              ;
; |cmplx_cnt|lpm_add_sub:Add1|addcore:adder|addcore:adder[0]|ps[1]~1             ; |cmplx_cnt|lpm_add_sub:Add1|addcore:adder|addcore:adder[0]|ps[1]~1             ; out0             ;
; |cmplx_cnt|lpm_add_sub:Add1|addcore:adder|addcore:adder[0]|psi[1]              ; |cmplx_cnt|lpm_add_sub:Add1|addcore:adder|addcore:adder[0]|psi[1]              ; out0             ;
; |cmplx_cnt|lpm_add_sub:Add1|addcore:adder|addcore:adder[0]|gn[2]               ; |cmplx_cnt|lpm_add_sub:Add1|addcore:adder|addcore:adder[0]|gn[2]               ; out0             ;
; |cmplx_cnt|lpm_add_sub:Add1|addcore:adder|addcore:adder[0]|gn[3]               ; |cmplx_cnt|lpm_add_sub:Add1|addcore:adder|addcore:adder[0]|gn[3]               ; out0             ;
; |cmplx_cnt|lpm_add_sub:Add1|addcore:adder|addcore:adder[0]|g3~0                ; |cmplx_cnt|lpm_add_sub:Add1|addcore:adder|addcore:adder[0]|g3~0                ; out0             ;
; |cmplx_cnt|lpm_add_sub:Add1|addcore:adder|addcore:adder[0]|g3                  ; |cmplx_cnt|lpm_add_sub:Add1|addcore:adder|addcore:adder[0]|g3                  ; out0             ;
; |cmplx_cnt|lpm_add_sub:Add1|addcore:adder|addcore:adder[0]|gc[1]~0             ; |cmplx_cnt|lpm_add_sub:Add1|addcore:adder|addcore:adder[0]|gc[1]~0             ; out0             ;
; |cmplx_cnt|lpm_add_sub:Add1|addcore:adder|addcore:adder[0]|gc[1]               ; |cmplx_cnt|lpm_add_sub:Add1|addcore:adder|addcore:adder[0]|gc[1]               ; out0             ;
; |cmplx_cnt|lpm_add_sub:Add1|addcore:adder|addcore:adder[0]|gc[2]~1             ; |cmplx_cnt|lpm_add_sub:Add1|addcore:adder|addcore:adder[0]|gc[2]~1             ; out0             ;
; |cmplx_cnt|lpm_add_sub:Add1|addcore:adder|addcore:adder[0]|gc[2]               ; |cmplx_cnt|lpm_add_sub:Add1|addcore:adder|addcore:adder[0]|gc[2]               ; out0             ;
; |cmplx_cnt|lpm_add_sub:Add1|addcore:adder|addcore:adder[0]|tot_cin_node[1]     ; |cmplx_cnt|lpm_add_sub:Add1|addcore:adder|addcore:adder[0]|tot_cin_node[1]     ; out0             ;
; |cmplx_cnt|lpm_add_sub:Add1|addcore:adder|addcore:adder[0]|tot_cin_node[2]     ; |cmplx_cnt|lpm_add_sub:Add1|addcore:adder|addcore:adder[0]|tot_cin_node[2]     ; out0             ;
; |cmplx_cnt|lpm_add_sub:Add1|addcore:adder|addcore:adder[0]|unreg_res_node[1]~0 ; |cmplx_cnt|lpm_add_sub:Add1|addcore:adder|addcore:adder[0]|unreg_res_node[1]~0 ; out0             ;
; |cmplx_cnt|lpm_add_sub:Add1|addcore:adder|addcore:adder[0]|unreg_res_node[1]   ; |cmplx_cnt|lpm_add_sub:Add1|addcore:adder|addcore:adder[0]|unreg_res_node[1]   ; out0             ;
; |cmplx_cnt|lpm_add_sub:Add1|addcore:adder|addcore:adder[0]|_~3                 ; |cmplx_cnt|lpm_add_sub:Add1|addcore:adder|addcore:adder[0]|_~3                 ; out0             ;
; |cmplx_cnt|lpm_add_sub:Add1|addcore:adder|addcore:adder[0]|unreg_res_node[2]~1 ; |cmplx_cnt|lpm_add_sub:Add1|addcore:adder|addcore:adder[0]|unreg_res_node[2]~1 ; out0             ;
; |cmplx_cnt|lpm_add_sub:Add1|addcore:adder|addcore:adder[0]|unreg_res_node[2]   ; |cmplx_cnt|lpm_add_sub:Add1|addcore:adder|addcore:adder[0]|unreg_res_node[2]   ; out0             ;
; |cmplx_cnt|lpm_add_sub:Add1|addcore:adder|addcore:adder[0]|unreg_res_node[3]   ; |cmplx_cnt|lpm_add_sub:Add1|addcore:adder|addcore:adder[0]|unreg_res_node[3]   ; out0             ;
; |cmplx_cnt|lpm_add_sub:Add0|addcore:adder|addcore:adder[0]|gn[0]               ; |cmplx_cnt|lpm_add_sub:Add0|addcore:adder|addcore:adder[0]|gn[0]               ; out0             ;
; |cmplx_cnt|lpm_add_sub:Add0|addcore:adder|addcore:adder[0]|ps[1]~1             ; |cmplx_cnt|lpm_add_sub:Add0|addcore:adder|addcore:adder[0]|ps[1]~1             ; out0             ;
; |cmplx_cnt|lpm_add_sub:Add0|addcore:adder|addcore:adder[0]|psi[1]              ; |cmplx_cnt|lpm_add_sub:Add0|addcore:adder|addcore:adder[0]|psi[1]              ; out0             ;
; |cmplx_cnt|lpm_add_sub:Add0|addcore:adder|addcore:adder[0]|ps[2]~2             ; |cmplx_cnt|lpm_add_sub:Add0|addcore:adder|addcore:adder[0]|ps[2]~2             ; out0             ;
; |cmplx_cnt|lpm_add_sub:Add0|addcore:adder|addcore:adder[0]|psi[2]              ; |cmplx_cnt|lpm_add_sub:Add0|addcore:adder|addcore:adder[0]|psi[2]              ; out0             ;
; |cmplx_cnt|lpm_add_sub:Add0|addcore:adder|addcore:adder[0]|gc[0]               ; |cmplx_cnt|lpm_add_sub:Add0|addcore:adder|addcore:adder[0]|gc[0]               ; out0             ;
; |cmplx_cnt|lpm_add_sub:Add0|addcore:adder|addcore:adder[0]|gc[1]~0             ; |cmplx_cnt|lpm_add_sub:Add0|addcore:adder|addcore:adder[0]|gc[1]~0             ; out0             ;
; |cmplx_cnt|lpm_add_sub:Add0|addcore:adder|addcore:adder[0]|gc[1]               ; |cmplx_cnt|lpm_add_sub:Add0|addcore:adder|addcore:adder[0]|gc[1]               ; out0             ;
; |cmplx_cnt|lpm_add_sub:Add0|addcore:adder|addcore:adder[0]|tot_cin_node[0]     ; |cmplx_cnt|lpm_add_sub:Add0|addcore:adder|addcore:adder[0]|tot_cin_node[0]     ; out0             ;
; |cmplx_cnt|lpm_add_sub:Add0|addcore:adder|addcore:adder[0]|tot_cin_node[1]     ; |cmplx_cnt|lpm_add_sub:Add0|addcore:adder|addcore:adder[0]|tot_cin_node[1]     ; out0             ;
; |cmplx_cnt|lpm_add_sub:Add0|addcore:adder|addcore:adder[0]|_~1                 ; |cmplx_cnt|lpm_add_sub:Add0|addcore:adder|addcore:adder[0]|_~1                 ; out0             ;
; |cmplx_cnt|lpm_add_sub:Add0|addcore:adder|addcore:adder[0]|unreg_result[0]~0   ; |cmplx_cnt|lpm_add_sub:Add0|addcore:adder|addcore:adder[0]|unreg_result[0]~0   ; out0             ;
; |cmplx_cnt|lpm_add_sub:Add0|addcore:adder|addcore:adder[0]|unreg_res_node[1]~0 ; |cmplx_cnt|lpm_add_sub:Add0|addcore:adder|addcore:adder[0]|unreg_res_node[1]~0 ; out0             ;
; |cmplx_cnt|lpm_add_sub:Add0|addcore:adder|addcore:adder[0]|unreg_res_node[1]   ; |cmplx_cnt|lpm_add_sub:Add0|addcore:adder|addcore:adder[0]|unreg_res_node[1]   ; out0             ;
; |cmplx_cnt|lpm_add_sub:Add0|addcore:adder|addcore:adder[0]|unreg_res_node[2]~1 ; |cmplx_cnt|lpm_add_sub:Add0|addcore:adder|addcore:adder[0]|unreg_res_node[2]~1 ; out0             ;
; |cmplx_cnt|lpm_add_sub:Add0|addcore:adder|addcore:adder[0]|unreg_res_node[2]   ; |cmplx_cnt|lpm_add_sub:Add0|addcore:adder|addcore:adder[0]|unreg_res_node[2]   ; out0             ;
+--------------------------------------------------------------------------------+--------------------------------------------------------------------------------+------------------+


The following table displays output ports that do not toggle to 1 during simulation.
+----------------------------------------------------------------------------------------------------------------------------------------------------------------------------+
; Missing 1-Value Coverage                                                                                                                                                   ;
+----------------------------------------------------------------------------+----------------------------------------------------------------------------+------------------+
; Node Name                                                                  ; Output Port Name                                                           ; Output Port Type ;
+----------------------------------------------------------------------------+----------------------------------------------------------------------------+------------------+
; |cmplx_cnt|cen                                                             ; |cmplx_cnt|cen                                                             ; out              ;
; |cmplx_cnt|Decoder0~2                                                      ; |cmplx_cnt|Decoder0~2                                                      ; out              ;
; |cmplx_cnt|Decoder0~3                                                      ; |cmplx_cnt|Decoder0~3                                                      ; out              ;
; |cmplx_cnt|Decoder0~4                                                      ; |cmplx_cnt|Decoder0~4                                                      ; out              ;
; |cmplx_cnt|Decoder0~5                                                      ; |cmplx_cnt|Decoder0~5                                                      ; out              ;
; |cmplx_cnt|Decoder0~6                                                      ; |cmplx_cnt|Decoder0~6                                                      ; out              ;
; |cmplx_cnt|Decoder0~7                                                      ; |cmplx_cnt|Decoder0~7                                                      ; out              ;
; |cmplx_cnt|lpm_add_sub:Add1|addcore:adder|addcore:adder[0]|datab_node[7]~0 ; |cmplx_cnt|lpm_add_sub:Add1|addcore:adder|addcore:adder[0]|datab_node[7]~0 ; out0             ;
; |cmplx_cnt|lpm_add_sub:Add1|addcore:adder|addcore:adder[0]|datab_node[3]   ; |cmplx_cnt|lpm_add_sub:Add1|addcore:adder|addcore:adder[0]|datab_node[3]   ; out0             ;
; |cmplx_cnt|lpm_add_sub:Add1|addcore:adder|addcore:adder[0]|datab_node[2]   ; |cmplx_cnt|lpm_add_sub:Add1|addcore:adder|addcore:adder[0]|datab_node[2]   ; out0             ;
; |cmplx_cnt|lpm_add_sub:Add1|addcore:adder|addcore:adder[0]|datab_node[1]   ; |cmplx_cnt|lpm_add_sub:Add1|addcore:adder|addcore:adder[0]|datab_node[1]   ; out0             ;
; |cmplx_cnt|lpm_add_sub:Add1|addcore:adder|addcore:adder[0]|datab_node[0]   ; |cmplx_cnt|lpm_add_sub:Add1|addcore:adder|addcore:adder[0]|datab_node[0]   ; out0             ;
; |cmplx_cnt|lpm_add_sub:Add1|addcore:adder|addcore:adder[0]|ps[0]~0         ; |cmplx_cnt|lpm_add_sub:Add1|addcore:adder|addcore:adder[0]|ps[0]~0         ; out0             ;
; |cmplx_cnt|lpm_add_sub:Add1|addcore:adder|addcore:adder[0]|psi[0]          ; |cmplx_cnt|lpm_add_sub:Add1|addcore:adder|addcore:adder[0]|psi[0]          ; out0             ;
; |cmplx_cnt|lpm_add_sub:Add1|addcore:adder|addcore:adder[0]|gn[0]           ; |cmplx_cnt|lpm_add_sub:Add1|addcore:adder|addcore:adder[0]|gn[0]           ; out0             ;
; |cmplx_cnt|lpm_add_sub:Add1|addcore:adder|addcore:adder[0]|gn[1]           ; |cmplx_cnt|lpm_add_sub:Add1|addcore:adder|addcore:adder[0]|gn[1]           ; out0             ;
; |cmplx_cnt|lpm_add_sub:Add1|addcore:adder|addcore:adder[0]|ps[2]~2         ; |cmplx_cnt|lpm_add_sub:Add1|addcore:adder|addcore:adder[0]|ps[2]~2         ; out0             ;
; |cmplx_cnt|lpm_add_sub:Add1|addcore:adder|addcore:adder[0]|psi[2]          ; |cmplx_cnt|lpm_add_sub:Add1|addcore:adder|addcore:adder[0]|psi[2]          ; out0             ;
; |cmplx_cnt|lpm_add_sub:Add1|addcore:adder|addcore:adder[0]|ps[3]~3         ; |cmplx_cnt|lpm_add_sub:Add1|addcore:adder|addcore:adder[0]|ps[3]~3         ; out0             ;
; |cmplx_cnt|lpm_add_sub:Add1|addcore:adder|addcore:adder[0]|psi[3]          ; |cmplx_cnt|lpm_add_sub:Add1|addcore:adder|addcore:adder[0]|psi[3]          ; out0             ;
; |cmplx_cnt|lpm_add_sub:Add1|addcore:adder|addcore:adder[0]|pc[0]           ; |cmplx_cnt|lpm_add_sub:Add1|addcore:adder|addcore:adder[0]|pc[0]           ; out0             ;
; |cmplx_cnt|lpm_add_sub:Add1|addcore:adder|addcore:adder[0]|pc[1]           ; |cmplx_cnt|lpm_add_sub:Add1|addcore:adder|addcore:adder[0]|pc[1]           ; out0             ;
; |cmplx_cnt|lpm_add_sub:Add1|addcore:adder|addcore:adder[0]|pc[2]           ; |cmplx_cnt|lpm_add_sub:Add1|addcore:adder|addcore:adder[0]|pc[2]           ; out0             ;
; |cmplx_cnt|lpm_add_sub:Add1|addcore:adder|addcore:adder[0]|gc[0]           ; |cmplx_cnt|lpm_add_sub:Add1|addcore:adder|addcore:adder[0]|gc[0]           ; out0             ;
; |cmplx_cnt|lpm_add_sub:Add1|addcore:adder|addcore:adder[0]|tot_cin_node[0] ; |cmplx_cnt|lpm_add_sub:Add1|addcore:adder|addcore:adder[0]|tot_cin_node[0] ; out0             ;
; |cmplx_cnt|lpm_add_sub:Add1|addcore:adder|addcore:adder[0]|_~2             ; |cmplx_cnt|lpm_add_sub:Add1|addcore:adder|addcore:adder[0]|_~2             ; out0             ;
; |cmplx_cnt|lpm_add_sub:Add0|addcore:adder|addcore:adder[0]|datab_node[7]~0 ; |cmplx_cnt|lpm_add_sub:Add0|addcore:adder|addcore:adder[0]|datab_node[7]~0 ; out0             ;
; |cmplx_cnt|lpm_add_sub:Add0|addcore:adder|addcore:adder[0]|datab_node[2]   ; |cmplx_cnt|lpm_add_sub:Add0|addcore:adder|addcore:adder[0]|datab_node[2]   ; out0             ;
; |cmplx_cnt|lpm_add_sub:Add0|addcore:adder|addcore:adder[0]|datab_node[1]   ; |cmplx_cnt|lpm_add_sub:Add0|addcore:adder|addcore:adder[0]|datab_node[1]   ; out0             ;
; |cmplx_cnt|lpm_add_sub:Add0|addcore:adder|addcore:adder[0]|datab_node[0]   ; |cmplx_cnt|lpm_add_sub:Add0|addcore:adder|addcore:adder[0]|datab_node[0]   ; out0             ;
; |cmplx_cnt|lpm_add_sub:Add0|addcore:adder|addcore:adder[0]|ps[0]~0         ; |cmplx_cnt|lpm_add_sub:Add0|addcore:adder|addcore:adder[0]|ps[0]~0         ; out0             ;
; |cmplx_cnt|lpm_add_sub:Add0|addcore:adder|addcore:adder[0]|psi[0]          ; |cmplx_cnt|lpm_add_sub:Add0|addcore:adder|addcore:adder[0]|psi[0]          ; out0             ;
; |cmplx_cnt|lpm_add_sub:Add0|addcore:adder|addcore:adder[0]|gn[1]           ; |cmplx_cnt|lpm_add_sub:Add0|addcore:adder|addcore:adder[0]|gn[1]           ; out0             ;
; |cmplx_cnt|lpm_add_sub:Add0|addcore:adder|addcore:adder[0]|gn[2]           ; |cmplx_cnt|lpm_add_sub:Add0|addcore:adder|addcore:adder[0]|gn[2]           ; out0             ;
; |cmplx_cnt|lpm_add_sub:Add0|addcore:adder|addcore:adder[0]|pc[0]           ; |cmplx_cnt|lpm_add_sub:Add0|addcore:adder|addcore:adder[0]|pc[0]           ; out0             ;
; |cmplx_cnt|lpm_add_sub:Add0|addcore:adder|addcore:adder[0]|pc[1]           ; |cmplx_cnt|lpm_add_sub:Add0|addcore:adder|addcore:adder[0]|pc[1]           ; out0             ;
; |cmplx_cnt|lpm_add_sub:Add0|addcore:adder|addcore:adder[0]|_~2             ; |cmplx_cnt|lpm_add_sub:Add0|addcore:adder|addcore:adder[0]|_~2             ; out0             ;
; |cmplx_cnt|lpm_add_sub:Add0|addcore:adder|addcore:adder[0]|_~3             ; |cmplx_cnt|lpm_add_sub:Add0|addcore:adder|addcore:adder[0]|_~3             ; out0             ;
+----------------------------------------------------------------------------+----------------------------------------------------------------------------+------------------+


The following table displays output ports that do not toggle to 0 during simulation.
+----------------------------------------------------------------------------------------------------------------------------------------------------------------------------+
; Missing 0-Value Coverage                                                                                                                                                   ;
+----------------------------------------------------------------------------+----------------------------------------------------------------------------+------------------+
; Node Name                                                                  ; Output Port Name                                                           ; Output Port Type ;
+----------------------------------------------------------------------------+----------------------------------------------------------------------------+------------------+
; |cmplx_cnt|count~3                                                         ; |cmplx_cnt|count~3                                                         ; out              ;
; |cmplx_cnt|count[0]                                                        ; |cmplx_cnt|count[0]                                                        ; regout           ;
; |cmplx_cnt|cen                                                             ; |cmplx_cnt|cen                                                             ; out              ;
; |cmplx_cnt|eo                                                              ; |cmplx_cnt|eo                                                              ; out              ;
; |cmplx_cnt|Decoder0~1                                                      ; |cmplx_cnt|Decoder0~1                                                      ; out              ;
; |cmplx_cnt|Decoder0~2                                                      ; |cmplx_cnt|Decoder0~2                                                      ; out              ;
; |cmplx_cnt|Decoder0~3                                                      ; |cmplx_cnt|Decoder0~3                                                      ; out              ;
; |cmplx_cnt|Decoder0~4                                                      ; |cmplx_cnt|Decoder0~4                                                      ; out              ;
; |cmplx_cnt|Decoder0~5                                                      ; |cmplx_cnt|Decoder0~5                                                      ; out              ;
; |cmplx_cnt|Decoder0~6                                                      ; |cmplx_cnt|Decoder0~6                                                      ; out              ;
; |cmplx_cnt|Decoder0~7                                                      ; |cmplx_cnt|Decoder0~7                                                      ; out              ;
; |cmplx_cnt|lpm_add_sub:Add1|addcore:adder|addcore:adder[0]|datab_node[7]~0 ; |cmplx_cnt|lpm_add_sub:Add1|addcore:adder|addcore:adder[0]|datab_node[7]~0 ; out0             ;
; |cmplx_cnt|lpm_add_sub:Add1|addcore:adder|addcore:adder[0]|datab_node[3]   ; |cmplx_cnt|lpm_add_sub:Add1|addcore:adder|addcore:adder[0]|datab_node[3]   ; out0             ;
; |cmplx_cnt|lpm_add_sub:Add1|addcore:adder|addcore:adder[0]|datab_node[2]   ; |cmplx_cnt|lpm_add_sub:Add1|addcore:adder|addcore:adder[0]|datab_node[2]   ; out0             ;
; |cmplx_cnt|lpm_add_sub:Add1|addcore:adder|addcore:adder[0]|datab_node[1]   ; |cmplx_cnt|lpm_add_sub:Add1|addcore:adder|addcore:adder[0]|datab_node[1]   ; out0             ;
; |cmplx_cnt|lpm_add_sub:Add1|addcore:adder|addcore:adder[0]|datab_node[0]   ; |cmplx_cnt|lpm_add_sub:Add1|addcore:adder|addcore:adder[0]|datab_node[0]   ; out0             ;
; |cmplx_cnt|lpm_add_sub:Add1|addcore:adder|addcore:adder[0]|ps[0]~0         ; |cmplx_cnt|lpm_add_sub:Add1|addcore:adder|addcore:adder[0]|ps[0]~0         ; out0             ;
; |cmplx_cnt|lpm_add_sub:Add1|addcore:adder|addcore:adder[0]|psi[0]          ; |cmplx_cnt|lpm_add_sub:Add1|addcore:adder|addcore:adder[0]|psi[0]          ; out0             ;
; |cmplx_cnt|lpm_add_sub:Add1|addcore:adder|addcore:adder[0]|gn[0]           ; |cmplx_cnt|lpm_add_sub:Add1|addcore:adder|addcore:adder[0]|gn[0]           ; out0             ;
; |cmplx_cnt|lpm_add_sub:Add1|addcore:adder|addcore:adder[0]|gn[1]           ; |cmplx_cnt|lpm_add_sub:Add1|addcore:adder|addcore:adder[0]|gn[1]           ; out0             ;
; |cmplx_cnt|lpm_add_sub:Add1|addcore:adder|addcore:adder[0]|ps[2]~2         ; |cmplx_cnt|lpm_add_sub:Add1|addcore:adder|addcore:adder[0]|ps[2]~2         ; out0             ;
; |cmplx_cnt|lpm_add_sub:Add1|addcore:adder|addcore:adder[0]|psi[2]          ; |cmplx_cnt|lpm_add_sub:Add1|addcore:adder|addcore:adder[0]|psi[2]          ; out0             ;
; |cmplx_cnt|lpm_add_sub:Add1|addcore:adder|addcore:adder[0]|ps[3]~3         ; |cmplx_cnt|lpm_add_sub:Add1|addcore:adder|addcore:adder[0]|ps[3]~3         ; out0             ;
; |cmplx_cnt|lpm_add_sub:Add1|addcore:adder|addcore:adder[0]|psi[3]          ; |cmplx_cnt|lpm_add_sub:Add1|addcore:adder|addcore:adder[0]|psi[3]          ; out0             ;
; |cmplx_cnt|lpm_add_sub:Add1|addcore:adder|addcore:adder[0]|pc[0]           ; |cmplx_cnt|lpm_add_sub:Add1|addcore:adder|addcore:adder[0]|pc[0]           ; out0             ;
; |cmplx_cnt|lpm_add_sub:Add1|addcore:adder|addcore:adder[0]|pc[1]           ; |cmplx_cnt|lpm_add_sub:Add1|addcore:adder|addcore:adder[0]|pc[1]           ; out0             ;
; |cmplx_cnt|lpm_add_sub:Add1|addcore:adder|addcore:adder[0]|pc[2]           ; |cmplx_cnt|lpm_add_sub:Add1|addcore:adder|addcore:adder[0]|pc[2]           ; out0             ;
; |cmplx_cnt|lpm_add_sub:Add1|addcore:adder|addcore:adder[0]|gc[0]           ; |cmplx_cnt|lpm_add_sub:Add1|addcore:adder|addcore:adder[0]|gc[0]           ; out0             ;
; |cmplx_cnt|lpm_add_sub:Add1|addcore:adder|addcore:adder[0]|tot_cin_node[0] ; |cmplx_cnt|lpm_add_sub:Add1|addcore:adder|addcore:adder[0]|tot_cin_node[0] ; out0             ;
; |cmplx_cnt|lpm_add_sub:Add1|addcore:adder|addcore:adder[0]|_~2             ; |cmplx_cnt|lpm_add_sub:Add1|addcore:adder|addcore:adder[0]|_~2             ; out0             ;
; |cmplx_cnt|lpm_add_sub:Add0|addcore:adder|addcore:adder[0]|datab_node[7]~0 ; |cmplx_cnt|lpm_add_sub:Add0|addcore:adder|addcore:adder[0]|datab_node[7]~0 ; out0             ;
; |cmplx_cnt|lpm_add_sub:Add0|addcore:adder|addcore:adder[0]|datab_node[2]   ; |cmplx_cnt|lpm_add_sub:Add0|addcore:adder|addcore:adder[0]|datab_node[2]   ; out0             ;
; |cmplx_cnt|lpm_add_sub:Add0|addcore:adder|addcore:adder[0]|datab_node[1]   ; |cmplx_cnt|lpm_add_sub:Add0|addcore:adder|addcore:adder[0]|datab_node[1]   ; out0             ;
; |cmplx_cnt|lpm_add_sub:Add0|addcore:adder|addcore:adder[0]|datab_node[0]   ; |cmplx_cnt|lpm_add_sub:Add0|addcore:adder|addcore:adder[0]|datab_node[0]   ; out0             ;
; |cmplx_cnt|lpm_add_sub:Add0|addcore:adder|addcore:adder[0]|ps[0]~0         ; |cmplx_cnt|lpm_add_sub:Add0|addcore:adder|addcore:adder[0]|ps[0]~0         ; out0             ;
; |cmplx_cnt|lpm_add_sub:Add0|addcore:adder|addcore:adder[0]|psi[0]          ; |cmplx_cnt|lpm_add_sub:Add0|addcore:adder|addcore:adder[0]|psi[0]          ; out0             ;
; |cmplx_cnt|lpm_add_sub:Add0|addcore:adder|addcore:adder[0]|gn[1]           ; |cmplx_cnt|lpm_add_sub:Add0|addcore:adder|addcore:adder[0]|gn[1]           ; out0             ;
; |cmplx_cnt|lpm_add_sub:Add0|addcore:adder|addcore:adder[0]|gn[2]           ; |cmplx_cnt|lpm_add_sub:Add0|addcore:adder|addcore:adder[0]|gn[2]           ; out0             ;
; |cmplx_cnt|lpm_add_sub:Add0|addcore:adder|addcore:adder[0]|pc[0]           ; |cmplx_cnt|lpm_add_sub:Add0|addcore:adder|addcore:adder[0]|pc[0]           ; out0             ;
; |cmplx_cnt|lpm_add_sub:Add0|addcore:adder|addcore:adder[0]|pc[1]           ; |cmplx_cnt|lpm_add_sub:Add0|addcore:adder|addcore:adder[0]|pc[1]           ; out0             ;
; |cmplx_cnt|lpm_add_sub:Add0|addcore:adder|addcore:adder[0]|_~2             ; |cmplx_cnt|lpm_add_sub:Add0|addcore:adder|addcore:adder[0]|_~2             ; out0             ;
; |cmplx_cnt|lpm_add_sub:Add0|addcore:adder|addcore:adder[0]|_~3             ; |cmplx_cnt|lpm_add_sub:Add0|addcore:adder|addcore:adder[0]|_~3             ; out0             ;
+----------------------------------------------------------------------------+----------------------------------------------------------------------------+------------------+


+---------------------+
; Simulator INI Usage ;
+--------+------------+
; Option ; Usage      ;
+--------+------------+


+--------------------+
; Simulator Messages ;
+--------------------+
Info: *******************************************************************
Info: Running Quartus II Simulator
    Info: Version 9.1 Build 222 10/21/2009 SJ Web Edition
    Info: Processing started: Tue May 13 09:43:52 2014
Info: Command: quartus_sim --read_settings_files=on --write_settings_files=off cmplx_cnt -c cmplx_cnt
Info: Using vector source file "S:/My Documents/DavidHouston/EE133/EE133_LABS/Lab 6/Complex Counter/cmplx_cnt.vwf"
Info: Option to preserve fewer signal transitions to reduce memory requirements is enabled
    Info: Simulation has been partitioned into sub-simulations according to the maximum transition count determined by the engine. Transitions from memory will be flushed out to disk at the end of each sub-simulation to reduce memory requirements.
Info: Simulation partitioned into 1 sub-simulations
Info: Simulation coverage is      62.83 %
Info: Number of transitions in simulation is 760
Info: Quartus II Simulator was successful. 0 errors, 0 warnings
    Info: Peak virtual memory: 126 megabytes
    Info: Processing ended: Tue May 13 09:43:53 2014
    Info: Elapsed time: 00:00:01
    Info: Total CPU time (on all processors): 00:00:01


