Simulator report for bcdadd
Tue Apr 29 10:28:29 2014
Quartus II Version 9.1 Build 222 10/21/2009 SJ Web Edition


---------------------
; Table of Contents ;
---------------------
  1. Legal Notice
  2. Simulator Summary
  3. Simulator Settings
  4. Simulation Waveforms
  5. Coverage Summary
  6. Complete 1/0-Value Coverage
  7. Missing 1-Value Coverage
  8. Missing 0-Value Coverage
  9. Simulator INI Usage
 10. Simulator Messages



----------------
; Legal Notice ;
----------------
Copyright (C) 1991-2009 Altera Corporation
Your use of Altera Corporation's design tools, logic functions 
and other software and tools, and its AMPP partner logic 
functions, and any output files from any of the foregoing 
(including device programming or simulation files), and any 
associated documentation or information are expressly subject 
to the terms and conditions of the Altera Program License 
Subscription Agreement, Altera MegaCore Function License 
Agreement, or other applicable license agreement, including, 
without limitation, that your use is for the sole purpose of 
programming logic devices manufactured by Altera and sold by 
Altera or its authorized distributors.  Please refer to the 
applicable agreement for further details.



+--------------------------------------------+
; Simulator Summary                          ;
+-----------------------------+--------------+
; Type                        ; Value        ;
+-----------------------------+--------------+
; Simulation Start Time       ; 0 ps         ;
; Simulation End Time         ; 1.0 us       ;
; Simulation Netlist Size     ; 151 nodes    ;
; Simulation Coverage         ;      49.01 % ;
; Total Number of Transitions ; 469          ;
; Simulation Breakpoints      ; 0            ;
; Family                      ; MAX7000S     ;
+-----------------------------+--------------+


+-------------------------------------------------------------------------------------------------------------------------+
; Simulator Settings                                                                                                      ;
+--------------------------------------------------------------------------------------------+------------+---------------+
; Option                                                                                     ; Setting    ; Default Value ;
+--------------------------------------------------------------------------------------------+------------+---------------+
; Simulation mode                                                                            ; Functional ; Timing        ;
; Start time                                                                                 ; 0 ns       ; 0 ns          ;
; Simulation results format                                                                  ; CVWF       ;               ;
; Add pins automatically to simulation output waveforms                                      ; On         ; On            ;
; Check outputs                                                                              ; Off        ; Off           ;
; Report simulation coverage                                                                 ; On         ; On            ;
; Display complete 1/0 value coverage report                                                 ; On         ; On            ;
; Display missing 1-value coverage report                                                    ; On         ; On            ;
; Display missing 0-value coverage report                                                    ; On         ; On            ;
; Detect setup and hold time violations                                                      ; Off        ; Off           ;
; Detect glitches                                                                            ; Off        ; Off           ;
; Disable timing delays in Timing Simulation                                                 ; Off        ; Off           ;
; Generate Signal Activity File                                                              ; Off        ; Off           ;
; Generate VCD File for PowerPlay Power Analyzer                                             ; Off        ; Off           ;
; Group bus channels in simulation results                                                   ; Off        ; Off           ;
; Preserve fewer signal transitions to reduce memory requirements                            ; On         ; On            ;
; Trigger vector comparison with the specified mode                                          ; INPUT_EDGE ; INPUT_EDGE    ;
; Disable setup and hold time violations detection in input registers of bi-directional pins ; Off        ; Off           ;
; Overwrite Waveform Inputs With Simulation Outputs                                          ; Off        ;               ;
; Perform Glitch Filtering in Timing Simulation                                              ; Auto       ; Auto          ;
+--------------------------------------------------------------------------------------------+------------+---------------+


+----------------------+
; Simulation Waveforms ;
+----------------------+
Waveform report data cannot be output to ASCII.
Please use Quartus II to view the waveform report data.


+--------------------------------------------------------------------+
; Coverage Summary                                                   ;
+-----------------------------------------------------+--------------+
; Type                                                ; Value        ;
+-----------------------------------------------------+--------------+
; Total coverage as a percentage                      ;      49.01 % ;
; Total nodes checked                                 ; 151          ;
; Total output ports checked                          ; 151          ;
; Total output ports with complete 1/0-value coverage ; 74           ;
; Total output ports with no 1/0-value coverage       ; 68           ;
; Total output ports with no 1-value coverage         ; 70           ;
; Total output ports with no 0-value coverage         ; 75           ;
+-----------------------------------------------------+--------------+


The following table displays output ports that toggle between 1 and 0 during simulation.
+------------------------------------------------------------------------------------------------------------------------------------------------------------------------------+
; Complete 1/0-Value Coverage                                                                                                                                                  ;
+-----------------------------------------------------------------------------+-----------------------------------------------------------------------------+------------------+
; Node Name                                                                   ; Output Port Name                                                            ; Output Port Type ;
+-----------------------------------------------------------------------------+-----------------------------------------------------------------------------+------------------+
; |bcdadd|concat~4                                                            ; |bcdadd|concat~4                                                            ; out              ;
; |bcdadd|concat~5                                                            ; |bcdadd|concat~5                                                            ; out              ;
; |bcdadd|concat~6                                                            ; |bcdadd|concat~6                                                            ; out              ;
; |bcdadd|a[0]                                                                ; |bcdadd|a[0]                                                                ; out              ;
; |bcdadd|a[1]                                                                ; |bcdadd|a[1]                                                                ; out              ;
; |bcdadd|a[2]                                                                ; |bcdadd|a[2]                                                                ; out              ;
; |bcdadd|b[0]                                                                ; |bcdadd|b[0]                                                                ; out              ;
; |bcdadd|b[1]                                                                ; |bcdadd|b[1]                                                                ; out              ;
; |bcdadd|b[2]                                                                ; |bcdadd|b[2]                                                                ; out              ;
; |bcdadd|Sum[0]                                                              ; |bcdadd|Sum[0]                                                              ; pin_out          ;
; |bcdadd|Sum[1]                                                              ; |bcdadd|Sum[1]                                                              ; pin_out          ;
; |bcdadd|Sum[2]                                                              ; |bcdadd|Sum[2]                                                              ; pin_out          ;
; |bcdadd|Sum[3]                                                              ; |bcdadd|Sum[3]                                                              ; pin_out          ;
; |bcdadd|LessThan0~0                                                         ; |bcdadd|LessThan0~0                                                         ; out0             ;
; |bcdadd|LessThan0~1                                                         ; |bcdadd|LessThan0~1                                                         ; out0             ;
; |bcdadd|LessThan0~2                                                         ; |bcdadd|LessThan0~2                                                         ; out0             ;
; |bcdadd|LessThan0~3                                                         ; |bcdadd|LessThan0~3                                                         ; out0             ;
; |bcdadd|lpm_add_sub:Add1|addcore:adder|addcore:adder[0]|gn[0]               ; |bcdadd|lpm_add_sub:Add1|addcore:adder|addcore:adder[0]|gn[0]               ; out0             ;
; |bcdadd|lpm_add_sub:Add1|addcore:adder|addcore:adder[0]|gn[1]               ; |bcdadd|lpm_add_sub:Add1|addcore:adder|addcore:adder[0]|gn[1]               ; out0             ;
; |bcdadd|lpm_add_sub:Add1|addcore:adder|addcore:adder[0]|ps[2]~2             ; |bcdadd|lpm_add_sub:Add1|addcore:adder|addcore:adder[0]|ps[2]~2             ; out0             ;
; |bcdadd|lpm_add_sub:Add1|addcore:adder|addcore:adder[0]|psi[2]              ; |bcdadd|lpm_add_sub:Add1|addcore:adder|addcore:adder[0]|psi[2]              ; out0             ;
; |bcdadd|lpm_add_sub:Add1|addcore:adder|addcore:adder[0]|ps[3]~3             ; |bcdadd|lpm_add_sub:Add1|addcore:adder|addcore:adder[0]|ps[3]~3             ; out0             ;
; |bcdadd|lpm_add_sub:Add1|addcore:adder|addcore:adder[0]|psi[3]              ; |bcdadd|lpm_add_sub:Add1|addcore:adder|addcore:adder[0]|psi[3]              ; out0             ;
; |bcdadd|lpm_add_sub:Add1|addcore:adder|addcore:adder[0]|g3                  ; |bcdadd|lpm_add_sub:Add1|addcore:adder|addcore:adder[0]|g3                  ; out0             ;
; |bcdadd|lpm_add_sub:Add1|addcore:adder|addcore:adder[0]|gc[0]               ; |bcdadd|lpm_add_sub:Add1|addcore:adder|addcore:adder[0]|gc[0]               ; out0             ;
; |bcdadd|lpm_add_sub:Add1|addcore:adder|addcore:adder[0]|gc[1]~0             ; |bcdadd|lpm_add_sub:Add1|addcore:adder|addcore:adder[0]|gc[1]~0             ; out0             ;
; |bcdadd|lpm_add_sub:Add1|addcore:adder|addcore:adder[0]|gc[1]               ; |bcdadd|lpm_add_sub:Add1|addcore:adder|addcore:adder[0]|gc[1]               ; out0             ;
; |bcdadd|lpm_add_sub:Add1|addcore:adder|addcore:adder[0]|gc[2]~1             ; |bcdadd|lpm_add_sub:Add1|addcore:adder|addcore:adder[0]|gc[2]~1             ; out0             ;
; |bcdadd|lpm_add_sub:Add1|addcore:adder|addcore:adder[0]|gc[2]               ; |bcdadd|lpm_add_sub:Add1|addcore:adder|addcore:adder[0]|gc[2]               ; out0             ;
; |bcdadd|lpm_add_sub:Add1|addcore:adder|addcore:adder[0]|tot_cin_node[0]     ; |bcdadd|lpm_add_sub:Add1|addcore:adder|addcore:adder[0]|tot_cin_node[0]     ; out0             ;
; |bcdadd|lpm_add_sub:Add1|addcore:adder|addcore:adder[0]|tot_cin_node[1]     ; |bcdadd|lpm_add_sub:Add1|addcore:adder|addcore:adder[0]|tot_cin_node[1]     ; out0             ;
; |bcdadd|lpm_add_sub:Add1|addcore:adder|addcore:adder[0]|tot_cin_node[2]     ; |bcdadd|lpm_add_sub:Add1|addcore:adder|addcore:adder[0]|tot_cin_node[2]     ; out0             ;
; |bcdadd|lpm_add_sub:Add1|addcore:adder|addcore:adder[0]|_~1                 ; |bcdadd|lpm_add_sub:Add1|addcore:adder|addcore:adder[0]|_~1                 ; out0             ;
; |bcdadd|lpm_add_sub:Add1|addcore:adder|addcore:adder[0]|unreg_result[0]~0   ; |bcdadd|lpm_add_sub:Add1|addcore:adder|addcore:adder[0]|unreg_result[0]~0   ; out0             ;
; |bcdadd|lpm_add_sub:Add1|addcore:adder|addcore:adder[0]|_~2                 ; |bcdadd|lpm_add_sub:Add1|addcore:adder|addcore:adder[0]|_~2                 ; out0             ;
; |bcdadd|lpm_add_sub:Add1|addcore:adder|addcore:adder[0]|unreg_res_node[1]~0 ; |bcdadd|lpm_add_sub:Add1|addcore:adder|addcore:adder[0]|unreg_res_node[1]~0 ; out0             ;
; |bcdadd|lpm_add_sub:Add1|addcore:adder|addcore:adder[0]|unreg_res_node[1]   ; |bcdadd|lpm_add_sub:Add1|addcore:adder|addcore:adder[0]|unreg_res_node[1]   ; out0             ;
; |bcdadd|lpm_add_sub:Add1|addcore:adder|addcore:adder[0]|unreg_res_node[2]~1 ; |bcdadd|lpm_add_sub:Add1|addcore:adder|addcore:adder[0]|unreg_res_node[2]~1 ; out0             ;
; |bcdadd|lpm_add_sub:Add1|addcore:adder|addcore:adder[0]|unreg_res_node[2]   ; |bcdadd|lpm_add_sub:Add1|addcore:adder|addcore:adder[0]|unreg_res_node[2]   ; out0             ;
; |bcdadd|lpm_add_sub:Add1|addcore:adder|addcore:adder[0]|unreg_res_node[3]   ; |bcdadd|lpm_add_sub:Add1|addcore:adder|addcore:adder[0]|unreg_res_node[3]   ; out0             ;
; |bcdadd|lpm_add_sub:Add0|addcore:adder|addcore:adder[0]|datab_node[2]       ; |bcdadd|lpm_add_sub:Add0|addcore:adder|addcore:adder[0]|datab_node[2]       ; out0             ;
; |bcdadd|lpm_add_sub:Add0|addcore:adder|addcore:adder[0]|datab_node[1]       ; |bcdadd|lpm_add_sub:Add0|addcore:adder|addcore:adder[0]|datab_node[1]       ; out0             ;
; |bcdadd|lpm_add_sub:Add0|addcore:adder|addcore:adder[0]|datab_node[0]       ; |bcdadd|lpm_add_sub:Add0|addcore:adder|addcore:adder[0]|datab_node[0]       ; out0             ;
; |bcdadd|lpm_add_sub:Add0|addcore:adder|addcore:adder[0]|ps[0]~0             ; |bcdadd|lpm_add_sub:Add0|addcore:adder|addcore:adder[0]|ps[0]~0             ; out0             ;
; |bcdadd|lpm_add_sub:Add0|addcore:adder|addcore:adder[0]|psi[0]              ; |bcdadd|lpm_add_sub:Add0|addcore:adder|addcore:adder[0]|psi[0]              ; out0             ;
; |bcdadd|lpm_add_sub:Add0|addcore:adder|addcore:adder[0]|gn[0]               ; |bcdadd|lpm_add_sub:Add0|addcore:adder|addcore:adder[0]|gn[0]               ; out0             ;
; |bcdadd|lpm_add_sub:Add0|addcore:adder|addcore:adder[0]|ps[1]~1             ; |bcdadd|lpm_add_sub:Add0|addcore:adder|addcore:adder[0]|ps[1]~1             ; out0             ;
; |bcdadd|lpm_add_sub:Add0|addcore:adder|addcore:adder[0]|psi[1]              ; |bcdadd|lpm_add_sub:Add0|addcore:adder|addcore:adder[0]|psi[1]              ; out0             ;
; |bcdadd|lpm_add_sub:Add0|addcore:adder|addcore:adder[0]|gn[1]               ; |bcdadd|lpm_add_sub:Add0|addcore:adder|addcore:adder[0]|gn[1]               ; out0             ;
; |bcdadd|lpm_add_sub:Add0|addcore:adder|addcore:adder[0]|ps[2]~2             ; |bcdadd|lpm_add_sub:Add0|addcore:adder|addcore:adder[0]|ps[2]~2             ; out0             ;
; |bcdadd|lpm_add_sub:Add0|addcore:adder|addcore:adder[0]|psi[2]              ; |bcdadd|lpm_add_sub:Add0|addcore:adder|addcore:adder[0]|psi[2]              ; out0             ;
; |bcdadd|lpm_add_sub:Add0|addcore:adder|addcore:adder[0]|gn[2]               ; |bcdadd|lpm_add_sub:Add0|addcore:adder|addcore:adder[0]|gn[2]               ; out0             ;
; |bcdadd|lpm_add_sub:Add0|addcore:adder|addcore:adder[0]|g3                  ; |bcdadd|lpm_add_sub:Add0|addcore:adder|addcore:adder[0]|g3                  ; out0             ;
; |bcdadd|lpm_add_sub:Add0|addcore:adder|addcore:adder[0]|_~0                 ; |bcdadd|lpm_add_sub:Add0|addcore:adder|addcore:adder[0]|_~0                 ; out0             ;
; |bcdadd|lpm_add_sub:Add0|addcore:adder|addcore:adder[0]|g4~0                ; |bcdadd|lpm_add_sub:Add0|addcore:adder|addcore:adder[0]|g4~0                ; out0             ;
; |bcdadd|lpm_add_sub:Add0|addcore:adder|addcore:adder[0]|gc[0]               ; |bcdadd|lpm_add_sub:Add0|addcore:adder|addcore:adder[0]|gc[0]               ; out0             ;
; |bcdadd|lpm_add_sub:Add0|addcore:adder|addcore:adder[0]|gc[1]~0             ; |bcdadd|lpm_add_sub:Add0|addcore:adder|addcore:adder[0]|gc[1]~0             ; out0             ;
; |bcdadd|lpm_add_sub:Add0|addcore:adder|addcore:adder[0]|gc[1]               ; |bcdadd|lpm_add_sub:Add0|addcore:adder|addcore:adder[0]|gc[1]               ; out0             ;
; |bcdadd|lpm_add_sub:Add0|addcore:adder|addcore:adder[0]|gc[2]~1             ; |bcdadd|lpm_add_sub:Add0|addcore:adder|addcore:adder[0]|gc[2]~1             ; out0             ;
; |bcdadd|lpm_add_sub:Add0|addcore:adder|addcore:adder[0]|gc[2]               ; |bcdadd|lpm_add_sub:Add0|addcore:adder|addcore:adder[0]|gc[2]               ; out0             ;
; |bcdadd|lpm_add_sub:Add0|addcore:adder|addcore:adder[0]|tot_cin_node[0]     ; |bcdadd|lpm_add_sub:Add0|addcore:adder|addcore:adder[0]|tot_cin_node[0]     ; out0             ;
; |bcdadd|lpm_add_sub:Add0|addcore:adder|addcore:adder[0]|tot_cin_node[1]     ; |bcdadd|lpm_add_sub:Add0|addcore:adder|addcore:adder[0]|tot_cin_node[1]     ; out0             ;
; |bcdadd|lpm_add_sub:Add0|addcore:adder|addcore:adder[0]|tot_cin_node[2]     ; |bcdadd|lpm_add_sub:Add0|addcore:adder|addcore:adder[0]|tot_cin_node[2]     ; out0             ;
; |bcdadd|lpm_add_sub:Add0|addcore:adder|addcore:adder[0]|tot_cin_node[3]     ; |bcdadd|lpm_add_sub:Add0|addcore:adder|addcore:adder[0]|tot_cin_node[3]     ; out0             ;
; |bcdadd|lpm_add_sub:Add0|addcore:adder|addcore:adder[0]|_~1                 ; |bcdadd|lpm_add_sub:Add0|addcore:adder|addcore:adder[0]|_~1                 ; out0             ;
; |bcdadd|lpm_add_sub:Add0|addcore:adder|addcore:adder[0]|unreg_result[0]~0   ; |bcdadd|lpm_add_sub:Add0|addcore:adder|addcore:adder[0]|unreg_result[0]~0   ; out0             ;
; |bcdadd|lpm_add_sub:Add0|addcore:adder|addcore:adder[0]|_~2                 ; |bcdadd|lpm_add_sub:Add0|addcore:adder|addcore:adder[0]|_~2                 ; out0             ;
; |bcdadd|lpm_add_sub:Add0|addcore:adder|addcore:adder[0]|unreg_res_node[1]~0 ; |bcdadd|lpm_add_sub:Add0|addcore:adder|addcore:adder[0]|unreg_res_node[1]~0 ; out0             ;
; |bcdadd|lpm_add_sub:Add0|addcore:adder|addcore:adder[0]|unreg_res_node[1]   ; |bcdadd|lpm_add_sub:Add0|addcore:adder|addcore:adder[0]|unreg_res_node[1]   ; out0             ;
; |bcdadd|lpm_add_sub:Add0|addcore:adder|addcore:adder[0]|_~3                 ; |bcdadd|lpm_add_sub:Add0|addcore:adder|addcore:adder[0]|_~3                 ; out0             ;
; |bcdadd|lpm_add_sub:Add0|addcore:adder|addcore:adder[0]|unreg_res_node[2]~1 ; |bcdadd|lpm_add_sub:Add0|addcore:adder|addcore:adder[0]|unreg_res_node[2]~1 ; out0             ;
; |bcdadd|lpm_add_sub:Add0|addcore:adder|addcore:adder[0]|unreg_res_node[2]   ; |bcdadd|lpm_add_sub:Add0|addcore:adder|addcore:adder[0]|unreg_res_node[2]   ; out0             ;
; |bcdadd|lpm_add_sub:Add0|addcore:adder|addcore:adder[0]|unreg_res_node[3]   ; |bcdadd|lpm_add_sub:Add0|addcore:adder|addcore:adder[0]|unreg_res_node[3]   ; out0             ;
; |bcdadd|lpm_add_sub:Add0|addcore:adder|addcore:adder[0]|unreg_res_node[4]   ; |bcdadd|lpm_add_sub:Add0|addcore:adder|addcore:adder[0]|unreg_res_node[4]   ; out0             ;
+-----------------------------------------------------------------------------+-----------------------------------------------------------------------------+------------------+


The following table displays output ports that do not toggle to 1 during simulation.
+------------------------------------------------------------------------------------------------------------------------------------------------------------------------------+
; Missing 1-Value Coverage                                                                                                                                                     ;
+-----------------------------------------------------------------------------+-----------------------------------------------------------------------------+------------------+
; Node Name                                                                   ; Output Port Name                                                            ; Output Port Type ;
+-----------------------------------------------------------------------------+-----------------------------------------------------------------------------+------------------+
; |bcdadd|concat~0                                                            ; |bcdadd|concat~0                                                            ; out              ;
; |bcdadd|concat~1                                                            ; |bcdadd|concat~1                                                            ; out              ;
; |bcdadd|concat~2                                                            ; |bcdadd|concat~2                                                            ; out              ;
; |bcdadd|Cout[1]                                                             ; |bcdadd|Cout[1]                                                             ; pin_out          ;
; |bcdadd|Cout[2]                                                             ; |bcdadd|Cout[2]                                                             ; pin_out          ;
; |bcdadd|Cout[3]                                                             ; |bcdadd|Cout[3]                                                             ; pin_out          ;
; |bcdadd|lpm_add_sub:Add1|addcore:adder|addcore:adder[0]|datab_node[7]~0     ; |bcdadd|lpm_add_sub:Add1|addcore:adder|addcore:adder[0]|datab_node[7]~0     ; out0             ;
; |bcdadd|lpm_add_sub:Add1|addcore:adder|addcore:adder[0]|datab_node[6]       ; |bcdadd|lpm_add_sub:Add1|addcore:adder|addcore:adder[0]|datab_node[6]       ; out0             ;
; |bcdadd|lpm_add_sub:Add1|addcore:adder|addcore:adder[0]|datab_node[5]       ; |bcdadd|lpm_add_sub:Add1|addcore:adder|addcore:adder[0]|datab_node[5]       ; out0             ;
; |bcdadd|lpm_add_sub:Add1|addcore:adder|addcore:adder[0]|datab_node[4]       ; |bcdadd|lpm_add_sub:Add1|addcore:adder|addcore:adder[0]|datab_node[4]       ; out0             ;
; |bcdadd|lpm_add_sub:Add1|addcore:adder|addcore:adder[0]|datab_node[3]       ; |bcdadd|lpm_add_sub:Add1|addcore:adder|addcore:adder[0]|datab_node[3]       ; out0             ;
; |bcdadd|lpm_add_sub:Add1|addcore:adder|addcore:adder[0]|datab_node[2]       ; |bcdadd|lpm_add_sub:Add1|addcore:adder|addcore:adder[0]|datab_node[2]       ; out0             ;
; |bcdadd|lpm_add_sub:Add1|addcore:adder|addcore:adder[0]|datab_node[1]       ; |bcdadd|lpm_add_sub:Add1|addcore:adder|addcore:adder[0]|datab_node[1]       ; out0             ;
; |bcdadd|lpm_add_sub:Add1|addcore:adder|addcore:adder[0]|datab_node[0]       ; |bcdadd|lpm_add_sub:Add1|addcore:adder|addcore:adder[0]|datab_node[0]       ; out0             ;
; |bcdadd|lpm_add_sub:Add1|addcore:adder|addcore:adder[0]|ps[0]~0             ; |bcdadd|lpm_add_sub:Add1|addcore:adder|addcore:adder[0]|ps[0]~0             ; out0             ;
; |bcdadd|lpm_add_sub:Add1|addcore:adder|addcore:adder[0]|psi[0]              ; |bcdadd|lpm_add_sub:Add1|addcore:adder|addcore:adder[0]|psi[0]              ; out0             ;
; |bcdadd|lpm_add_sub:Add1|addcore:adder|addcore:adder[0]|ps[1]~1             ; |bcdadd|lpm_add_sub:Add1|addcore:adder|addcore:adder[0]|ps[1]~1             ; out0             ;
; |bcdadd|lpm_add_sub:Add1|addcore:adder|addcore:adder[0]|psi[1]              ; |bcdadd|lpm_add_sub:Add1|addcore:adder|addcore:adder[0]|psi[1]              ; out0             ;
; |bcdadd|lpm_add_sub:Add1|addcore:adder|addcore:adder[0]|gn[2]               ; |bcdadd|lpm_add_sub:Add1|addcore:adder|addcore:adder[0]|gn[2]               ; out0             ;
; |bcdadd|lpm_add_sub:Add1|addcore:adder|addcore:adder[0]|gn[3]               ; |bcdadd|lpm_add_sub:Add1|addcore:adder|addcore:adder[0]|gn[3]               ; out0             ;
; |bcdadd|lpm_add_sub:Add1|addcore:adder|addcore:adder[0]|ps[4]~4             ; |bcdadd|lpm_add_sub:Add1|addcore:adder|addcore:adder[0]|ps[4]~4             ; out0             ;
; |bcdadd|lpm_add_sub:Add1|addcore:adder|addcore:adder[0]|psi[4]              ; |bcdadd|lpm_add_sub:Add1|addcore:adder|addcore:adder[0]|psi[4]              ; out0             ;
; |bcdadd|lpm_add_sub:Add1|addcore:adder|addcore:adder[0]|gn[4]               ; |bcdadd|lpm_add_sub:Add1|addcore:adder|addcore:adder[0]|gn[4]               ; out0             ;
; |bcdadd|lpm_add_sub:Add1|addcore:adder|addcore:adder[0]|ps[5]~5             ; |bcdadd|lpm_add_sub:Add1|addcore:adder|addcore:adder[0]|ps[5]~5             ; out0             ;
; |bcdadd|lpm_add_sub:Add1|addcore:adder|addcore:adder[0]|psi[5]              ; |bcdadd|lpm_add_sub:Add1|addcore:adder|addcore:adder[0]|psi[5]              ; out0             ;
; |bcdadd|lpm_add_sub:Add1|addcore:adder|addcore:adder[0]|gn[5]               ; |bcdadd|lpm_add_sub:Add1|addcore:adder|addcore:adder[0]|gn[5]               ; out0             ;
; |bcdadd|lpm_add_sub:Add1|addcore:adder|addcore:adder[0]|ps[6]~6             ; |bcdadd|lpm_add_sub:Add1|addcore:adder|addcore:adder[0]|ps[6]~6             ; out0             ;
; |bcdadd|lpm_add_sub:Add1|addcore:adder|addcore:adder[0]|psi[6]              ; |bcdadd|lpm_add_sub:Add1|addcore:adder|addcore:adder[0]|psi[6]              ; out0             ;
; |bcdadd|lpm_add_sub:Add1|addcore:adder|addcore:adder[0]|gn[6]               ; |bcdadd|lpm_add_sub:Add1|addcore:adder|addcore:adder[0]|gn[6]               ; out0             ;
; |bcdadd|lpm_add_sub:Add1|addcore:adder|addcore:adder[0]|pc[0]               ; |bcdadd|lpm_add_sub:Add1|addcore:adder|addcore:adder[0]|pc[0]               ; out0             ;
; |bcdadd|lpm_add_sub:Add1|addcore:adder|addcore:adder[0]|pc[1]               ; |bcdadd|lpm_add_sub:Add1|addcore:adder|addcore:adder[0]|pc[1]               ; out0             ;
; |bcdadd|lpm_add_sub:Add1|addcore:adder|addcore:adder[0]|pc[2]               ; |bcdadd|lpm_add_sub:Add1|addcore:adder|addcore:adder[0]|pc[2]               ; out0             ;
; |bcdadd|lpm_add_sub:Add1|addcore:adder|addcore:adder[0]|pc[3]               ; |bcdadd|lpm_add_sub:Add1|addcore:adder|addcore:adder[0]|pc[3]               ; out0             ;
; |bcdadd|lpm_add_sub:Add1|addcore:adder|addcore:adder[0]|pc[4]               ; |bcdadd|lpm_add_sub:Add1|addcore:adder|addcore:adder[0]|pc[4]               ; out0             ;
; |bcdadd|lpm_add_sub:Add1|addcore:adder|addcore:adder[0]|pc[5]               ; |bcdadd|lpm_add_sub:Add1|addcore:adder|addcore:adder[0]|pc[5]               ; out0             ;
; |bcdadd|lpm_add_sub:Add1|addcore:adder|addcore:adder[0]|g3~0                ; |bcdadd|lpm_add_sub:Add1|addcore:adder|addcore:adder[0]|g3~0                ; out0             ;
; |bcdadd|lpm_add_sub:Add1|addcore:adder|addcore:adder[0]|_~0                 ; |bcdadd|lpm_add_sub:Add1|addcore:adder|addcore:adder[0]|_~0                 ; out0             ;
; |bcdadd|lpm_add_sub:Add1|addcore:adder|addcore:adder[0]|g4~0                ; |bcdadd|lpm_add_sub:Add1|addcore:adder|addcore:adder[0]|g4~0                ; out0             ;
; |bcdadd|lpm_add_sub:Add1|addcore:adder|addcore:adder[0]|p2c[0]              ; |bcdadd|lpm_add_sub:Add1|addcore:adder|addcore:adder[0]|p2c[0]              ; out0             ;
; |bcdadd|lpm_add_sub:Add1|addcore:adder|addcore:adder[0]|p2c[1]              ; |bcdadd|lpm_add_sub:Add1|addcore:adder|addcore:adder[0]|p2c[1]              ; out0             ;
; |bcdadd|lpm_add_sub:Add1|addcore:adder|addcore:adder[0]|g2c[1]~0            ; |bcdadd|lpm_add_sub:Add1|addcore:adder|addcore:adder[0]|g2c[1]~0            ; out0             ;
; |bcdadd|lpm_add_sub:Add1|addcore:adder|addcore:adder[0]|g2c[1]              ; |bcdadd|lpm_add_sub:Add1|addcore:adder|addcore:adder[0]|g2c[1]              ; out0             ;
; |bcdadd|lpm_add_sub:Add1|addcore:adder|addcore:adder[0]|tot_cin_node[3]     ; |bcdadd|lpm_add_sub:Add1|addcore:adder|addcore:adder[0]|tot_cin_node[3]     ; out0             ;
; |bcdadd|lpm_add_sub:Add1|addcore:adder|addcore:adder[0]|tot_cin_node[4]~0   ; |bcdadd|lpm_add_sub:Add1|addcore:adder|addcore:adder[0]|tot_cin_node[4]~0   ; out0             ;
; |bcdadd|lpm_add_sub:Add1|addcore:adder|addcore:adder[0]|tot_cin_node[4]     ; |bcdadd|lpm_add_sub:Add1|addcore:adder|addcore:adder[0]|tot_cin_node[4]     ; out0             ;
; |bcdadd|lpm_add_sub:Add1|addcore:adder|addcore:adder[0]|tot_cin_node[5]~1   ; |bcdadd|lpm_add_sub:Add1|addcore:adder|addcore:adder[0]|tot_cin_node[5]~1   ; out0             ;
; |bcdadd|lpm_add_sub:Add1|addcore:adder|addcore:adder[0]|tot_cin_node[5]     ; |bcdadd|lpm_add_sub:Add1|addcore:adder|addcore:adder[0]|tot_cin_node[5]     ; out0             ;
; |bcdadd|lpm_add_sub:Add1|addcore:adder|addcore:adder[0]|_~3                 ; |bcdadd|lpm_add_sub:Add1|addcore:adder|addcore:adder[0]|_~3                 ; out0             ;
; |bcdadd|lpm_add_sub:Add1|addcore:adder|addcore:adder[0]|_~4                 ; |bcdadd|lpm_add_sub:Add1|addcore:adder|addcore:adder[0]|_~4                 ; out0             ;
; |bcdadd|lpm_add_sub:Add1|addcore:adder|addcore:adder[0]|unreg_res_node[4]~2 ; |bcdadd|lpm_add_sub:Add1|addcore:adder|addcore:adder[0]|unreg_res_node[4]~2 ; out0             ;
; |bcdadd|lpm_add_sub:Add1|addcore:adder|addcore:adder[0]|unreg_res_node[4]   ; |bcdadd|lpm_add_sub:Add1|addcore:adder|addcore:adder[0]|unreg_res_node[4]   ; out0             ;
; |bcdadd|lpm_add_sub:Add1|addcore:adder|addcore:adder[0]|_~5                 ; |bcdadd|lpm_add_sub:Add1|addcore:adder|addcore:adder[0]|_~5                 ; out0             ;
; |bcdadd|lpm_add_sub:Add1|addcore:adder|addcore:adder[0]|unreg_res_node[5]~3 ; |bcdadd|lpm_add_sub:Add1|addcore:adder|addcore:adder[0]|unreg_res_node[5]~3 ; out0             ;
; |bcdadd|lpm_add_sub:Add1|addcore:adder|addcore:adder[0]|unreg_res_node[5]   ; |bcdadd|lpm_add_sub:Add1|addcore:adder|addcore:adder[0]|unreg_res_node[5]   ; out0             ;
; |bcdadd|lpm_add_sub:Add1|addcore:adder|addcore:adder[0]|_~6                 ; |bcdadd|lpm_add_sub:Add1|addcore:adder|addcore:adder[0]|_~6                 ; out0             ;
; |bcdadd|lpm_add_sub:Add1|addcore:adder|addcore:adder[0]|unreg_res_node[6]~4 ; |bcdadd|lpm_add_sub:Add1|addcore:adder|addcore:adder[0]|unreg_res_node[6]~4 ; out0             ;
; |bcdadd|lpm_add_sub:Add1|addcore:adder|addcore:adder[0]|unreg_res_node[6]   ; |bcdadd|lpm_add_sub:Add1|addcore:adder|addcore:adder[0]|unreg_res_node[6]   ; out0             ;
; |bcdadd|lpm_add_sub:Add0|addcore:adder|addcore:adder[0]|datab_node[7]~0     ; |bcdadd|lpm_add_sub:Add0|addcore:adder|addcore:adder[0]|datab_node[7]~0     ; out0             ;
; |bcdadd|lpm_add_sub:Add0|addcore:adder|addcore:adder[0]|datab_node[4]       ; |bcdadd|lpm_add_sub:Add0|addcore:adder|addcore:adder[0]|datab_node[4]       ; out0             ;
; |bcdadd|lpm_add_sub:Add0|addcore:adder|addcore:adder[0]|ps[3]~3             ; |bcdadd|lpm_add_sub:Add0|addcore:adder|addcore:adder[0]|ps[3]~3             ; out0             ;
; |bcdadd|lpm_add_sub:Add0|addcore:adder|addcore:adder[0]|ps[4]~4             ; |bcdadd|lpm_add_sub:Add0|addcore:adder|addcore:adder[0]|ps[4]~4             ; out0             ;
; |bcdadd|lpm_add_sub:Add0|addcore:adder|addcore:adder[0]|psi[4]              ; |bcdadd|lpm_add_sub:Add0|addcore:adder|addcore:adder[0]|psi[4]              ; out0             ;
; |bcdadd|lpm_add_sub:Add0|addcore:adder|addcore:adder[0]|gn[4]               ; |bcdadd|lpm_add_sub:Add0|addcore:adder|addcore:adder[0]|gn[4]               ; out0             ;
; |bcdadd|lpm_add_sub:Add0|addcore:adder|addcore:adder[0]|pc[0]               ; |bcdadd|lpm_add_sub:Add0|addcore:adder|addcore:adder[0]|pc[0]               ; out0             ;
; |bcdadd|lpm_add_sub:Add0|addcore:adder|addcore:adder[0]|pc[1]               ; |bcdadd|lpm_add_sub:Add0|addcore:adder|addcore:adder[0]|pc[1]               ; out0             ;
; |bcdadd|lpm_add_sub:Add0|addcore:adder|addcore:adder[0]|pc[2]               ; |bcdadd|lpm_add_sub:Add0|addcore:adder|addcore:adder[0]|pc[2]               ; out0             ;
; |bcdadd|lpm_add_sub:Add0|addcore:adder|addcore:adder[0]|pc[3]               ; |bcdadd|lpm_add_sub:Add0|addcore:adder|addcore:adder[0]|pc[3]               ; out0             ;
; |bcdadd|lpm_add_sub:Add0|addcore:adder|addcore:adder[0]|g3~0                ; |bcdadd|lpm_add_sub:Add0|addcore:adder|addcore:adder[0]|g3~0                ; out0             ;
; |bcdadd|lpm_add_sub:Add0|addcore:adder|addcore:adder[0]|_~4                 ; |bcdadd|lpm_add_sub:Add0|addcore:adder|addcore:adder[0]|_~4                 ; out0             ;
; |bcdadd|lpm_add_sub:Add0|addcore:adder|addcore:adder[0]|unreg_res_node[4]~2 ; |bcdadd|lpm_add_sub:Add0|addcore:adder|addcore:adder[0]|unreg_res_node[4]~2 ; out0             ;
+-----------------------------------------------------------------------------+-----------------------------------------------------------------------------+------------------+


The following table displays output ports that do not toggle to 0 during simulation.
+------------------------------------------------------------------------------------------------------------------------------------------------------------------------------+
; Missing 0-Value Coverage                                                                                                                                                     ;
+-----------------------------------------------------------------------------+-----------------------------------------------------------------------------+------------------+
; Node Name                                                                   ; Output Port Name                                                            ; Output Port Type ;
+-----------------------------------------------------------------------------+-----------------------------------------------------------------------------+------------------+
; |bcdadd|concat~0                                                            ; |bcdadd|concat~0                                                            ; out              ;
; |bcdadd|concat~1                                                            ; |bcdadd|concat~1                                                            ; out              ;
; |bcdadd|concat~2                                                            ; |bcdadd|concat~2                                                            ; out              ;
; |bcdadd|concat~3                                                            ; |bcdadd|concat~3                                                            ; out              ;
; |bcdadd|a[3]                                                                ; |bcdadd|a[3]                                                                ; out              ;
; |bcdadd|b[3]                                                                ; |bcdadd|b[3]                                                                ; out              ;
; |bcdadd|Cout[0]                                                             ; |bcdadd|Cout[0]                                                             ; pin_out          ;
; |bcdadd|Cout[1]                                                             ; |bcdadd|Cout[1]                                                             ; pin_out          ;
; |bcdadd|Cout[2]                                                             ; |bcdadd|Cout[2]                                                             ; pin_out          ;
; |bcdadd|Cout[3]                                                             ; |bcdadd|Cout[3]                                                             ; pin_out          ;
; |bcdadd|lpm_add_sub:Add1|addcore:adder|addcore:adder[0]|datab_node[7]~0     ; |bcdadd|lpm_add_sub:Add1|addcore:adder|addcore:adder[0]|datab_node[7]~0     ; out0             ;
; |bcdadd|lpm_add_sub:Add1|addcore:adder|addcore:adder[0]|datab_node[6]       ; |bcdadd|lpm_add_sub:Add1|addcore:adder|addcore:adder[0]|datab_node[6]       ; out0             ;
; |bcdadd|lpm_add_sub:Add1|addcore:adder|addcore:adder[0]|datab_node[5]       ; |bcdadd|lpm_add_sub:Add1|addcore:adder|addcore:adder[0]|datab_node[5]       ; out0             ;
; |bcdadd|lpm_add_sub:Add1|addcore:adder|addcore:adder[0]|datab_node[4]       ; |bcdadd|lpm_add_sub:Add1|addcore:adder|addcore:adder[0]|datab_node[4]       ; out0             ;
; |bcdadd|lpm_add_sub:Add1|addcore:adder|addcore:adder[0]|datab_node[3]       ; |bcdadd|lpm_add_sub:Add1|addcore:adder|addcore:adder[0]|datab_node[3]       ; out0             ;
; |bcdadd|lpm_add_sub:Add1|addcore:adder|addcore:adder[0]|datab_node[2]       ; |bcdadd|lpm_add_sub:Add1|addcore:adder|addcore:adder[0]|datab_node[2]       ; out0             ;
; |bcdadd|lpm_add_sub:Add1|addcore:adder|addcore:adder[0]|datab_node[1]       ; |bcdadd|lpm_add_sub:Add1|addcore:adder|addcore:adder[0]|datab_node[1]       ; out0             ;
; |bcdadd|lpm_add_sub:Add1|addcore:adder|addcore:adder[0]|datab_node[0]       ; |bcdadd|lpm_add_sub:Add1|addcore:adder|addcore:adder[0]|datab_node[0]       ; out0             ;
; |bcdadd|lpm_add_sub:Add1|addcore:adder|addcore:adder[0]|ps[0]~0             ; |bcdadd|lpm_add_sub:Add1|addcore:adder|addcore:adder[0]|ps[0]~0             ; out0             ;
; |bcdadd|lpm_add_sub:Add1|addcore:adder|addcore:adder[0]|psi[0]              ; |bcdadd|lpm_add_sub:Add1|addcore:adder|addcore:adder[0]|psi[0]              ; out0             ;
; |bcdadd|lpm_add_sub:Add1|addcore:adder|addcore:adder[0]|ps[1]~1             ; |bcdadd|lpm_add_sub:Add1|addcore:adder|addcore:adder[0]|ps[1]~1             ; out0             ;
; |bcdadd|lpm_add_sub:Add1|addcore:adder|addcore:adder[0]|psi[1]              ; |bcdadd|lpm_add_sub:Add1|addcore:adder|addcore:adder[0]|psi[1]              ; out0             ;
; |bcdadd|lpm_add_sub:Add1|addcore:adder|addcore:adder[0]|gn[2]               ; |bcdadd|lpm_add_sub:Add1|addcore:adder|addcore:adder[0]|gn[2]               ; out0             ;
; |bcdadd|lpm_add_sub:Add1|addcore:adder|addcore:adder[0]|gn[3]               ; |bcdadd|lpm_add_sub:Add1|addcore:adder|addcore:adder[0]|gn[3]               ; out0             ;
; |bcdadd|lpm_add_sub:Add1|addcore:adder|addcore:adder[0]|ps[4]~4             ; |bcdadd|lpm_add_sub:Add1|addcore:adder|addcore:adder[0]|ps[4]~4             ; out0             ;
; |bcdadd|lpm_add_sub:Add1|addcore:adder|addcore:adder[0]|psi[4]              ; |bcdadd|lpm_add_sub:Add1|addcore:adder|addcore:adder[0]|psi[4]              ; out0             ;
; |bcdadd|lpm_add_sub:Add1|addcore:adder|addcore:adder[0]|gn[4]               ; |bcdadd|lpm_add_sub:Add1|addcore:adder|addcore:adder[0]|gn[4]               ; out0             ;
; |bcdadd|lpm_add_sub:Add1|addcore:adder|addcore:adder[0]|ps[5]~5             ; |bcdadd|lpm_add_sub:Add1|addcore:adder|addcore:adder[0]|ps[5]~5             ; out0             ;
; |bcdadd|lpm_add_sub:Add1|addcore:adder|addcore:adder[0]|psi[5]              ; |bcdadd|lpm_add_sub:Add1|addcore:adder|addcore:adder[0]|psi[5]              ; out0             ;
; |bcdadd|lpm_add_sub:Add1|addcore:adder|addcore:adder[0]|gn[5]               ; |bcdadd|lpm_add_sub:Add1|addcore:adder|addcore:adder[0]|gn[5]               ; out0             ;
; |bcdadd|lpm_add_sub:Add1|addcore:adder|addcore:adder[0]|ps[6]~6             ; |bcdadd|lpm_add_sub:Add1|addcore:adder|addcore:adder[0]|ps[6]~6             ; out0             ;
; |bcdadd|lpm_add_sub:Add1|addcore:adder|addcore:adder[0]|psi[6]              ; |bcdadd|lpm_add_sub:Add1|addcore:adder|addcore:adder[0]|psi[6]              ; out0             ;
; |bcdadd|lpm_add_sub:Add1|addcore:adder|addcore:adder[0]|gn[6]               ; |bcdadd|lpm_add_sub:Add1|addcore:adder|addcore:adder[0]|gn[6]               ; out0             ;
; |bcdadd|lpm_add_sub:Add1|addcore:adder|addcore:adder[0]|pc[0]               ; |bcdadd|lpm_add_sub:Add1|addcore:adder|addcore:adder[0]|pc[0]               ; out0             ;
; |bcdadd|lpm_add_sub:Add1|addcore:adder|addcore:adder[0]|pc[1]               ; |bcdadd|lpm_add_sub:Add1|addcore:adder|addcore:adder[0]|pc[1]               ; out0             ;
; |bcdadd|lpm_add_sub:Add1|addcore:adder|addcore:adder[0]|pc[2]               ; |bcdadd|lpm_add_sub:Add1|addcore:adder|addcore:adder[0]|pc[2]               ; out0             ;
; |bcdadd|lpm_add_sub:Add1|addcore:adder|addcore:adder[0]|pc[3]               ; |bcdadd|lpm_add_sub:Add1|addcore:adder|addcore:adder[0]|pc[3]               ; out0             ;
; |bcdadd|lpm_add_sub:Add1|addcore:adder|addcore:adder[0]|pc[4]               ; |bcdadd|lpm_add_sub:Add1|addcore:adder|addcore:adder[0]|pc[4]               ; out0             ;
; |bcdadd|lpm_add_sub:Add1|addcore:adder|addcore:adder[0]|pc[5]               ; |bcdadd|lpm_add_sub:Add1|addcore:adder|addcore:adder[0]|pc[5]               ; out0             ;
; |bcdadd|lpm_add_sub:Add1|addcore:adder|addcore:adder[0]|g3~0                ; |bcdadd|lpm_add_sub:Add1|addcore:adder|addcore:adder[0]|g3~0                ; out0             ;
; |bcdadd|lpm_add_sub:Add1|addcore:adder|addcore:adder[0]|_~0                 ; |bcdadd|lpm_add_sub:Add1|addcore:adder|addcore:adder[0]|_~0                 ; out0             ;
; |bcdadd|lpm_add_sub:Add1|addcore:adder|addcore:adder[0]|g4~0                ; |bcdadd|lpm_add_sub:Add1|addcore:adder|addcore:adder[0]|g4~0                ; out0             ;
; |bcdadd|lpm_add_sub:Add1|addcore:adder|addcore:adder[0]|p2c[0]              ; |bcdadd|lpm_add_sub:Add1|addcore:adder|addcore:adder[0]|p2c[0]              ; out0             ;
; |bcdadd|lpm_add_sub:Add1|addcore:adder|addcore:adder[0]|p2c[1]              ; |bcdadd|lpm_add_sub:Add1|addcore:adder|addcore:adder[0]|p2c[1]              ; out0             ;
; |bcdadd|lpm_add_sub:Add1|addcore:adder|addcore:adder[0]|g2c[1]~0            ; |bcdadd|lpm_add_sub:Add1|addcore:adder|addcore:adder[0]|g2c[1]~0            ; out0             ;
; |bcdadd|lpm_add_sub:Add1|addcore:adder|addcore:adder[0]|g2c[1]              ; |bcdadd|lpm_add_sub:Add1|addcore:adder|addcore:adder[0]|g2c[1]              ; out0             ;
; |bcdadd|lpm_add_sub:Add1|addcore:adder|addcore:adder[0]|tot_cin_node[3]     ; |bcdadd|lpm_add_sub:Add1|addcore:adder|addcore:adder[0]|tot_cin_node[3]     ; out0             ;
; |bcdadd|lpm_add_sub:Add1|addcore:adder|addcore:adder[0]|tot_cin_node[4]~0   ; |bcdadd|lpm_add_sub:Add1|addcore:adder|addcore:adder[0]|tot_cin_node[4]~0   ; out0             ;
; |bcdadd|lpm_add_sub:Add1|addcore:adder|addcore:adder[0]|tot_cin_node[4]     ; |bcdadd|lpm_add_sub:Add1|addcore:adder|addcore:adder[0]|tot_cin_node[4]     ; out0             ;
; |bcdadd|lpm_add_sub:Add1|addcore:adder|addcore:adder[0]|tot_cin_node[5]~1   ; |bcdadd|lpm_add_sub:Add1|addcore:adder|addcore:adder[0]|tot_cin_node[5]~1   ; out0             ;
; |bcdadd|lpm_add_sub:Add1|addcore:adder|addcore:adder[0]|tot_cin_node[5]     ; |bcdadd|lpm_add_sub:Add1|addcore:adder|addcore:adder[0]|tot_cin_node[5]     ; out0             ;
; |bcdadd|lpm_add_sub:Add1|addcore:adder|addcore:adder[0]|_~3                 ; |bcdadd|lpm_add_sub:Add1|addcore:adder|addcore:adder[0]|_~3                 ; out0             ;
; |bcdadd|lpm_add_sub:Add1|addcore:adder|addcore:adder[0]|_~4                 ; |bcdadd|lpm_add_sub:Add1|addcore:adder|addcore:adder[0]|_~4                 ; out0             ;
; |bcdadd|lpm_add_sub:Add1|addcore:adder|addcore:adder[0]|unreg_res_node[4]~2 ; |bcdadd|lpm_add_sub:Add1|addcore:adder|addcore:adder[0]|unreg_res_node[4]~2 ; out0             ;
; |bcdadd|lpm_add_sub:Add1|addcore:adder|addcore:adder[0]|unreg_res_node[4]   ; |bcdadd|lpm_add_sub:Add1|addcore:adder|addcore:adder[0]|unreg_res_node[4]   ; out0             ;
; |bcdadd|lpm_add_sub:Add1|addcore:adder|addcore:adder[0]|_~5                 ; |bcdadd|lpm_add_sub:Add1|addcore:adder|addcore:adder[0]|_~5                 ; out0             ;
; |bcdadd|lpm_add_sub:Add1|addcore:adder|addcore:adder[0]|unreg_res_node[5]~3 ; |bcdadd|lpm_add_sub:Add1|addcore:adder|addcore:adder[0]|unreg_res_node[5]~3 ; out0             ;
; |bcdadd|lpm_add_sub:Add1|addcore:adder|addcore:adder[0]|unreg_res_node[5]   ; |bcdadd|lpm_add_sub:Add1|addcore:adder|addcore:adder[0]|unreg_res_node[5]   ; out0             ;
; |bcdadd|lpm_add_sub:Add1|addcore:adder|addcore:adder[0]|_~6                 ; |bcdadd|lpm_add_sub:Add1|addcore:adder|addcore:adder[0]|_~6                 ; out0             ;
; |bcdadd|lpm_add_sub:Add1|addcore:adder|addcore:adder[0]|unreg_res_node[6]~4 ; |bcdadd|lpm_add_sub:Add1|addcore:adder|addcore:adder[0]|unreg_res_node[6]~4 ; out0             ;
; |bcdadd|lpm_add_sub:Add1|addcore:adder|addcore:adder[0]|unreg_res_node[6]   ; |bcdadd|lpm_add_sub:Add1|addcore:adder|addcore:adder[0]|unreg_res_node[6]   ; out0             ;
; |bcdadd|lpm_add_sub:Add0|addcore:adder|addcore:adder[0]|datab_node[7]~0     ; |bcdadd|lpm_add_sub:Add0|addcore:adder|addcore:adder[0]|datab_node[7]~0     ; out0             ;
; |bcdadd|lpm_add_sub:Add0|addcore:adder|addcore:adder[0]|datab_node[4]       ; |bcdadd|lpm_add_sub:Add0|addcore:adder|addcore:adder[0]|datab_node[4]       ; out0             ;
; |bcdadd|lpm_add_sub:Add0|addcore:adder|addcore:adder[0]|datab_node[3]       ; |bcdadd|lpm_add_sub:Add0|addcore:adder|addcore:adder[0]|datab_node[3]       ; out0             ;
; |bcdadd|lpm_add_sub:Add0|addcore:adder|addcore:adder[0]|psi[3]              ; |bcdadd|lpm_add_sub:Add0|addcore:adder|addcore:adder[0]|psi[3]              ; out0             ;
; |bcdadd|lpm_add_sub:Add0|addcore:adder|addcore:adder[0]|gn[3]               ; |bcdadd|lpm_add_sub:Add0|addcore:adder|addcore:adder[0]|gn[3]               ; out0             ;
; |bcdadd|lpm_add_sub:Add0|addcore:adder|addcore:adder[0]|ps[4]~4             ; |bcdadd|lpm_add_sub:Add0|addcore:adder|addcore:adder[0]|ps[4]~4             ; out0             ;
; |bcdadd|lpm_add_sub:Add0|addcore:adder|addcore:adder[0]|psi[4]              ; |bcdadd|lpm_add_sub:Add0|addcore:adder|addcore:adder[0]|psi[4]              ; out0             ;
; |bcdadd|lpm_add_sub:Add0|addcore:adder|addcore:adder[0]|gn[4]               ; |bcdadd|lpm_add_sub:Add0|addcore:adder|addcore:adder[0]|gn[4]               ; out0             ;
; |bcdadd|lpm_add_sub:Add0|addcore:adder|addcore:adder[0]|pc[0]               ; |bcdadd|lpm_add_sub:Add0|addcore:adder|addcore:adder[0]|pc[0]               ; out0             ;
; |bcdadd|lpm_add_sub:Add0|addcore:adder|addcore:adder[0]|pc[1]               ; |bcdadd|lpm_add_sub:Add0|addcore:adder|addcore:adder[0]|pc[1]               ; out0             ;
; |bcdadd|lpm_add_sub:Add0|addcore:adder|addcore:adder[0]|pc[2]               ; |bcdadd|lpm_add_sub:Add0|addcore:adder|addcore:adder[0]|pc[2]               ; out0             ;
; |bcdadd|lpm_add_sub:Add0|addcore:adder|addcore:adder[0]|pc[3]               ; |bcdadd|lpm_add_sub:Add0|addcore:adder|addcore:adder[0]|pc[3]               ; out0             ;
; |bcdadd|lpm_add_sub:Add0|addcore:adder|addcore:adder[0]|_~4                 ; |bcdadd|lpm_add_sub:Add0|addcore:adder|addcore:adder[0]|_~4                 ; out0             ;
; |bcdadd|lpm_add_sub:Add0|addcore:adder|addcore:adder[0]|unreg_res_node[4]~2 ; |bcdadd|lpm_add_sub:Add0|addcore:adder|addcore:adder[0]|unreg_res_node[4]~2 ; out0             ;
+-----------------------------------------------------------------------------+-----------------------------------------------------------------------------+------------------+


+---------------------+
; Simulator INI Usage ;
+--------+------------+
; Option ; Usage      ;
+--------+------------+


+--------------------+
; Simulator Messages ;
+--------------------+
Info: *******************************************************************
Info: Running Quartus II Simulator
    Info: Version 9.1 Build 222 10/21/2009 SJ Web Edition
    Info: Processing started: Tue Apr 29 10:28:28 2014
Info: Command: quartus_sim --read_settings_files=on --write_settings_files=off bcdadd -c bcdadd
Info: Using vector source file "S:/My Documents/DavidHouston/EE133/EE133_LABS/LAB4/BCD_ADD/bcdadd.vwf"
Info: Option to preserve fewer signal transitions to reduce memory requirements is enabled
    Info: Simulation has been partitioned into sub-simulations according to the maximum transition count determined by the engine. Transitions from memory will be flushed out to disk at the end of each sub-simulation to reduce memory requirements.
Info: Simulation partitioned into 1 sub-simulations
Info: Simulation coverage is      49.01 %
Info: Number of transitions in simulation is 469
Info: Quartus II Simulator was successful. 0 errors, 0 warnings
    Info: Peak virtual memory: 130 megabytes
    Info: Processing ended: Tue Apr 29 10:28:29 2014
    Info: Elapsed time: 00:00:01
    Info: Total CPU time (on all processors): 00:00:01


