Classic Timing Analyzer report for D_FF_Beh
Tue May 06 09:34:12 2014
Quartus II Version 9.1 Build 222 10/21/2009 SJ Web Edition


---------------------
; Table of Contents ;
---------------------
  1. Legal Notice
  2. Timing Analyzer Summary
  3. Timing Analyzer Settings
  4. Clock Settings Summary
  5. Parallel Compilation
  6. tsu
  7. tco
  8. th
  9. Timing Analyzer Messages



----------------
; Legal Notice ;
----------------
Copyright (C) 1991-2009 Altera Corporation
Your use of Altera Corporation's design tools, logic functions 
and other software and tools, and its AMPP partner logic 
functions, and any output files from any of the foregoing 
(including device programming or simulation files), and any 
associated documentation or information are expressly subject 
to the terms and conditions of the Altera Program License 
Subscription Agreement, Altera MegaCore Function License 
Agreement, or other applicable license agreement, including, 
without limitation, that your use is for the sole purpose of 
programming logic devices manufactured by Altera and sold by 
Altera or its authorized distributors.  Please refer to the 
applicable agreement for further details.



+-----------------------------------------------------------------------------------------------------------------------------+
; Timing Analyzer Summary                                                                                                     ;
+------------------------------+-------+---------------+-------------+--------+--------+------------+----------+--------------+
; Type                         ; Slack ; Required Time ; Actual Time ; From   ; To     ; From Clock ; To Clock ; Failed Paths ;
+------------------------------+-------+---------------+-------------+--------+--------+------------+----------+--------------+
; Worst-case tsu               ; N/A   ; None          ; 11.000 ns   ; D      ; Q~reg0 ; --         ; Clk      ; 0            ;
; Worst-case tco               ; N/A   ; None          ; 8.000 ns    ; Q~reg0 ; Q      ; Clk        ; --       ; 0            ;
; Worst-case th                ; N/A   ; None          ; -3.000 ns   ; D      ; Q~reg0 ; --         ; Clk      ; 0            ;
; Total number of failed paths ;       ;               ;             ;        ;        ;            ;          ; 0            ;
+------------------------------+-------+---------------+-------------+--------+--------+------------+----------+--------------+


+-----------------------------------------------------------------------------------------------------------------------------------------------------+
; Timing Analyzer Settings                                                                                                                            ;
+------------------------------------------------------------------------------------------------------+--------------------+------+----+-------------+
; Option                                                                                               ; Setting            ; From ; To ; Entity Name ;
+------------------------------------------------------------------------------------------------------+--------------------+------+----+-------------+
; Device Name                                                                                          ; EPM7128SLC84-15    ;      ;    ;             ;
; Timing Models                                                                                        ; Final              ;      ;    ;             ;
; Default hold multicycle                                                                              ; Same as Multicycle ;      ;    ;             ;
; Cut paths between unrelated clock domains                                                            ; On                 ;      ;    ;             ;
; Cut off read during write signal paths                                                               ; On                 ;      ;    ;             ;
; Cut off feedback from I/O pins                                                                       ; On                 ;      ;    ;             ;
; Report Combined Fast/Slow Timing                                                                     ; Off                ;      ;    ;             ;
; Ignore Clock Settings                                                                                ; Off                ;      ;    ;             ;
; Analyze latches as synchronous elements                                                              ; On                 ;      ;    ;             ;
; Enable Recovery/Removal analysis                                                                     ; Off                ;      ;    ;             ;
; Enable Clock Latency                                                                                 ; Off                ;      ;    ;             ;
; Use TimeQuest Timing Analyzer                                                                        ; Off                ;      ;    ;             ;
; Minimum Core Junction Temperature                                                                    ; 0                  ;      ;    ;             ;
; Maximum Core Junction Temperature                                                                    ; 85                 ;      ;    ;             ;
; Number of source nodes to report per destination node                                                ; 10                 ;      ;    ;             ;
; Number of destination nodes to report                                                                ; 10                 ;      ;    ;             ;
; Number of paths to report                                                                            ; 200                ;      ;    ;             ;
; Report Minimum Timing Checks                                                                         ; Off                ;      ;    ;             ;
; Use Fast Timing Models                                                                               ; Off                ;      ;    ;             ;
; Report IO Paths Separately                                                                           ; Off                ;      ;    ;             ;
; Perform Multicorner Analysis                                                                         ; Off                ;      ;    ;             ;
; Reports the worst-case path for each clock domain and analysis                                       ; Off                ;      ;    ;             ;
; Reports worst-case timing paths for each clock domain and analysis                                   ; On                 ;      ;    ;             ;
; Specifies the maximum number of worst-case timing paths to report for each clock domain and analysis ; 100                ;      ;    ;             ;
; Removes common clock path pessimism (CCPP) during slack computation                                  ; Off                ;      ;    ;             ;
; Output I/O Timing Endpoint                                                                           ; Near End           ;      ;    ;             ;
+------------------------------------------------------------------------------------------------------+--------------------+------+----+-------------+


+------------------------------------------------------------------------------------------------------------------------------------------------------------------------------------+
; Clock Settings Summary                                                                                                                                                             ;
+-----------------+--------------------+----------+------------------+---------------+--------------+----------+-----------------------+---------------------+--------+--------------+
; Clock Node Name ; Clock Setting Name ; Type     ; Fmax Requirement ; Early Latency ; Late Latency ; Based on ; Multiply Base Fmax by ; Divide Base Fmax by ; Offset ; Phase offset ;
+-----------------+--------------------+----------+------------------+---------------+--------------+----------+-----------------------+---------------------+--------+--------------+
; Clk             ;                    ; User Pin ; None             ; 0.000 ns      ; 0.000 ns     ; --       ; N/A                   ; N/A                 ; N/A    ;              ;
+-----------------+--------------------+----------+------------------+---------------+--------------+----------+-----------------------+---------------------+--------+--------------+


Parallel compilation was disabled, but you have multiple processors available. Enable parallel compilation to reduce compilation time.
+-------------------------------------+
; Parallel Compilation                ;
+----------------------------+--------+
; Processors                 ; Number ;
+----------------------------+--------+
; Number detected on machine ; 2      ;
; Maximum allowed            ; 1      ;
+----------------------------+--------+


+--------------------------------------------------------------+
; tsu                                                          ;
+-------+--------------+------------+------+--------+----------+
; Slack ; Required tsu ; Actual tsu ; From ; To     ; To Clock ;
+-------+--------------+------------+------+--------+----------+
; N/A   ; None         ; 11.000 ns  ; D    ; Q~reg0 ; Clk      ;
+-------+--------------+------------+------+--------+----------+


+--------------------------------------------------------------+
; tco                                                          ;
+-------+--------------+------------+--------+----+------------+
; Slack ; Required tco ; Actual tco ; From   ; To ; From Clock ;
+-------+--------------+------------+--------+----+------------+
; N/A   ; None         ; 8.000 ns   ; Q~reg0 ; Q  ; Clk        ;
+-------+--------------+------------+--------+----+------------+


+--------------------------------------------------------------------+
; th                                                                 ;
+---------------+-------------+-----------+------+--------+----------+
; Minimum Slack ; Required th ; Actual th ; From ; To     ; To Clock ;
+---------------+-------------+-----------+------+--------+----------+
; N/A           ; None        ; -3.000 ns ; D    ; Q~reg0 ; Clk      ;
+---------------+-------------+-----------+------+--------+----------+


+--------------------------+
; Timing Analyzer Messages ;
+--------------------------+
Info: *******************************************************************
Info: Running Quartus II Classic Timing Analyzer
    Info: Version 9.1 Build 222 10/21/2009 SJ Web Edition
    Info: Processing started: Tue May 06 09:34:12 2014
Info: Command: quartus_tan --read_settings_files=off --write_settings_files=off D_FF_Beh -c D_FF_Beh
Info: Started post-fitting delay annotation
Info: Delay annotation completed successfully
Warning: Timing Analysis does not support the analysis of latches as synchronous elements for the currently selected device family
Warning: Found pins functioning as undefined clocks and/or memory enables
    Info: Assuming node "Clk" is an undefined clock
Info: No valid register-to-register data paths exist for clock "Clk"
Info: tsu for register "Q~reg0" (data pin = "D", clock pin = "Clk") is 11.000 ns
    Info: + Longest pin to register delay is 10.000 ns
        Info: 1: + IC(0.000 ns) + CELL(2.000 ns) = 2.000 ns; Loc. = PIN_81; Fanout = 1; PIN Node = 'D'
        Info: 2: + IC(2.000 ns) + CELL(6.000 ns) = 10.000 ns; Loc. = LC3; Fanout = 1; REG Node = 'Q~reg0'
        Info: Total cell delay = 8.000 ns ( 80.00 % )
        Info: Total interconnect delay = 2.000 ns ( 20.00 % )
    Info: + Micro setup delay of destination is 4.000 ns
    Info: - Shortest clock path from clock "Clk" to destination register is 3.000 ns
        Info: 1: + IC(0.000 ns) + CELL(3.000 ns) = 3.000 ns; Loc. = PIN_83; Fanout = 1; CLK Node = 'Clk'
        Info: 2: + IC(0.000 ns) + CELL(0.000 ns) = 3.000 ns; Loc. = LC3; Fanout = 1; REG Node = 'Q~reg0'
        Info: Total cell delay = 3.000 ns ( 100.00 % )
Info: tco from clock "Clk" to destination pin "Q" through register "Q~reg0" is 8.000 ns
    Info: + Longest clock path from clock "Clk" to source register is 3.000 ns
        Info: 1: + IC(0.000 ns) + CELL(3.000 ns) = 3.000 ns; Loc. = PIN_83; Fanout = 1; CLK Node = 'Clk'
        Info: 2: + IC(0.000 ns) + CELL(0.000 ns) = 3.000 ns; Loc. = LC3; Fanout = 1; REG Node = 'Q~reg0'
        Info: Total cell delay = 3.000 ns ( 100.00 % )
    Info: + Micro clock to output delay of source is 1.000 ns
    Info: + Longest register to pin delay is 4.000 ns
        Info: 1: + IC(0.000 ns) + CELL(0.000 ns) = 0.000 ns; Loc. = LC3; Fanout = 1; REG Node = 'Q~reg0'
        Info: 2: + IC(0.000 ns) + CELL(4.000 ns) = 4.000 ns; Loc. = PIN_12; Fanout = 0; PIN Node = 'Q'
        Info: Total cell delay = 4.000 ns ( 100.00 % )
Info: th for register "Q~reg0" (data pin = "D", clock pin = "Clk") is -3.000 ns
    Info: + Longest clock path from clock "Clk" to destination register is 3.000 ns
        Info: 1: + IC(0.000 ns) + CELL(3.000 ns) = 3.000 ns; Loc. = PIN_83; Fanout = 1; CLK Node = 'Clk'
        Info: 2: + IC(0.000 ns) + CELL(0.000 ns) = 3.000 ns; Loc. = LC3; Fanout = 1; REG Node = 'Q~reg0'
        Info: Total cell delay = 3.000 ns ( 100.00 % )
    Info: + Micro hold delay of destination is 4.000 ns
    Info: - Shortest pin to register delay is 10.000 ns
        Info: 1: + IC(0.000 ns) + CELL(2.000 ns) = 2.000 ns; Loc. = PIN_81; Fanout = 1; PIN Node = 'D'
        Info: 2: + IC(2.000 ns) + CELL(6.000 ns) = 10.000 ns; Loc. = LC3; Fanout = 1; REG Node = 'Q~reg0'
        Info: Total cell delay = 8.000 ns ( 80.00 % )
        Info: Total interconnect delay = 2.000 ns ( 20.00 % )
Info: Quartus II Classic Timing Analyzer was successful. 0 errors, 2 warnings
    Info: Peak virtual memory: 142 megabytes
    Info: Processing ended: Tue May 06 09:34:13 2014
    Info: Elapsed time: 00:00:01
    Info: Total CPU time (on all processors): 00:00:01


