Fitter report for BCD_ADDER_TOP
Tue Apr 29 10:21:43 2014
Quartus II Version 9.1 Build 222 10/21/2009 SJ Web Edition


---------------------
; Table of Contents ;
---------------------
  1. Legal Notice
  2. Fitter Summary
  3. Fitter Settings
  4. Parallel Compilation
  5. Pin-Out File
  6. Fitter Resource Usage Summary
  7. Input Pins
  8. Output Pins
  9. All Package Pins
 10. Output Pin Default Load For Reported TCO
 11. Fitter Resource Utilization by Entity
 12. Non-Global High Fan-Out Signals
 13. Interconnect Usage Summary
 14. LAB External Interconnect
 15. LAB Macrocells
 16. Parallel Expander
 17. Shareable Expander
 18. Logic Cell Interconnection
 19. Fitter Device Options
 20. Fitter Messages



----------------
; Legal Notice ;
----------------
Copyright (C) 1991-2009 Altera Corporation
Your use of Altera Corporation's design tools, logic functions 
and other software and tools, and its AMPP partner logic 
functions, and any output files from any of the foregoing 
(including device programming or simulation files), and any 
associated documentation or information are expressly subject 
to the terms and conditions of the Altera Program License 
Subscription Agreement, Altera MegaCore Function License 
Agreement, or other applicable license agreement, including, 
without limitation, that your use is for the sole purpose of 
programming logic devices manufactured by Altera and sold by 
Altera or its authorized distributors.  Please refer to the 
applicable agreement for further details.



+-----------------------------------------------------------------+
; Fitter Summary                                                  ;
+-----------------------+-----------------------------------------+
; Fitter Status         ; Successful - Tue Apr 29 10:21:43 2014   ;
; Quartus II Version    ; 9.1 Build 222 10/21/2009 SJ Web Edition ;
; Revision Name         ; BCD_ADDER_TOP                           ;
; Top-level Entity Name ; BCD_ADDER_TOP                           ;
; Family                ; MAX7000S                                ;
; Device                ; EPM7128SLC84-15                         ;
; Timing Models         ; Final                                   ;
; Total macrocells      ; 84 / 128 ( 66 % )                       ;
; Total pins            ; 26 / 68 ( 38 % )                        ;
+-----------------------+-----------------------------------------+


+--------------------------------------------------------------------------------------------------------------+
; Fitter Settings                                                                                              ;
+----------------------------------------------------------------------------+-----------------+---------------+
; Option                                                                     ; Setting         ; Default Value ;
+----------------------------------------------------------------------------+-----------------+---------------+
; Device                                                                     ; EPM7128SLC84-15 ;               ;
; Use smart compilation                                                      ; Off             ; Off           ;
; Enable parallel Assembler and TimeQuest Timing Analyzer during compilation ; On              ; On            ;
; Enable compact report table                                                ; Off             ; Off           ;
; Use TimeQuest Timing Analyzer                                              ; Off             ; Off           ;
; Optimize Timing for ECOs                                                   ; Off             ; Off           ;
; Regenerate full fit report during ECO compiles                             ; Off             ; Off           ;
; Optimize IOC Register Placement for Timing                                 ; On              ; On            ;
; Limit to One Fitting Attempt                                               ; Off             ; Off           ;
; Fitter Initial Placement Seed                                              ; 1               ; 1             ;
; Slow Slew Rate                                                             ; Off             ; Off           ;
; Fitter Effort                                                              ; Auto Fit        ; Auto Fit      ;
; Force Fitter to Avoid Periphery Placement Warnings                         ; Off             ; Off           ;
; Use Best Effort Settings for Compilation                                   ; Off             ; Off           ;
+----------------------------------------------------------------------------+-----------------+---------------+


Parallel compilation was disabled, but you have multiple processors available. Enable parallel compilation to reduce compilation time.
+-------------------------------------+
; Parallel Compilation                ;
+----------------------------+--------+
; Processors                 ; Number ;
+----------------------------+--------+
; Number detected on machine ; 2      ;
; Maximum allowed            ; 1      ;
+----------------------------+--------+


+--------------+
; Pin-Out File ;
+--------------+
The pin-out file can be found in S:/My Documents/DavidHouston/EE133/EE133_LABS/LAB4/BCD_ADDER_TOP/BCD_ADDER_TOP.pin.


+-------------------------------------------------------+
; Fitter Resource Usage Summary                         ;
+-----------------------------------+-------------------+
; Resource                          ; Usage             ;
+-----------------------------------+-------------------+
; Logic cells                       ; 84 / 128 ( 66 % ) ;
; Registers                         ; 0 / 128 ( 0 % )   ;
; Number of pterms used             ; 388               ;
; User inserted logic elements      ; 0                 ;
; I/O pins                          ; 26 / 68 ( 38 % )  ;
;     -- Clock pins                 ; 0 / 2 ( 0 % )     ;
;     -- Dedicated input pins       ; 0 / 2 ( 0 % )     ;
; Global signals                    ; 0                 ;
; Shareable expanders               ; 22 / 128 ( 17 % ) ;
; Parallel expanders                ; 33 / 120 ( 28 % ) ;
; Cells using turbo bit             ; 84 / 128 ( 66 % ) ;
; Maximum fan-out node              ; a[1]              ;
; Maximum fan-out                   ; 78                ;
; Highest non-global fan-out signal ; a[1]              ;
; Highest non-global fan-out        ; 78                ;
; Total fan-out                     ; 728               ;
; Average fan-out                   ; 5.52              ;
+-----------------------------------+-------------------+


+--------------------------------------------------------------------------------------------------------------------------------------------+
; Input Pins                                                                                                                                 ;
+------+-------+----------+-----+-----------------------+--------------------+--------+----------------+--------------+----------------------+
; Name ; Pin # ; I/O Bank ; LAB ; Combinational Fan-Out ; Registered Fan-Out ; Global ; Input Register ; I/O Standard ; Location assigned by ;
+------+-------+----------+-----+-----------------------+--------------------+--------+----------------+--------------+----------------------+
; a[0] ; 35    ; --       ; 4   ; 74                    ; 0                  ; no     ; no             ; TTL          ; User                 ;
; a[1] ; 36    ; --       ; 4   ; 78                    ; 0                  ; no     ; no             ; TTL          ; User                 ;
; a[2] ; 33    ; --       ; 4   ; 77                    ; 0                  ; no     ; no             ; TTL          ; User                 ;
; a[3] ; 34    ; --       ; 4   ; 71                    ; 0                  ; no     ; no             ; TTL          ; User                 ;
; b[0] ; 41    ; --       ; 4   ; 76                    ; 0                  ; no     ; no             ; TTL          ; User                 ;
; b[1] ; 39    ; --       ; 4   ; 77                    ; 0                  ; no     ; no             ; TTL          ; User                 ;
; b[2] ; 40    ; --       ; 4   ; 75                    ; 0                  ; no     ; no             ; TTL          ; User                 ;
; b[3] ; 37    ; --       ; 4   ; 72                    ; 0                  ; no     ; no             ; TTL          ; User                 ;
+------+-------+----------+-----+-----------------------+--------------------+--------+----------------+--------------+----------------------+


+---------------------------------------------------------------------------------------------------------------------------------------------------------------------------------------------+
; Output Pins                                                                                                                                                                                 ;
+---------+-------+----------+-----+-----------------+----------------+------------+---------------+--------------+----------------------+-------+----------------------+---------------------+
; Name    ; Pin # ; I/O Bank ; LAB ; Output Register ; Slow Slew Rate ; Open Drain ; TRI Primitive ; I/O Standard ; Location assigned by ; Load  ; Output Enable Source ; Output Enable Group ;
+---------+-------+----------+-----+-----------------+----------------+------------+---------------+--------------+----------------------+-------+----------------------+---------------------+
; seg1[0] ; 69    ; --       ; 7   ; no              ; no             ; no         ; no            ; TTL          ; User                 ; 10 pF ; -                    ; -                   ;
; seg1[1] ; 70    ; --       ; 7   ; no              ; no             ; no         ; no            ; TTL          ; User                 ; 10 pF ; -                    ; -                   ;
; seg1[2] ; 73    ; --       ; 8   ; no              ; no             ; no         ; no            ; TTL          ; User                 ; 10 pF ; -                    ; -                   ;
; seg1[3] ; 74    ; --       ; 8   ; no              ; no             ; no         ; no            ; TTL          ; User                 ; 10 pF ; -                    ; -                   ;
; seg1[4] ; 76    ; --       ; 8   ; no              ; no             ; no         ; no            ; TTL          ; User                 ; 10 pF ; -                    ; -                   ;
; seg1[5] ; 75    ; --       ; 8   ; no              ; no             ; no         ; no            ; TTL          ; User                 ; 10 pF ; -                    ; -                   ;
; seg1[6] ; 77    ; --       ; 8   ; no              ; no             ; no         ; no            ; TTL          ; User                 ; 10 pF ; -                    ; -                   ;
; seg2[0] ; 58    ; --       ; 6   ; no              ; no             ; no         ; no            ; TTL          ; User                 ; 10 pF ; -                    ; -                   ;
; seg2[1] ; 60    ; --       ; 6   ; no              ; no             ; no         ; no            ; TTL          ; User                 ; 10 pF ; -                    ; -                   ;
; seg2[2] ; 61    ; --       ; 6   ; no              ; no             ; no         ; no            ; TTL          ; User                 ; 10 pF ; -                    ; -                   ;
; seg2[3] ; 63    ; --       ; 7   ; no              ; no             ; no         ; no            ; TTL          ; User                 ; 10 pF ; -                    ; -                   ;
; seg2[4] ; 64    ; --       ; 7   ; no              ; no             ; no         ; no            ; TTL          ; User                 ; 10 pF ; -                    ; -                   ;
; seg2[5] ; 65    ; --       ; 7   ; no              ; no             ; no         ; no            ; TTL          ; User                 ; 10 pF ; -                    ; -                   ;
; seg2[6] ; 67    ; --       ; 7   ; no              ; no             ; no         ; no            ; TTL          ; User                 ; 10 pF ; -                    ; -                   ;
+---------+-------+----------+-----+-----------------+----------------+------------+---------------+--------------+----------------------+-------+----------------------+---------------------+


+-------------------------------------------------------------------------------------------------------+
; All Package Pins                                                                                      ;
+----------+------------+----------+----------------+--------+--------------+---------+-----------------+
; Location ; Pad Number ; I/O Bank ; Pin Name/Usage ; Dir.   ; I/O Standard ; Voltage ; User Assignment ;
+----------+------------+----------+----------------+--------+--------------+---------+-----------------+
; 1        ; 0          ; --       ; GND+           ;        ;              ;         ;                 ;
; 2        ; 1          ; --       ; GND+           ;        ;              ;         ;                 ;
; 3        ; 2          ; --       ; VCCINT         ; power  ;              ; 5.0V    ;                 ;
; 4        ; 3          ; --       ; RESERVED       ;        ;              ;         ;                 ;
; 5        ; 4          ; --       ; RESERVED       ;        ;              ;         ;                 ;
; 6        ; 5          ; --       ; RESERVED       ;        ;              ;         ;                 ;
; 7        ; 6          ; --       ; GND            ; gnd    ;              ;         ;                 ;
; 8        ; 7          ; --       ; RESERVED       ;        ;              ;         ;                 ;
; 9        ; 8          ; --       ; RESERVED       ;        ;              ;         ;                 ;
; 10       ; 9          ; --       ; RESERVED       ;        ;              ;         ;                 ;
; 11       ; 10         ; --       ; RESERVED       ;        ;              ;         ;                 ;
; 12       ; 11         ; --       ; RESERVED       ;        ;              ;         ;                 ;
; 13       ; 12         ; --       ; VCCIO          ; power  ;              ; 5.0V    ;                 ;
; 14       ; 13         ; --       ; TDI            ; input  ; TTL          ;         ; N               ;
; 15       ; 14         ; --       ; RESERVED       ;        ;              ;         ;                 ;
; 16       ; 15         ; --       ; RESERVED       ;        ;              ;         ;                 ;
; 17       ; 16         ; --       ; RESERVED       ;        ;              ;         ;                 ;
; 18       ; 17         ; --       ; RESERVED       ;        ;              ;         ;                 ;
; 19       ; 18         ; --       ; GND            ; gnd    ;              ;         ;                 ;
; 20       ; 19         ; --       ; RESERVED       ;        ;              ;         ;                 ;
; 21       ; 20         ; --       ; RESERVED       ;        ;              ;         ;                 ;
; 22       ; 21         ; --       ; RESERVED       ;        ;              ;         ;                 ;
; 23       ; 22         ; --       ; TMS            ; input  ; TTL          ;         ; N               ;
; 24       ; 23         ; --       ; RESERVED       ;        ;              ;         ;                 ;
; 25       ; 24         ; --       ; RESERVED       ;        ;              ;         ;                 ;
; 26       ; 25         ; --       ; VCCIO          ; power  ;              ; 5.0V    ;                 ;
; 27       ; 26         ; --       ; RESERVED       ;        ;              ;         ;                 ;
; 28       ; 27         ; --       ; RESERVED       ;        ;              ;         ;                 ;
; 29       ; 28         ; --       ; RESERVED       ;        ;              ;         ;                 ;
; 30       ; 29         ; --       ; RESERVED       ;        ;              ;         ;                 ;
; 31       ; 30         ; --       ; RESERVED       ;        ;              ;         ;                 ;
; 32       ; 31         ; --       ; GND            ; gnd    ;              ;         ;                 ;
; 33       ; 32         ; --       ; a[2]           ; input  ; TTL          ;         ; Y               ;
; 34       ; 33         ; --       ; a[3]           ; input  ; TTL          ;         ; Y               ;
; 35       ; 34         ; --       ; a[0]           ; input  ; TTL          ;         ; Y               ;
; 36       ; 35         ; --       ; a[1]           ; input  ; TTL          ;         ; Y               ;
; 37       ; 36         ; --       ; b[3]           ; input  ; TTL          ;         ; Y               ;
; 38       ; 37         ; --       ; VCCIO          ; power  ;              ; 5.0V    ;                 ;
; 39       ; 38         ; --       ; b[1]           ; input  ; TTL          ;         ; Y               ;
; 40       ; 39         ; --       ; b[2]           ; input  ; TTL          ;         ; Y               ;
; 41       ; 40         ; --       ; b[0]           ; input  ; TTL          ;         ; Y               ;
; 42       ; 41         ; --       ; GND            ; gnd    ;              ;         ;                 ;
; 43       ; 42         ; --       ; VCCINT         ; power  ;              ; 5.0V    ;                 ;
; 44       ; 43         ; --       ; RESERVED       ;        ;              ;         ;                 ;
; 45       ; 44         ; --       ; RESERVED       ;        ;              ;         ;                 ;
; 46       ; 45         ; --       ; RESERVED       ;        ;              ;         ;                 ;
; 47       ; 46         ; --       ; GND            ; gnd    ;              ;         ;                 ;
; 48       ; 47         ; --       ; RESERVED       ;        ;              ;         ;                 ;
; 49       ; 48         ; --       ; RESERVED       ;        ;              ;         ;                 ;
; 50       ; 49         ; --       ; RESERVED       ;        ;              ;         ;                 ;
; 51       ; 50         ; --       ; RESERVED       ;        ;              ;         ;                 ;
; 52       ; 51         ; --       ; RESERVED       ;        ;              ;         ;                 ;
; 53       ; 52         ; --       ; VCCIO          ; power  ;              ; 5.0V    ;                 ;
; 54       ; 53         ; --       ; RESERVED       ;        ;              ;         ;                 ;
; 55       ; 54         ; --       ; RESERVED       ;        ;              ;         ;                 ;
; 56       ; 55         ; --       ; RESERVED       ;        ;              ;         ;                 ;
; 57       ; 56         ; --       ; RESERVED       ;        ;              ;         ;                 ;
; 58       ; 57         ; --       ; seg2[0]        ; output ; TTL          ;         ; Y               ;
; 59       ; 58         ; --       ; GND            ; gnd    ;              ;         ;                 ;
; 60       ; 59         ; --       ; seg2[1]        ; output ; TTL          ;         ; Y               ;
; 61       ; 60         ; --       ; seg2[2]        ; output ; TTL          ;         ; Y               ;
; 62       ; 61         ; --       ; TCK            ; input  ; TTL          ;         ; N               ;
; 63       ; 62         ; --       ; seg2[3]        ; output ; TTL          ;         ; Y               ;
; 64       ; 63         ; --       ; seg2[4]        ; output ; TTL          ;         ; Y               ;
; 65       ; 64         ; --       ; seg2[5]        ; output ; TTL          ;         ; Y               ;
; 66       ; 65         ; --       ; VCCIO          ; power  ;              ; 5.0V    ;                 ;
; 67       ; 66         ; --       ; seg2[6]        ; output ; TTL          ;         ; Y               ;
; 68       ; 67         ; --       ; RESERVED       ;        ;              ;         ;                 ;
; 69       ; 68         ; --       ; seg1[0]        ; output ; TTL          ;         ; Y               ;
; 70       ; 69         ; --       ; seg1[1]        ; output ; TTL          ;         ; Y               ;
; 71       ; 70         ; --       ; TDO            ; output ; TTL          ;         ; N               ;
; 72       ; 71         ; --       ; GND            ; gnd    ;              ;         ;                 ;
; 73       ; 72         ; --       ; seg1[2]        ; output ; TTL          ;         ; Y               ;
; 74       ; 73         ; --       ; seg1[3]        ; output ; TTL          ;         ; Y               ;
; 75       ; 74         ; --       ; seg1[5]        ; output ; TTL          ;         ; Y               ;
; 76       ; 75         ; --       ; seg1[4]        ; output ; TTL          ;         ; Y               ;
; 77       ; 76         ; --       ; seg1[6]        ; output ; TTL          ;         ; Y               ;
; 78       ; 77         ; --       ; VCCIO          ; power  ;              ; 5.0V    ;                 ;
; 79       ; 78         ; --       ; RESERVED       ;        ;              ;         ;                 ;
; 80       ; 79         ; --       ; RESERVED       ;        ;              ;         ;                 ;
; 81       ; 80         ; --       ; RESERVED       ;        ;              ;         ;                 ;
; 82       ; 81         ; --       ; GND            ; gnd    ;              ;         ;                 ;
; 83       ; 82         ; --       ; GND+           ;        ;              ;         ;                 ;
; 84       ; 83         ; --       ; GND+           ;        ;              ;         ;                 ;
+----------+------------+----------+----------------+--------+--------------+---------+-----------------+
Note: Pin directions (input, output or bidir) are based on device operating in user mode.


+-----------------------------------------------+
; Output Pin Default Load For Reported TCO      ;
+--------------+-------+------------------------+
; I/O Standard ; Load  ; Termination Resistance ;
+--------------+-------+------------------------+
; 3.3-V LVTTL  ; 10 pF ; Not Available          ;
; 3.3-V LVCMOS ; 10 pF ; Not Available          ;
; TTL          ; 10 pF ; Not Available          ;
+--------------+-------+------------------------+
Note: User assignments will override these defaults. The user specified values are listed in the Output Pins and Bidir Pins tables.


+-------------------------------------------------------------------------------------------------------------------------------------------------------------+
; Fitter Resource Utilization by Entity                                                                                                                       ;
+---------------------------------------+------------+------+----------------------------------------------------------------------------------+--------------+
; Compilation Hierarchy Node            ; Macrocells ; Pins ; Full Hierarchy Name                                                              ; Library Name ;
+---------------------------------------+------------+------+----------------------------------------------------------------------------------+--------------+
; |BCD_ADDER_TOP                        ; 84         ; 26   ; |BCD_ADDER_TOP                                                                   ; work         ;
;    |BCD_to_7SEG:u1|                   ; 58         ; 0    ; |BCD_ADDER_TOP|BCD_to_7SEG:u1                                                    ; work         ;
;    |BCD_to_7SEG:u2|                   ; 6          ; 0    ; |BCD_ADDER_TOP|BCD_to_7SEG:u2                                                    ; work         ;
;    |bcdadd:add|                       ; 19         ; 0    ; |BCD_ADDER_TOP|bcdadd:add                                                        ; work         ;
;       |lpm_add_sub:Add0|              ; 10         ; 0    ; |BCD_ADDER_TOP|bcdadd:add|lpm_add_sub:Add0                                       ; work         ;
;          |addcore:adder|              ; 10         ; 0    ; |BCD_ADDER_TOP|bcdadd:add|lpm_add_sub:Add0|addcore:adder                         ; work         ;
;             |a_csnbuffer:result_node| ; 10         ; 0    ; |BCD_ADDER_TOP|bcdadd:add|lpm_add_sub:Add0|addcore:adder|a_csnbuffer:result_node ; work         ;
+---------------------------------------+------------+------+----------------------------------------------------------------------------------+--------------+


+---------------------------------------------------------------------------------------------+
; Non-Global High Fan-Out Signals                                                             ;
+-----------------------------------------------------------------------------------+---------+
; Name                                                                              ; Fan-Out ;
+-----------------------------------------------------------------------------------+---------+
; a[1]                                                                              ; 78      ;
; b[1]                                                                              ; 77      ;
; a[2]                                                                              ; 77      ;
; b[0]                                                                              ; 76      ;
; b[2]                                                                              ; 75      ;
; a[0]                                                                              ; 74      ;
; b[3]                                                                              ; 72      ;
; a[3]                                                                              ; 71      ;
; bcdadd:add|LessThan0~2                                                            ; 6       ;
; bcdadd:add|lpm_add_sub:Add0|addcore:adder|a_csnbuffer:result_node|sout_node[3]~17 ; 3       ;
; bcdadd:add|lpm_add_sub:Add0|addcore:adder|a_csnbuffer:result_node|sout_node[2]~8  ; 3       ;
; bcdadd:add|lpm_add_sub:Add0|addcore:adder|a_csnbuffer:result_node|sout_node[1]~3  ; 3       ;
; bcdadd:add|lpm_add_sub:Add0|addcore:adder|a_csnbuffer:result_node|sout_node[0]~2  ; 3       ;
; BCD_to_7SEG:u2|seg[2]~56                                                          ; 2       ;
; BCD_to_7SEG:u2|seg[2]~55                                                          ; 2       ;
; BCD_to_7SEG:u2|seg[2]~54                                                          ; 2       ;
; BCD_to_7SEG:u2|seg[2]~53                                                          ; 2       ;
; BCD_to_7SEG:u2|seg[2]~52                                                          ; 2       ;
; bcdadd:add|Cout[1]~21sexpand0bal                                                  ; 2       ;
; BCD_to_7SEG:u2|seg[2]~12                                                          ; 2       ;
; BCD_to_7SEG:u2|seg[2]~11                                                          ; 2       ;
; BCD_to_7SEG:u2|seg[2]~8                                                           ; 2       ;
; BCD_to_7SEG:u2|seg[2]~57                                                          ; 1       ;
; BCD_to_7SEG:u1|seg[5]~367                                                         ; 1       ;
; BCD_to_7SEG:u1|seg[5]~97sexp4bal                                                  ; 1       ;
; BCD_to_7SEG:u1|seg[5]~152bal                                                      ; 1       ;
; bcdadd:add|Cout[1]~21sexpand2bal                                                  ; 1       ;
; bcdadd:add|Add1~23                                                                ; 1       ;
; ~VCC~0                                                                            ; 1       ;
; BCD_to_7SEG:u1|seg[3]~361                                                         ; 1       ;
; BCD_to_7SEG:u1|seg[3]~355                                                         ; 1       ;
; BCD_to_7SEG:u1|seg[3]~349                                                         ; 1       ;
; BCD_to_7SEG:u1|seg[3]~343                                                         ; 1       ;
; BCD_to_7SEG:u1|seg[3]~337                                                         ; 1       ;
; BCD_to_7SEG:u1|seg[3]~331                                                         ; 1       ;
; BCD_to_7SEG:u1|seg[3]~325                                                         ; 1       ;
; BCD_to_7SEG:u1|seg[6]~319                                                         ; 1       ;
; BCD_to_7SEG:u1|seg[6]~314                                                         ; 1       ;
; BCD_to_7SEG:u1|seg[6]~308                                                         ; 1       ;
; BCD_to_7SEG:u1|seg[6]~302                                                         ; 1       ;
; BCD_to_7SEG:u1|seg[6]~296                                                         ; 1       ;
; BCD_to_7SEG:u1|seg[6]~290                                                         ; 1       ;
; BCD_to_7SEG:u1|seg[6]~284                                                         ; 1       ;
; BCD_to_7SEG:u1|seg[6]~278                                                         ; 1       ;
; BCD_to_7SEG:u1|seg[0]~274                                                         ; 1       ;
; BCD_to_7SEG:u1|seg[1]~268                                                         ; 1       ;
; BCD_to_7SEG:u1|seg[1]~262                                                         ; 1       ;
; BCD_to_7SEG:u1|seg[1]~256                                                         ; 1       ;
; BCD_to_7SEG:u1|seg[1]~250                                                         ; 1       ;
; BCD_to_7SEG:u1|seg[4]~244                                                         ; 1       ;
+-----------------------------------------------------------------------------------+---------+


+------------------------------------------------+
; Interconnect Usage Summary                     ;
+----------------------------+-------------------+
; Interconnect Resource Type ; Usage             ;
+----------------------------+-------------------+
; Output enables             ; 0 / 6 ( 0 % )     ;
; PIA buffers                ; 66 / 288 ( 23 % ) ;
; PIAs                       ; 90 / 288 ( 31 % ) ;
+----------------------------+-------------------+


+-----------------------------------------------------------------------------+
; LAB External Interconnect                                                   ;
+-----------------------------------------------+-----------------------------+
; LAB External Interconnects  (Average = 11.25) ; Number of LABs  (Total = 6) ;
+-----------------------------------------------+-----------------------------+
; 0 - 2                                         ; 2                           ;
; 3 - 5                                         ; 0                           ;
; 6 - 8                                         ; 3                           ;
; 9 - 11                                        ; 1                           ;
; 12 - 14                                       ; 0                           ;
; 15 - 17                                       ; 0                           ;
; 18 - 20                                       ; 0                           ;
; 21 - 23                                       ; 0                           ;
; 24 - 26                                       ; 0                           ;
; 27 - 29                                       ; 1                           ;
; 30 - 32                                       ; 1                           ;
+-----------------------------------------------+-----------------------------+


+-----------------------------------------------------------------------+
; LAB Macrocells                                                        ;
+-----------------------------------------+-----------------------------+
; Number of Macrocells  (Average = 10.50) ; Number of LABs  (Total = 6) ;
+-----------------------------------------+-----------------------------+
; 0                                       ; 2                           ;
; 1                                       ; 0                           ;
; 2                                       ; 0                           ;
; 3                                       ; 0                           ;
; 4                                       ; 0                           ;
; 5                                       ; 0                           ;
; 6                                       ; 0                           ;
; 7                                       ; 0                           ;
; 8                                       ; 0                           ;
; 9                                       ; 0                           ;
; 10                                      ; 0                           ;
; 11                                      ; 1                           ;
; 12                                      ; 1                           ;
; 13                                      ; 0                           ;
; 14                                      ; 1                           ;
; 15                                      ; 1                           ;
; 16                                      ; 2                           ;
+-----------------------------------------+-----------------------------+


+---------------------------------------------------------+
; Parallel Expander                                       ;
+--------------------------+------------------------------+
; Parallel Expander Length ; Number of Parallel Expanders ;
+--------------------------+------------------------------+
; 0                        ; 0                            ;
; 1                        ; 19                           ;
; 2                        ; 7                            ;
+--------------------------+------------------------------+


+-------------------------------------------------------------------------------+
; Shareable Expander                                                            ;
+-------------------------------------------------+-----------------------------+
; Number of shareable expanders  (Average = 2.75) ; Number of LABs  (Total = 4) ;
+-------------------------------------------------+-----------------------------+
; 0                                               ; 4                           ;
; 1                                               ; 0                           ;
; 2                                               ; 1                           ;
; 3                                               ; 0                           ;
; 4                                               ; 1                           ;
; 5                                               ; 0                           ;
; 6                                               ; 1                           ;
; 7                                               ; 0                           ;
; 8                                               ; 0                           ;
; 9                                               ; 0                           ;
; 10                                              ; 1                           ;
+-------------------------------------------------+-----------------------------+


+--------------------------------------------------------------------------------------------------------------------------------------------------------------------------------------------------------------------------------------------------------------------------------------------------------------------------------------------------------------------------------------------------------------------------------------------------------------------------------------------------------------------------------------------------------------------------------------------------------------+
; Logic Cell Interconnection                                                                                                                                                                                                                                                                                                                                                                                                                                                                                                                                                                                   ;
+-----+------------+----------------------------------------------------------------------------------------------------------------------------------------------------------------------------------------------------------------------------------------------------------------------------------------------------------------------------------------------------------------------------------------------------------------------------+--------------------------------------------------------------------------------------------------------------------------------------------------------------+
; LAB ; Logic Cell ; Input                                                                                                                                                                                                                                                                                                                                                                                                                      ; Output                                                                                                                                                       ;
+-----+------------+----------------------------------------------------------------------------------------------------------------------------------------------------------------------------------------------------------------------------------------------------------------------------------------------------------------------------------------------------------------------------------------------------------------------------+--------------------------------------------------------------------------------------------------------------------------------------------------------------+
;  A  ; LC11       ; a[0], b[0]                                                                                                                                                                                                                                                                                                                                                                                                                 ; BCD_to_7SEG:u1|seg[2]~90, BCD_to_7SEG:u1|seg[0]~162, BCD_to_7SEG:u1|seg[0]~274                                                                               ;
;  A  ; LC12       ; a[1], b[1], a[0], b[0]                                                                                                                                                                                                                                                                                                                                                                                                     ; BCD_to_7SEG:u1|seg[2]~90, BCD_to_7SEG:u1|seg[0]~162, BCD_to_7SEG:u1|seg[0]~274                                                                               ;
;  A  ; LC3        ; bcdadd:add|lpm_add_sub:Add0|addcore:adder|a_csnbuffer:result_node|sout_node[2]~36, a[1], b[2], b[1], b[0], a[0], a[2]                                                                                                                                                                                                                                                                                                      ; BCD_to_7SEG:u1|seg[2]~90, BCD_to_7SEG:u1|seg[0]~162, BCD_to_7SEG:u1|seg[0]~274                                                                               ;
;  A  ; LC5        ; bcdadd:add|lpm_add_sub:Add0|addcore:adder|a_csnbuffer:result_node|sout_node[3]~42, a[1], a[2], a[0], b[0], b[2], b[1], bcdadd:add|lpm_add_sub:Add0|addcore:adder|a_csnbuffer:result_node|sout_node[3]~15, bcdadd:add|lpm_add_sub:Add0|addcore:adder|a_csnbuffer:result_node|sout_node[3]~16                                                                                                                                ; BCD_to_7SEG:u1|seg[2]~90, BCD_to_7SEG:u1|seg[0]~162, BCD_to_7SEG:u1|seg[0]~274                                                                               ;
;  A  ; LC10       ; bcdadd:add|lpm_add_sub:Add0|addcore:adder|a_csnbuffer:result_node|sout_node[4]~52, a[1], a[2], b[3], a[3], a[0], b[0], b[2], b[1]                                                                                                                                                                                                                                                                                          ; BCD_to_7SEG:u1|seg[2]~90                                                                                                                                     ;
;  A  ; LC14       ; a[0], b[1], b[2], a[1], b[0], a[2], a[3], b[3]                                                                                                                                                                                                                                                                                                                                                                             ; BCD_to_7SEG:u1|seg[5]~154                                                                                                                                    ;
;  A  ; LC7        ; BCD_to_7SEG:u1|seg[3]~337, a[0], b[1], a[1], b[2], a[2], b[0], a[3]                                                                                                                                                                                                                                                                                                                                                        ; BCD_to_7SEG:u1|seg[3]~230                                                                                                                                    ;
;  A  ; LC16       ; a[0], b[1], b[2], a[3], a[1], b[3], b[0], a[2]                                                                                                                                                                                                                                                                                                                                                                             ; BCD_to_7SEG:u1|seg[5]~154                                                                                                                                    ;
;  A  ; LC8        ; a[2], b[3], a[3], b[2], a[1], b[1], a[0], b[0]                                                                                                                                                                                                                                                                                                                                                                             ; bcdadd:add|lpm_add_sub:Add0|addcore:adder|a_csnbuffer:result_node|sout_node[4]~52                                                                            ;
;  A  ; LC1        ; a[1], a[2], b[2], b[1], a[0], b[0]                                                                                                                                                                                                                                                                                                                                                                                         ; bcdadd:add|lpm_add_sub:Add0|addcore:adder|a_csnbuffer:result_node|sout_node[2]~36                                                                            ;
;  A  ; LC9        ; bcdadd:add|lpm_add_sub:Add0|addcore:adder|a_csnbuffer:result_node|sout_node[4]~46, a[2], b[3], a[3], a[0], b[0], b[1], b[2], a[1]                                                                                                                                                                                                                                                                                          ; bcdadd:add|lpm_add_sub:Add0|addcore:adder|a_csnbuffer:result_node|sout_node[4]~24                                                                            ;
;  A  ; LC4        ; a[2], b[2], a[1], b[1]                                                                                                                                                                                                                                                                                                                                                                                                     ; bcdadd:add|lpm_add_sub:Add0|addcore:adder|a_csnbuffer:result_node|sout_node[3]~17                                                                            ;
;  A  ; LC6        ; a[0], b[1], a[1], b[2], a[2], b[0], a[3]                                                                                                                                                                                                                                                                                                                                                                                   ; BCD_to_7SEG:u1|seg[3]~204                                                                                                                                    ;
;  A  ; LC2        ; bcdadd:add|lpm_add_sub:Add0|addcore:adder|a_csnbuffer:result_node|sout_node[2]~31, a[1], a[2], b[0], b[1], a[0], b[2]                                                                                                                                                                                                                                                                                                      ; bcdadd:add|lpm_add_sub:Add0|addcore:adder|a_csnbuffer:result_node|sout_node[2]~8                                                                             ;
;  A  ; LC13       ; a[1], a[3], b[3], a[2], b[2], b[0], a[0], b[1]                                                                                                                                                                                                                                                                                                                                                                             ; BCD_to_7SEG:u2|seg[2]~42                                                                                                                                     ;
;  B  ; LC27       ; BCD_to_7SEG:u1|seg[3]~325, a[0], b[1], a[1], b[2], b[3], a[2], b[0], a[3]                                                                                                                                                                                                                                                                                                                                                  ; BCD_to_7SEG:u1|seg[3]~230                                                                                                                                    ;
;  B  ; LC28       ; a[0], b[0], a[1], a[2], b[2], b[1], b[3], a[3]                                                                                                                                                                                                                                                                                                                                                                             ; BCD_to_7SEG:u1|seg[1]~79                                                                                                                                     ;
;  B  ; LC18       ; BCD_to_7SEG:u1|seg[4]~244, b[0], a[0], b[2], a[1], b[1], a[2], b[3], a[3]                                                                                                                                                                                                                                                                                                                                                  ; BCD_to_7SEG:u1|seg[4]~53                                                                                                                                     ;
;  B  ; LC21       ; b[3], a[3], b[0], a[1], b[1], a[2], b[2]                                                                                                                                                                                                                                                                                                                                                                                   ; BCD_to_7SEG:u1|seg[1]~73                                                                                                                                     ;
;  B  ; LC20       ; BCD_to_7SEG:u1|seg[1]~250, a[0], b[3], a[3], b[0], a[1], b[1], a[2], b[2]                                                                                                                                                                                                                                                                                                                                                  ; BCD_to_7SEG:u1|seg[1]~83                                                                                                                                     ;
;  B  ; LC22       ; BCD_to_7SEG:u1|seg[1]~262, a[3], b[0], a[1], a[2], b[2], b[1], b[3], a[0]                                                                                                                                                                                                                                                                                                                                                  ; BCD_to_7SEG:u1|seg[1]~83                                                                                                                                     ;
;  B  ; LC24       ; BCD_to_7SEG:u1|seg[6]~290, a[0], a[2], a[3], a[1], b[2], b[0], b[3], b[1]                                                                                                                                                                                                                                                                                                                                                  ; BCD_to_7SEG:u1|seg[6]~174                                                                                                                                    ;
;  B  ; LC17       ; b[3], b[0], a[0], b[2], b[1], a[2], a[1]                                                                                                                                                                                                                                                                                                                                                                                   ; BCD_to_7SEG:u1|seg[4]~49                                                                                                                                     ;
;  B  ; LC25       ; BCD_to_7SEG:u1|seg[6]~296, a[0], b[1], a[3], b[2], b[3], b[0], a[2], a[1]                                                                                                                                                                                                                                                                                                                                                  ; BCD_to_7SEG:u1|seg[6]~183                                                                                                                                    ;
;  B  ; LC23       ; a[0], b[1], a[3], a[1], b[3], b[0], b[2], a[2]                                                                                                                                                                                                                                                                                                                                                                             ; BCD_to_7SEG:u1|seg[6]~296                                                                                                                                    ;
;  B  ; LC32       ; BCD_to_7SEG:u1|seg[6]~308, a[0], a[2], b[1], a[3], a[1], b[3], b[0], b[2]                                                                                                                                                                                                                                                                                                                                                  ; BCD_to_7SEG:u1|seg[6]~183                                                                                                                                    ;
;  B  ; LC30       ; a[0], a[2], a[3], b[2], b[0], b[3], b[1], a[1]                                                                                                                                                                                                                                                                                                                                                                             ; BCD_to_7SEG:u1|seg[6]~308                                                                                                                                    ;
;  B  ; LC31       ; BCD_to_7SEG:u1|seg[6]~302, a[2], b[1], a[3], a[1], b[3], b[0], a[0]                                                                                                                                                                                                                                                                                                                                                        ; BCD_to_7SEG:u1|seg[6]~180                                                                                                                                    ;
;  B  ; LC26       ; a[0], b[1], a[1], b[2], b[3], a[2], b[0], a[3]                                                                                                                                                                                                                                                                                                                                                                             ; BCD_to_7SEG:u1|seg[3]~192                                                                                                                                    ;
;  B  ; LC19       ; a[0], b[3], a[3], b[0], a[1], b[1], a[2]                                                                                                                                                                                                                                                                                                                                                                                   ; BCD_to_7SEG:u1|seg[1]~61                                                                                                                                     ;
;  B  ; LC29       ; BCD_to_7SEG:u1|seg[1]~268, a[0], b[0], a[2], b[2], b[1], a[1]                                                                                                                                                                                                                                                                                                                                                              ; BCD_to_7SEG:u1|seg[1]~83                                                                                                                                     ;
;  C  ; LC42       ; BCD_to_7SEG:u1|seg[3]~361, b[1], a[1], b[2], b[3], b[0], a[3], a[2], a[0]                                                                                                                                                                                                                                                                                                                                                  ; BCD_to_7SEG:u1|seg[3]~230                                                                                                                                    ;
;  C  ; LC33       ; a[0], b[3], a[3], a[1], b[1], b[0]                                                                                                                                                                                                                                                                                                                                                                                         ; BCD_to_7SEG:u1|seg[1]~67                                                                                                                                     ;
;  C  ; LC36       ; BCD_to_7SEG:u1|seg[3]~343, a[0], b[1], a[1], b[2], b[3], a[2], b[0]                                                                                                                                                                                                                                                                                                                                                        ; BCD_to_7SEG:u1|seg[3]~230                                                                                                                                    ;
;  C  ; LC43       ; b[3], a[3], b[0], a[0], a[1], b[1], a[2]                                                                                                                                                                                                                                                                                                                                                                                   ; BCD_to_7SEG:u1|seg[4]~37                                                                                                                                     ;
;  C  ; LC38       ; BCD_to_7SEG:u1|seg[3]~349, a[0], b[1], a[1], b[2], b[3], b[0], a[3]                                                                                                                                                                                                                                                                                                                                                        ; BCD_to_7SEG:u1|seg[3]~230                                                                                                                                    ;
;  C  ; LC34       ; BCD_to_7SEG:u1|seg[1]~256, a[0], b[3], a[3], a[1], b[2], b[0], b[1]                                                                                                                                                                                                                                                                                                                                                        ; BCD_to_7SEG:u1|seg[1]~83                                                                                                                                     ;
;  C  ; LC44       ; BCD_to_7SEG:u1|seg[4]~232, b[3], a[3], b[0], a[0], a[1], b[1], a[2]                                                                                                                                                                                                                                                                                                                                                        ; BCD_to_7SEG:u1|seg[4]~53                                                                                                                                     ;
;  C  ; LC37       ; a[0], b[1], b[2], b[3], b[0], a[3], a[1]                                                                                                                                                                                                                                                                                                                                                                                   ; BCD_to_7SEG:u1|seg[3]~216                                                                                                                                    ;
;  C  ; LC39       ; a[0], b[1], a[1], b[3], a[2], b[0], a[3]                                                                                                                                                                                                                                                                                                                                                                                   ; BCD_to_7SEG:u1|seg[3]~222                                                                                                                                    ;
;  C  ; LC41       ; a[0], b[1], a[1], b[2], b[3], a[3], a[2], b[0]                                                                                                                                                                                                                                                                                                                                                                             ; BCD_to_7SEG:u1|seg[3]~228                                                                                                                                    ;
;  C  ; LC35       ; a[0], b[1], a[1], b[2], b[3], a[2], b[0]                                                                                                                                                                                                                                                                                                                                                                                   ; BCD_to_7SEG:u1|seg[3]~210                                                                                                                                    ;
;  C  ; LC40       ; BCD_to_7SEG:u1|seg[3]~355, a[0], a[1], b[2], b[3], a[2], b[0], a[3], b[1]                                                                                                                                                                                                                                                                                                                                                  ; BCD_to_7SEG:u1|seg[3]~230                                                                                                                                    ;
;  F  ; LC81       ; a[1], a[0], a[2], b[2], b[1], b[3], a[3], b[0]                                                                                                                                                                                                                                                                                                                                                                             ; bcdadd:add|LessThan0~2                                                                                                                                       ;
;  F  ; LC84       ; bcdadd:add|Add1~23, a[0], a[3], b[2], a[2], b[0], b[3], a[1]                                                                                                                                                                                                                                                                                                                                                               ; bcdadd:add|Add1~15                                                                                                                                           ;
;  F  ; LC82       ; bcdadd:add|LessThan0~9, a[1], a[2], b[2], b[3], a[3], b[0], a[0], b[1]                                                                                                                                                                                                                                                                                                                                                     ; BCD_to_7SEG:u2|seg[2]~39, BCD_to_7SEG:u2|seg[2]~42, BCD_to_7SEG:u1|seg[0]~162, BCD_to_7SEG:u2|seg[2]~44, BCD_to_7SEG:u2|seg[2]~48, BCD_to_7SEG:u1|seg[0]~274 ;
;  F  ; LC94       ; a[1], b[0], a[0], a[3], b[3], b[1], b[2], a[2]                                                                                                                                                                                                                                                                                                                                                                             ; seg2[2]                                                                                                                                                      ;
;  F  ; LC91       ; BCD_to_7SEG:u2|seg[2]~48, BCD_to_7SEG:u2|seg[2]~52, a[3], a[2], b[3], BCD_to_7SEG:u2|seg[2]~53, b[2], BCD_to_7SEG:u2|seg[2]~54, a[0], a[1], b[1], b[0], BCD_to_7SEG:u2|seg[2]~55, BCD_to_7SEG:u2|seg[2]~56                                                                                                                                                                                                                 ; seg2[0]                                                                                                                                                      ;
;  F  ; LC85       ; bcdadd:add|Add1~16, BCD_to_7SEG:u2|seg[2]~52, a[3], a[2], b[3], BCD_to_7SEG:u2|seg[2]~54, a[0], a[1], b[1], b[0], BCD_to_7SEG:u2|seg[2]~53, b[2], BCD_to_7SEG:u2|seg[2]~55, BCD_to_7SEG:u2|seg[2]~56                                                                                                                                                                                                                       ; BCD_to_7SEG:u2|seg[2]~42                                                                                                                                     ;
;  F  ; LC96       ; a[0], b[2], a[1], b[3], b[0], a[2], b[1]                                                                                                                                                                                                                                                                                                                                                                                   ; BCD_to_7SEG:u1|seg[5]~154                                                                                                                                    ;
;  F  ; LC92       ; b[1], b[2], a[3], a[1], b[3], a[2], b[0]                                                                                                                                                                                                                                                                                                                                                                                   ; BCD_to_7SEG:u1|seg[5]~154                                                                                                                                    ;
;  F  ; LC89       ; a[0], b[1], b[2], a[3], a[1], b[3], a[2]                                                                                                                                                                                                                                                                                                                                                                                   ; BCD_to_7SEG:u1|seg[5]~154                                                                                                                                    ;
;  F  ; LC93       ;                                                                                                                                                                                                                                                                                                                                                                                                                            ; seg2[1]                                                                                                                                                      ;
;  F  ; LC83       ; b[1], a[3], b[2], b[3]                                                                                                                                                                                                                                                                                                                                                                                                     ; bcdadd:add|Add1~16                                                                                                                                           ;
;  F  ; LC88       ; a[0], b[2], b[3], b[0], a[2], a[3], a[1]                                                                                                                                                                                                                                                                                                                                                                                   ; BCD_to_7SEG:u1|seg[5]~154                                                                                                                                    ;
;  F  ; LC90       ; bcdadd:add|LessThan0~2, a[0], b[2], a[3], a[2], b[3], b[0], BCD_to_7SEG:u2|seg[2]~57                                                                                                                                                                                                                                                                                                                                       ; BCD_to_7SEG:u2|seg[2]~30                                                                                                                                     ;
;  F  ; LC87       ; a[1], b[0], a[0], a[3], b[3], b[1], b[2], a[2]                                                                                                                                                                                                                                                                                                                                                                             ; BCD_to_7SEG:u2|seg[2]~42, BCD_to_7SEG:u1|seg[5]~154                                                                                                          ;
;  G  ; LC109      ; BCD_to_7SEG:u1|seg[1]~80, BCD_to_7SEG:u1|seg[1]~81, BCD_to_7SEG:u1|seg[1]~82, BCD_to_7SEG:u1|seg[1]~61, BCD_to_7SEG:u1|seg[1]~67, BCD_to_7SEG:u1|seg[1]~73, BCD_to_7SEG:u1|seg[1]~79                                                                                                                                                                                                                                       ; seg1[1]                                                                                                                                                      ;
;  G  ; LC101      ; BCD_to_7SEG:u2|seg[2]~31, a[2], a[3], b[3], BCD_to_7SEG:u2|seg[2]~8, b[2], BCD_to_7SEG:u2|seg[2]~11, b[1], a[1], BCD_to_7SEG:u2|seg[2]~12, bcdadd:add|LessThan0~2                                                                                                                                                                                                                                                          ; seg2[5]                                                                                                                                                      ;
;  G  ; LC106      ; bcdadd:add|lpm_add_sub:Add0|addcore:adder|a_csnbuffer:result_node|sout_node[1]~3, bcdadd:add|lpm_add_sub:Add0|addcore:adder|a_csnbuffer:result_node|sout_node[2]~8, bcdadd:add|LessThan0~2, bcdadd:add|lpm_add_sub:Add0|addcore:adder|a_csnbuffer:result_node|sout_node[0]~2, bcdadd:add|lpm_add_sub:Add0|addcore:adder|a_csnbuffer:result_node|sout_node[3]~17                                                            ; BCD_to_7SEG:u1|seg[0]~162                                                                                                                                    ;
;  G  ; LC97       ; bcdadd:add|LessThan0~2, bcdadd:add|Add1~15, bcdadd:add|Cout[1]~21sexpand0bal, bcdadd:add|Cout[1]~21sexpand2bal                                                                                                                                                                                                                                                                                                             ; seg2[3]                                                                                                                                                      ;
;  G  ; LC99       ; BCD_to_7SEG:u2|seg[2]~44, BCD_to_7SEG:u2|seg[2]~8, a[3], a[2], b[3], BCD_to_7SEG:u2|seg[2]~9, a[0], a[1], b[1], b[0], BCD_to_7SEG:u2|seg[2]~10, b[2], BCD_to_7SEG:u2|seg[2]~11, BCD_to_7SEG:u2|seg[2]~12                                                                                                                                                                                                                   ; seg2[4]                                                                                                                                                      ;
;  G  ; LC104      ; a[1], b[0], a[0], a[3], b[3], b[1], b[2], a[2]                                                                                                                                                                                                                                                                                                                                                                             ; seg2[6]                                                                                                                                                      ;
;  G  ; LC100      ; BCD_to_7SEG:u1|seg[5]~152bal, BCD_to_7SEG:u1|seg[5]~109, BCD_to_7SEG:u1|seg[5]~115, BCD_to_7SEG:u1|seg[5]~121, BCD_to_7SEG:u1|seg[5]~127, BCD_to_7SEG:u1|seg[5]~133, BCD_to_7SEG:u1|seg[5]~139, BCD_to_7SEG:u1|seg[5]~145, BCD_to_7SEG:u1|seg[5]~151, BCD_to_7SEG:u1|seg[5]~97sexp4bal, bcdadd:add|Cout[1]~21sexpand0bal                                                                                                   ; BCD_to_7SEG:u1|seg[5]~367                                                                                                                                    ;
;  G  ; LC102      ; a[0], b[1], a[1], b[3], a[2], b[0], a[3], b[2]                                                                                                                                                                                                                                                                                                                                                                             ; BCD_to_7SEG:u1|seg[3]~198                                                                                                                                    ;
;  G  ; LC103      ; BCD_to_7SEG:u1|seg[3]~331, a[0], b[1], a[1], b[2], b[3], a[2], b[0], a[3]                                                                                                                                                                                                                                                                                                                                                  ; BCD_to_7SEG:u1|seg[3]~230                                                                                                                                    ;
;  G  ; LC98       ; bcdadd:add|LessThan0~2, a[0], a[3], b[2], a[2], b[0], b[3], BCD_to_7SEG:u2|seg[2]~7                                                                                                                                                                                                                                                                                                                                        ; BCD_to_7SEG:u2|seg[2]~18                                                                                                                                     ;
;  G  ; LC107      ; BCD_to_7SEG:u1|seg[0]~274, bcdadd:add|lpm_add_sub:Add0|addcore:adder|a_csnbuffer:result_node|sout_node[1]~3, bcdadd:add|lpm_add_sub:Add0|addcore:adder|a_csnbuffer:result_node|sout_node[2]~8, bcdadd:add|LessThan0~2, bcdadd:add|lpm_add_sub:Add0|addcore:adder|a_csnbuffer:result_node|sout_node[0]~2, bcdadd:add|lpm_add_sub:Add0|addcore:adder|a_csnbuffer:result_node|sout_node[3]~17                                 ; seg1[0]                                                                                                                                                      ;
;  H  ; LC120      ; BCD_to_7SEG:u1|seg[4]~50, BCD_to_7SEG:u1|seg[4]~51, BCD_to_7SEG:u1|seg[4]~52, BCD_to_7SEG:u1|seg[4]~37, BCD_to_7SEG:u1|seg[4]~43, BCD_to_7SEG:u1|seg[4]~49                                                                                                                                                                                                                                                                 ; seg1[4]                                                                                                                                                      ;
;  H  ; LC114      ; BCD_to_7SEG:u1|seg[4]~238, b[3], a[3], b[0], a[0], b[2], a[1], a[2], b[1]                                                                                                                                                                                                                                                                                                                                                  ; BCD_to_7SEG:u1|seg[4]~53                                                                                                                                     ;
;  H  ; LC124      ; b[1], a[3], a[1], b[2], b[3], b[0], a[0], a[2]                                                                                                                                                                                                                                                                                                                                                                             ; BCD_to_7SEG:u1|seg[6]~284                                                                                                                                    ;
;  H  ; LC123      ; BCD_to_7SEG:u1|seg[6]~319, a[2], b[1], a[1], b[2], b[3], a[3], BCD_to_7SEG:u1|seg[6]~168, BCD_to_7SEG:u1|seg[6]~174, BCD_to_7SEG:u1|seg[6]~180                                                                                                                                                                                                                                                                             ; seg1[6]                                                                                                                                                      ;
;  H  ; LC126      ; BCD_to_7SEG:u1|seg[6]~284, a[0], a[2], b[1], a[3], a[1], b[3], b[0], b[2]                                                                                                                                                                                                                                                                                                                                                  ; BCD_to_7SEG:u1|seg[6]~183                                                                                                                                    ;
;  H  ; LC121      ; a[2], a[3], a[1], b[2], b[3], b[1]                                                                                                                                                                                                                                                                                                                                                                                         ; BCD_to_7SEG:u1|seg[6]~319                                                                                                                                    ;
;  H  ; LC122      ; BCD_to_7SEG:u1|seg[6]~314, a[2], b[1], a[3], b[2], b[3], a[1]                                                                                                                                                                                                                                                                                                                                                              ; BCD_to_7SEG:u1|seg[6]~183                                                                                                                                    ;
;  H  ; LC116      ; b[1], a[3], a[1], b[3], a[2], b[2]                                                                                                                                                                                                                                                                                                                                                                                         ; BCD_to_7SEG:u1|seg[5]~154                                                                                                                                    ;
;  H  ; LC125      ; BCD_to_7SEG:u1|seg[6]~278, a[0], a[2], a[3], a[1], b[2], b[3], b[0], b[1]                                                                                                                                                                                                                                                                                                                                                  ; BCD_to_7SEG:u1|seg[6]~168                                                                                                                                    ;
;  H  ; LC127      ; b[1], b[2], a[3], a[1], b[3], b[0]                                                                                                                                                                                                                                                                                                                                                                                         ; BCD_to_7SEG:u1|seg[5]~154                                                                                                                                    ;
;  H  ; LC117      ; BCD_to_7SEG:u1|seg[3]~229, BCD_to_7SEG:u1|seg[3]~192, BCD_to_7SEG:u1|seg[3]~198, BCD_to_7SEG:u1|seg[3]~204, BCD_to_7SEG:u1|seg[3]~210, BCD_to_7SEG:u1|seg[3]~216, BCD_to_7SEG:u1|seg[3]~222, BCD_to_7SEG:u1|seg[3]~228                                                                                                                                                                                                     ; seg1[3]                                                                                                                                                      ;
;  H  ; LC128      ; a[0], b[2], b[3], b[0], a[2], a[3]                                                                                                                                                                                                                                                                                                                                                                                         ; BCD_to_7SEG:u1|seg[5]~154                                                                                                                                    ;
;  H  ; LC113      ; b[3], a[3], b[0], a[0], b[2], a[1], b[1], a[2]                                                                                                                                                                                                                                                                                                                                                                             ; BCD_to_7SEG:u1|seg[4]~43                                                                                                                                     ;
;  H  ; LC119      ; a[0], b[1], a[3], a[1], b[3], b[0], a[2]                                                                                                                                                                                                                                                                                                                                                                                   ; BCD_to_7SEG:u1|seg[5]~154                                                                                                                                    ;
;  H  ; LC115      ; bcdadd:add|lpm_add_sub:Add0|addcore:adder|a_csnbuffer:result_node|sout_node[0]~2, bcdadd:add|lpm_add_sub:Add0|addcore:adder|a_csnbuffer:result_node|sout_node[4]~24, bcdadd:add|lpm_add_sub:Add0|addcore:adder|a_csnbuffer:result_node|sout_node[3]~17, bcdadd:add|lpm_add_sub:Add0|addcore:adder|a_csnbuffer:result_node|sout_node[2]~8, bcdadd:add|lpm_add_sub:Add0|addcore:adder|a_csnbuffer:result_node|sout_node[1]~3 ; seg1[2]                                                                                                                                                      ;
;  H  ; LC118      ; BCD_to_7SEG:u1|seg[5]~154                                                                                                                                                                                                                                                                                                                                                                                                  ; seg1[5]                                                                                                                                                      ;
+-----+------------+----------------------------------------------------------------------------------------------------------------------------------------------------------------------------------------------------------------------------------------------------------------------------------------------------------------------------------------------------------------------------------------------------------------------------+--------------------------------------------------------------------------------------------------------------------------------------------------------------+


+---------------------------------------------------------------+
; Fitter Device Options                                         ;
+----------------------------------------------+----------------+
; Option                                       ; Setting        ;
+----------------------------------------------+----------------+
; Enable user-supplied start-up clock (CLKUSR) ; Off            ;
; Enable device-wide reset (DEV_CLRn)          ; Off            ;
; Enable device-wide output enable (DEV_OE)    ; Off            ;
; Enable INIT_DONE output                      ; Off            ;
; Configuration scheme                         ; Passive Serial ;
; Security bit                                 ; Off            ;
; Base pin-out file on sameframe device        ; Off            ;
+----------------------------------------------+----------------+


+-----------------+
; Fitter Messages ;
+-----------------+
Info: *******************************************************************
Info: Running Quartus II Fitter
    Info: Version 9.1 Build 222 10/21/2009 SJ Web Edition
    Info: Processing started: Tue Apr 29 10:21:42 2014
Info: Command: quartus_fit --read_settings_files=off --write_settings_files=off BCD_ADDER_TOP -c BCD_ADDER_TOP
Info: Selected device EPM7128SLC84-15 for design "BCD_ADDER_TOP"
Warning: Macrocell buffer inserted after node "BCD_to_7SEG:u1|seg[5]~154"
Info: Quartus II Fitter was successful. 0 errors, 1 warning
    Info: Peak virtual memory: 171 megabytes
    Info: Processing ended: Tue Apr 29 10:21:43 2014
    Info: Elapsed time: 00:00:01
    Info: Total CPU time (on all processors): 00:00:01


