Simulator report for bcd_count
Tue May 20 09:43:39 2014
Quartus II Version 9.1 Build 222 10/21/2009 SJ Web Edition


---------------------
; Table of Contents ;
---------------------
  1. Legal Notice
  2. Simulator Summary
  3. Simulator Settings
  4. Simulation Waveforms
  5. Coverage Summary
  6. Complete 1/0-Value Coverage
  7. Missing 1-Value Coverage
  8. Missing 0-Value Coverage
  9. Simulator INI Usage
 10. Simulator Messages



----------------
; Legal Notice ;
----------------
Copyright (C) 1991-2009 Altera Corporation
Your use of Altera Corporation's design tools, logic functions 
and other software and tools, and its AMPP partner logic 
functions, and any output files from any of the foregoing 
(including device programming or simulation files), and any 
associated documentation or information are expressly subject 
to the terms and conditions of the Altera Program License 
Subscription Agreement, Altera MegaCore Function License 
Agreement, or other applicable license agreement, including, 
without limitation, that your use is for the sole purpose of 
programming logic devices manufactured by Altera and sold by 
Altera or its authorized distributors.  Please refer to the 
applicable agreement for further details.



+--------------------------------------------+
; Simulator Summary                          ;
+-----------------------------+--------------+
; Type                        ; Value        ;
+-----------------------------+--------------+
; Simulation Start Time       ; 0 ps         ;
; Simulation End Time         ; 1.6 us       ;
; Simulation Netlist Size     ; 136 nodes    ;
; Simulation Coverage         ;      64.71 % ;
; Total Number of Transitions ; 811          ;
; Simulation Breakpoints      ; 0            ;
; Family                      ; MAX7000S     ;
+-----------------------------+--------------+


+----------------------------------------------------------------------------------------------------------------------------+
; Simulator Settings                                                                                                         ;
+--------------------------------------------------------------------------------------------+---------------+---------------+
; Option                                                                                     ; Setting       ; Default Value ;
+--------------------------------------------------------------------------------------------+---------------+---------------+
; Simulation mode                                                                            ; Functional    ; Timing        ;
; Start time                                                                                 ; 0 ns          ; 0 ns          ;
; Simulation results format                                                                  ; CVWF          ;               ;
; Vector input source                                                                        ; bcd_count.vwf ;               ;
; Add pins automatically to simulation output waveforms                                      ; On            ; On            ;
; Check outputs                                                                              ; Off           ; Off           ;
; Report simulation coverage                                                                 ; On            ; On            ;
; Display complete 1/0 value coverage report                                                 ; On            ; On            ;
; Display missing 1-value coverage report                                                    ; On            ; On            ;
; Display missing 0-value coverage report                                                    ; On            ; On            ;
; Detect setup and hold time violations                                                      ; Off           ; Off           ;
; Detect glitches                                                                            ; Off           ; Off           ;
; Disable timing delays in Timing Simulation                                                 ; Off           ; Off           ;
; Generate Signal Activity File                                                              ; Off           ; Off           ;
; Generate VCD File for PowerPlay Power Analyzer                                             ; Off           ; Off           ;
; Group bus channels in simulation results                                                   ; Off           ; Off           ;
; Preserve fewer signal transitions to reduce memory requirements                            ; On            ; On            ;
; Trigger vector comparison with the specified mode                                          ; INPUT_EDGE    ; INPUT_EDGE    ;
; Disable setup and hold time violations detection in input registers of bi-directional pins ; Off           ; Off           ;
; Overwrite Waveform Inputs With Simulation Outputs                                          ; Off           ;               ;
; Perform Glitch Filtering in Timing Simulation                                              ; Auto          ; Auto          ;
+--------------------------------------------------------------------------------------------+---------------+---------------+


+----------------------+
; Simulation Waveforms ;
+----------------------+
Waveform report data cannot be output to ASCII.
Please use Quartus II to view the waveform report data.


+--------------------------------------------------------------------+
; Coverage Summary                                                   ;
+-----------------------------------------------------+--------------+
; Type                                                ; Value        ;
+-----------------------------------------------------+--------------+
; Total coverage as a percentage                      ;      64.71 % ;
; Total nodes checked                                 ; 136          ;
; Total output ports checked                          ; 136          ;
; Total output ports with complete 1/0-value coverage ; 88           ;
; Total output ports with no 1/0-value coverage       ; 43           ;
; Total output ports with no 1-value coverage         ; 45           ;
; Total output ports with no 0-value coverage         ; 46           ;
+-----------------------------------------------------+--------------+


The following table displays output ports that toggle between 1 and 0 during simulation.
+------------------------------------------------------------------------------------------------------------------------------------------------------------------------------------+
; Complete 1/0-Value Coverage                                                                                                                                                        ;
+--------------------------------------------------------------------------------+--------------------------------------------------------------------------------+------------------+
; Node Name                                                                      ; Output Port Name                                                               ; Output Port Type ;
+--------------------------------------------------------------------------------+--------------------------------------------------------------------------------+------------------+
; |bcd_count|Q~4                                                                 ; |bcd_count|Q~4                                                                 ; out              ;
; |bcd_count|Q~5                                                                 ; |bcd_count|Q~5                                                                 ; out              ;
; |bcd_count|Q~6                                                                 ; |bcd_count|Q~6                                                                 ; out              ;
; |bcd_count|Q~7                                                                 ; |bcd_count|Q~7                                                                 ; out              ;
; |bcd_count|Q~8                                                                 ; |bcd_count|Q~8                                                                 ; out              ;
; |bcd_count|Q~9                                                                 ; |bcd_count|Q~9                                                                 ; out              ;
; |bcd_count|Q~10                                                                ; |bcd_count|Q~10                                                                ; out              ;
; |bcd_count|Q~11                                                                ; |bcd_count|Q~11                                                                ; out              ;
; |bcd_count|Q~12                                                                ; |bcd_count|Q~12                                                                ; out              ;
; |bcd_count|Q~13                                                                ; |bcd_count|Q~13                                                                ; out              ;
; |bcd_count|Q~14                                                                ; |bcd_count|Q~14                                                                ; out              ;
; |bcd_count|Q~15                                                                ; |bcd_count|Q~15                                                                ; out              ;
; |bcd_count|Q~16                                                                ; |bcd_count|Q~16                                                                ; out              ;
; |bcd_count|Q~17                                                                ; |bcd_count|Q~17                                                                ; out              ;
; |bcd_count|Q~18                                                                ; |bcd_count|Q~18                                                                ; out              ;
; |bcd_count|Q~19                                                                ; |bcd_count|Q~19                                                                ; out              ;
; |bcd_count|Q[0]                                                                ; |bcd_count|Q[0]                                                                ; regout           ;
; |bcd_count|Q[3]                                                                ; |bcd_count|Q[3]                                                                ; regout           ;
; |bcd_count|Q[2]                                                                ; |bcd_count|Q[2]                                                                ; regout           ;
; |bcd_count|Q[1]                                                                ; |bcd_count|Q[1]                                                                ; regout           ;
; |bcd_count|seg~2                                                               ; |bcd_count|seg~2                                                               ; out0             ;
; |bcd_count|WideOr0                                                             ; |bcd_count|WideOr0                                                             ; out0             ;
; |bcd_count|WideOr1                                                             ; |bcd_count|WideOr1                                                             ; out0             ;
; |bcd_count|WideOr2                                                             ; |bcd_count|WideOr2                                                             ; out0             ;
; |bcd_count|WideOr3                                                             ; |bcd_count|WideOr3                                                             ; out0             ;
; |bcd_count|clk                                                                 ; |bcd_count|clk                                                                 ; out              ;
; |bcd_count|cen                                                                 ; |bcd_count|cen                                                                 ; out              ;
; |bcd_count|seg[0]                                                              ; |bcd_count|seg[0]                                                              ; pin_out          ;
; |bcd_count|seg[1]                                                              ; |bcd_count|seg[1]                                                              ; pin_out          ;
; |bcd_count|seg[2]                                                              ; |bcd_count|seg[2]                                                              ; pin_out          ;
; |bcd_count|seg[3]                                                              ; |bcd_count|seg[3]                                                              ; pin_out          ;
; |bcd_count|seg[5]                                                              ; |bcd_count|seg[5]                                                              ; pin_out          ;
; |bcd_count|Decoder0~4                                                          ; |bcd_count|Decoder0~4                                                          ; out              ;
; |bcd_count|Decoder0~5                                                          ; |bcd_count|Decoder0~5                                                          ; out              ;
; |bcd_count|Decoder0~6                                                          ; |bcd_count|Decoder0~6                                                          ; out              ;
; |bcd_count|Decoder0~7                                                          ; |bcd_count|Decoder0~7                                                          ; out              ;
; |bcd_count|Decoder0~8                                                          ; |bcd_count|Decoder0~8                                                          ; out              ;
; |bcd_count|LessThan0~0                                                         ; |bcd_count|LessThan0~0                                                         ; out0             ;
; |bcd_count|LessThan0~1                                                         ; |bcd_count|LessThan0~1                                                         ; out0             ;
; |bcd_count|LessThan0~2                                                         ; |bcd_count|LessThan0~2                                                         ; out0             ;
; |bcd_count|lpm_add_sub:Add1|addcore:adder|addcore:adder[0]|ps[1]~1             ; |bcd_count|lpm_add_sub:Add1|addcore:adder|addcore:adder[0]|ps[1]~1             ; out0             ;
; |bcd_count|lpm_add_sub:Add1|addcore:adder|addcore:adder[0]|psi[1]              ; |bcd_count|lpm_add_sub:Add1|addcore:adder|addcore:adder[0]|psi[1]              ; out0             ;
; |bcd_count|lpm_add_sub:Add1|addcore:adder|addcore:adder[0]|gn[2]               ; |bcd_count|lpm_add_sub:Add1|addcore:adder|addcore:adder[0]|gn[2]               ; out0             ;
; |bcd_count|lpm_add_sub:Add1|addcore:adder|addcore:adder[0]|gn[3]               ; |bcd_count|lpm_add_sub:Add1|addcore:adder|addcore:adder[0]|gn[3]               ; out0             ;
; |bcd_count|lpm_add_sub:Add1|addcore:adder|addcore:adder[0]|gn[4]               ; |bcd_count|lpm_add_sub:Add1|addcore:adder|addcore:adder[0]|gn[4]               ; out0             ;
; |bcd_count|lpm_add_sub:Add1|addcore:adder|addcore:adder[0]|g3~0                ; |bcd_count|lpm_add_sub:Add1|addcore:adder|addcore:adder[0]|g3~0                ; out0             ;
; |bcd_count|lpm_add_sub:Add1|addcore:adder|addcore:adder[0]|g3                  ; |bcd_count|lpm_add_sub:Add1|addcore:adder|addcore:adder[0]|g3                  ; out0             ;
; |bcd_count|lpm_add_sub:Add1|addcore:adder|addcore:adder[0]|_~0                 ; |bcd_count|lpm_add_sub:Add1|addcore:adder|addcore:adder[0]|_~0                 ; out0             ;
; |bcd_count|lpm_add_sub:Add1|addcore:adder|addcore:adder[0]|g4~0                ; |bcd_count|lpm_add_sub:Add1|addcore:adder|addcore:adder[0]|g4~0                ; out0             ;
; |bcd_count|lpm_add_sub:Add1|addcore:adder|addcore:adder[0]|gc[1]~0             ; |bcd_count|lpm_add_sub:Add1|addcore:adder|addcore:adder[0]|gc[1]~0             ; out0             ;
; |bcd_count|lpm_add_sub:Add1|addcore:adder|addcore:adder[0]|gc[1]               ; |bcd_count|lpm_add_sub:Add1|addcore:adder|addcore:adder[0]|gc[1]               ; out0             ;
; |bcd_count|lpm_add_sub:Add1|addcore:adder|addcore:adder[0]|gc[2]~1             ; |bcd_count|lpm_add_sub:Add1|addcore:adder|addcore:adder[0]|gc[2]~1             ; out0             ;
; |bcd_count|lpm_add_sub:Add1|addcore:adder|addcore:adder[0]|gc[2]               ; |bcd_count|lpm_add_sub:Add1|addcore:adder|addcore:adder[0]|gc[2]               ; out0             ;
; |bcd_count|lpm_add_sub:Add1|addcore:adder|addcore:adder[0]|tot_cin_node[1]     ; |bcd_count|lpm_add_sub:Add1|addcore:adder|addcore:adder[0]|tot_cin_node[1]     ; out0             ;
; |bcd_count|lpm_add_sub:Add1|addcore:adder|addcore:adder[0]|tot_cin_node[2]     ; |bcd_count|lpm_add_sub:Add1|addcore:adder|addcore:adder[0]|tot_cin_node[2]     ; out0             ;
; |bcd_count|lpm_add_sub:Add1|addcore:adder|addcore:adder[0]|tot_cin_node[3]     ; |bcd_count|lpm_add_sub:Add1|addcore:adder|addcore:adder[0]|tot_cin_node[3]     ; out0             ;
; |bcd_count|lpm_add_sub:Add1|addcore:adder|addcore:adder[0]|unreg_res_node[1]~0 ; |bcd_count|lpm_add_sub:Add1|addcore:adder|addcore:adder[0]|unreg_res_node[1]~0 ; out0             ;
; |bcd_count|lpm_add_sub:Add1|addcore:adder|addcore:adder[0]|unreg_res_node[1]   ; |bcd_count|lpm_add_sub:Add1|addcore:adder|addcore:adder[0]|unreg_res_node[1]   ; out0             ;
; |bcd_count|lpm_add_sub:Add1|addcore:adder|addcore:adder[0]|_~3                 ; |bcd_count|lpm_add_sub:Add1|addcore:adder|addcore:adder[0]|_~3                 ; out0             ;
; |bcd_count|lpm_add_sub:Add1|addcore:adder|addcore:adder[0]|unreg_res_node[2]~1 ; |bcd_count|lpm_add_sub:Add1|addcore:adder|addcore:adder[0]|unreg_res_node[2]~1 ; out0             ;
; |bcd_count|lpm_add_sub:Add1|addcore:adder|addcore:adder[0]|unreg_res_node[2]   ; |bcd_count|lpm_add_sub:Add1|addcore:adder|addcore:adder[0]|unreg_res_node[2]   ; out0             ;
; |bcd_count|lpm_add_sub:Add1|addcore:adder|addcore:adder[0]|unreg_res_node[3]   ; |bcd_count|lpm_add_sub:Add1|addcore:adder|addcore:adder[0]|unreg_res_node[3]   ; out0             ;
; |bcd_count|lpm_add_sub:Add1|addcore:adder|addcore:adder[0]|_~4                 ; |bcd_count|lpm_add_sub:Add1|addcore:adder|addcore:adder[0]|_~4                 ; out0             ;
; |bcd_count|lpm_add_sub:Add1|addcore:adder|addcore:adder[0]|unreg_res_node[4]~2 ; |bcd_count|lpm_add_sub:Add1|addcore:adder|addcore:adder[0]|unreg_res_node[4]~2 ; out0             ;
; |bcd_count|lpm_add_sub:Add1|addcore:adder|addcore:adder[0]|unreg_res_node[4]   ; |bcd_count|lpm_add_sub:Add1|addcore:adder|addcore:adder[0]|unreg_res_node[4]   ; out0             ;
; |bcd_count|lpm_add_sub:Add0|addcore:adder|addcore:adder[0]|gn[0]               ; |bcd_count|lpm_add_sub:Add0|addcore:adder|addcore:adder[0]|gn[0]               ; out0             ;
; |bcd_count|lpm_add_sub:Add0|addcore:adder|addcore:adder[0]|ps[1]~1             ; |bcd_count|lpm_add_sub:Add0|addcore:adder|addcore:adder[0]|ps[1]~1             ; out0             ;
; |bcd_count|lpm_add_sub:Add0|addcore:adder|addcore:adder[0]|psi[1]              ; |bcd_count|lpm_add_sub:Add0|addcore:adder|addcore:adder[0]|psi[1]              ; out0             ;
; |bcd_count|lpm_add_sub:Add0|addcore:adder|addcore:adder[0]|ps[2]~2             ; |bcd_count|lpm_add_sub:Add0|addcore:adder|addcore:adder[0]|ps[2]~2             ; out0             ;
; |bcd_count|lpm_add_sub:Add0|addcore:adder|addcore:adder[0]|psi[2]              ; |bcd_count|lpm_add_sub:Add0|addcore:adder|addcore:adder[0]|psi[2]              ; out0             ;
; |bcd_count|lpm_add_sub:Add0|addcore:adder|addcore:adder[0]|ps[3]~3             ; |bcd_count|lpm_add_sub:Add0|addcore:adder|addcore:adder[0]|ps[3]~3             ; out0             ;
; |bcd_count|lpm_add_sub:Add0|addcore:adder|addcore:adder[0]|psi[3]              ; |bcd_count|lpm_add_sub:Add0|addcore:adder|addcore:adder[0]|psi[3]              ; out0             ;
; |bcd_count|lpm_add_sub:Add0|addcore:adder|addcore:adder[0]|g3                  ; |bcd_count|lpm_add_sub:Add0|addcore:adder|addcore:adder[0]|g3                  ; out0             ;
; |bcd_count|lpm_add_sub:Add0|addcore:adder|addcore:adder[0]|gc[0]               ; |bcd_count|lpm_add_sub:Add0|addcore:adder|addcore:adder[0]|gc[0]               ; out0             ;
; |bcd_count|lpm_add_sub:Add0|addcore:adder|addcore:adder[0]|gc[1]~0             ; |bcd_count|lpm_add_sub:Add0|addcore:adder|addcore:adder[0]|gc[1]~0             ; out0             ;
; |bcd_count|lpm_add_sub:Add0|addcore:adder|addcore:adder[0]|gc[1]               ; |bcd_count|lpm_add_sub:Add0|addcore:adder|addcore:adder[0]|gc[1]               ; out0             ;
; |bcd_count|lpm_add_sub:Add0|addcore:adder|addcore:adder[0]|gc[2]~1             ; |bcd_count|lpm_add_sub:Add0|addcore:adder|addcore:adder[0]|gc[2]~1             ; out0             ;
; |bcd_count|lpm_add_sub:Add0|addcore:adder|addcore:adder[0]|gc[2]               ; |bcd_count|lpm_add_sub:Add0|addcore:adder|addcore:adder[0]|gc[2]               ; out0             ;
; |bcd_count|lpm_add_sub:Add0|addcore:adder|addcore:adder[0]|tot_cin_node[0]     ; |bcd_count|lpm_add_sub:Add0|addcore:adder|addcore:adder[0]|tot_cin_node[0]     ; out0             ;
; |bcd_count|lpm_add_sub:Add0|addcore:adder|addcore:adder[0]|tot_cin_node[1]     ; |bcd_count|lpm_add_sub:Add0|addcore:adder|addcore:adder[0]|tot_cin_node[1]     ; out0             ;
; |bcd_count|lpm_add_sub:Add0|addcore:adder|addcore:adder[0]|tot_cin_node[2]     ; |bcd_count|lpm_add_sub:Add0|addcore:adder|addcore:adder[0]|tot_cin_node[2]     ; out0             ;
; |bcd_count|lpm_add_sub:Add0|addcore:adder|addcore:adder[0]|_~1                 ; |bcd_count|lpm_add_sub:Add0|addcore:adder|addcore:adder[0]|_~1                 ; out0             ;
; |bcd_count|lpm_add_sub:Add0|addcore:adder|addcore:adder[0]|unreg_result[0]~0   ; |bcd_count|lpm_add_sub:Add0|addcore:adder|addcore:adder[0]|unreg_result[0]~0   ; out0             ;
; |bcd_count|lpm_add_sub:Add0|addcore:adder|addcore:adder[0]|unreg_res_node[1]~0 ; |bcd_count|lpm_add_sub:Add0|addcore:adder|addcore:adder[0]|unreg_res_node[1]~0 ; out0             ;
; |bcd_count|lpm_add_sub:Add0|addcore:adder|addcore:adder[0]|unreg_res_node[1]   ; |bcd_count|lpm_add_sub:Add0|addcore:adder|addcore:adder[0]|unreg_res_node[1]   ; out0             ;
; |bcd_count|lpm_add_sub:Add0|addcore:adder|addcore:adder[0]|unreg_res_node[2]~1 ; |bcd_count|lpm_add_sub:Add0|addcore:adder|addcore:adder[0]|unreg_res_node[2]~1 ; out0             ;
; |bcd_count|lpm_add_sub:Add0|addcore:adder|addcore:adder[0]|unreg_res_node[2]   ; |bcd_count|lpm_add_sub:Add0|addcore:adder|addcore:adder[0]|unreg_res_node[2]   ; out0             ;
; |bcd_count|lpm_add_sub:Add0|addcore:adder|addcore:adder[0]|unreg_res_node[3]   ; |bcd_count|lpm_add_sub:Add0|addcore:adder|addcore:adder[0]|unreg_res_node[3]   ; out0             ;
+--------------------------------------------------------------------------------+--------------------------------------------------------------------------------+------------------+


The following table displays output ports that do not toggle to 1 during simulation.
+----------------------------------------------------------------------------------------------------------------------------------------------------------------------------+
; Missing 1-Value Coverage                                                                                                                                                   ;
+----------------------------------------------------------------------------+----------------------------------------------------------------------------+------------------+
; Node Name                                                                  ; Output Port Name                                                           ; Output Port Type ;
+----------------------------------------------------------------------------+----------------------------------------------------------------------------+------------------+
; |bcd_count|reset                                                           ; |bcd_count|reset                                                           ; out              ;
; |bcd_count|seg[4]                                                          ; |bcd_count|seg[4]                                                          ; pin_out          ;
; |bcd_count|seg[6]                                                          ; |bcd_count|seg[6]                                                          ; pin_out          ;
; |bcd_count|Decoder0~1                                                      ; |bcd_count|Decoder0~1                                                      ; out              ;
; |bcd_count|Decoder0~2                                                      ; |bcd_count|Decoder0~2                                                      ; out              ;
; |bcd_count|Decoder0~3                                                      ; |bcd_count|Decoder0~3                                                      ; out              ;
; |bcd_count|lpm_add_sub:Add1|addcore:adder|addcore:adder[0]|datab_node[7]~0 ; |bcd_count|lpm_add_sub:Add1|addcore:adder|addcore:adder[0]|datab_node[7]~0 ; out0             ;
; |bcd_count|lpm_add_sub:Add1|addcore:adder|addcore:adder[0]|datab_node[4]   ; |bcd_count|lpm_add_sub:Add1|addcore:adder|addcore:adder[0]|datab_node[4]   ; out0             ;
; |bcd_count|lpm_add_sub:Add1|addcore:adder|addcore:adder[0]|datab_node[3]   ; |bcd_count|lpm_add_sub:Add1|addcore:adder|addcore:adder[0]|datab_node[3]   ; out0             ;
; |bcd_count|lpm_add_sub:Add1|addcore:adder|addcore:adder[0]|datab_node[2]   ; |bcd_count|lpm_add_sub:Add1|addcore:adder|addcore:adder[0]|datab_node[2]   ; out0             ;
; |bcd_count|lpm_add_sub:Add1|addcore:adder|addcore:adder[0]|datab_node[1]   ; |bcd_count|lpm_add_sub:Add1|addcore:adder|addcore:adder[0]|datab_node[1]   ; out0             ;
; |bcd_count|lpm_add_sub:Add1|addcore:adder|addcore:adder[0]|datab_node[0]   ; |bcd_count|lpm_add_sub:Add1|addcore:adder|addcore:adder[0]|datab_node[0]   ; out0             ;
; |bcd_count|lpm_add_sub:Add1|addcore:adder|addcore:adder[0]|ps[0]~0         ; |bcd_count|lpm_add_sub:Add1|addcore:adder|addcore:adder[0]|ps[0]~0         ; out0             ;
; |bcd_count|lpm_add_sub:Add1|addcore:adder|addcore:adder[0]|psi[0]          ; |bcd_count|lpm_add_sub:Add1|addcore:adder|addcore:adder[0]|psi[0]          ; out0             ;
; |bcd_count|lpm_add_sub:Add1|addcore:adder|addcore:adder[0]|gn[0]           ; |bcd_count|lpm_add_sub:Add1|addcore:adder|addcore:adder[0]|gn[0]           ; out0             ;
; |bcd_count|lpm_add_sub:Add1|addcore:adder|addcore:adder[0]|gn[1]           ; |bcd_count|lpm_add_sub:Add1|addcore:adder|addcore:adder[0]|gn[1]           ; out0             ;
; |bcd_count|lpm_add_sub:Add1|addcore:adder|addcore:adder[0]|ps[2]~2         ; |bcd_count|lpm_add_sub:Add1|addcore:adder|addcore:adder[0]|ps[2]~2         ; out0             ;
; |bcd_count|lpm_add_sub:Add1|addcore:adder|addcore:adder[0]|psi[2]          ; |bcd_count|lpm_add_sub:Add1|addcore:adder|addcore:adder[0]|psi[2]          ; out0             ;
; |bcd_count|lpm_add_sub:Add1|addcore:adder|addcore:adder[0]|ps[3]~3         ; |bcd_count|lpm_add_sub:Add1|addcore:adder|addcore:adder[0]|ps[3]~3         ; out0             ;
; |bcd_count|lpm_add_sub:Add1|addcore:adder|addcore:adder[0]|psi[3]          ; |bcd_count|lpm_add_sub:Add1|addcore:adder|addcore:adder[0]|psi[3]          ; out0             ;
; |bcd_count|lpm_add_sub:Add1|addcore:adder|addcore:adder[0]|ps[4]~4         ; |bcd_count|lpm_add_sub:Add1|addcore:adder|addcore:adder[0]|ps[4]~4         ; out0             ;
; |bcd_count|lpm_add_sub:Add1|addcore:adder|addcore:adder[0]|psi[4]          ; |bcd_count|lpm_add_sub:Add1|addcore:adder|addcore:adder[0]|psi[4]          ; out0             ;
; |bcd_count|lpm_add_sub:Add1|addcore:adder|addcore:adder[0]|pc[0]           ; |bcd_count|lpm_add_sub:Add1|addcore:adder|addcore:adder[0]|pc[0]           ; out0             ;
; |bcd_count|lpm_add_sub:Add1|addcore:adder|addcore:adder[0]|pc[1]           ; |bcd_count|lpm_add_sub:Add1|addcore:adder|addcore:adder[0]|pc[1]           ; out0             ;
; |bcd_count|lpm_add_sub:Add1|addcore:adder|addcore:adder[0]|pc[2]           ; |bcd_count|lpm_add_sub:Add1|addcore:adder|addcore:adder[0]|pc[2]           ; out0             ;
; |bcd_count|lpm_add_sub:Add1|addcore:adder|addcore:adder[0]|pc[3]           ; |bcd_count|lpm_add_sub:Add1|addcore:adder|addcore:adder[0]|pc[3]           ; out0             ;
; |bcd_count|lpm_add_sub:Add1|addcore:adder|addcore:adder[0]|gc[0]           ; |bcd_count|lpm_add_sub:Add1|addcore:adder|addcore:adder[0]|gc[0]           ; out0             ;
; |bcd_count|lpm_add_sub:Add1|addcore:adder|addcore:adder[0]|tot_cin_node[0] ; |bcd_count|lpm_add_sub:Add1|addcore:adder|addcore:adder[0]|tot_cin_node[0] ; out0             ;
; |bcd_count|lpm_add_sub:Add1|addcore:adder|addcore:adder[0]|_~2             ; |bcd_count|lpm_add_sub:Add1|addcore:adder|addcore:adder[0]|_~2             ; out0             ;
; |bcd_count|lpm_add_sub:Add0|addcore:adder|addcore:adder[0]|datab_node[7]~0 ; |bcd_count|lpm_add_sub:Add0|addcore:adder|addcore:adder[0]|datab_node[7]~0 ; out0             ;
; |bcd_count|lpm_add_sub:Add0|addcore:adder|addcore:adder[0]|datab_node[3]   ; |bcd_count|lpm_add_sub:Add0|addcore:adder|addcore:adder[0]|datab_node[3]   ; out0             ;
; |bcd_count|lpm_add_sub:Add0|addcore:adder|addcore:adder[0]|datab_node[2]   ; |bcd_count|lpm_add_sub:Add0|addcore:adder|addcore:adder[0]|datab_node[2]   ; out0             ;
; |bcd_count|lpm_add_sub:Add0|addcore:adder|addcore:adder[0]|datab_node[1]   ; |bcd_count|lpm_add_sub:Add0|addcore:adder|addcore:adder[0]|datab_node[1]   ; out0             ;
; |bcd_count|lpm_add_sub:Add0|addcore:adder|addcore:adder[0]|datab_node[0]   ; |bcd_count|lpm_add_sub:Add0|addcore:adder|addcore:adder[0]|datab_node[0]   ; out0             ;
; |bcd_count|lpm_add_sub:Add0|addcore:adder|addcore:adder[0]|ps[0]~0         ; |bcd_count|lpm_add_sub:Add0|addcore:adder|addcore:adder[0]|ps[0]~0         ; out0             ;
; |bcd_count|lpm_add_sub:Add0|addcore:adder|addcore:adder[0]|psi[0]          ; |bcd_count|lpm_add_sub:Add0|addcore:adder|addcore:adder[0]|psi[0]          ; out0             ;
; |bcd_count|lpm_add_sub:Add0|addcore:adder|addcore:adder[0]|gn[1]           ; |bcd_count|lpm_add_sub:Add0|addcore:adder|addcore:adder[0]|gn[1]           ; out0             ;
; |bcd_count|lpm_add_sub:Add0|addcore:adder|addcore:adder[0]|gn[2]           ; |bcd_count|lpm_add_sub:Add0|addcore:adder|addcore:adder[0]|gn[2]           ; out0             ;
; |bcd_count|lpm_add_sub:Add0|addcore:adder|addcore:adder[0]|gn[3]           ; |bcd_count|lpm_add_sub:Add0|addcore:adder|addcore:adder[0]|gn[3]           ; out0             ;
; |bcd_count|lpm_add_sub:Add0|addcore:adder|addcore:adder[0]|pc[0]           ; |bcd_count|lpm_add_sub:Add0|addcore:adder|addcore:adder[0]|pc[0]           ; out0             ;
; |bcd_count|lpm_add_sub:Add0|addcore:adder|addcore:adder[0]|pc[1]           ; |bcd_count|lpm_add_sub:Add0|addcore:adder|addcore:adder[0]|pc[1]           ; out0             ;
; |bcd_count|lpm_add_sub:Add0|addcore:adder|addcore:adder[0]|pc[2]           ; |bcd_count|lpm_add_sub:Add0|addcore:adder|addcore:adder[0]|pc[2]           ; out0             ;
; |bcd_count|lpm_add_sub:Add0|addcore:adder|addcore:adder[0]|g3~0            ; |bcd_count|lpm_add_sub:Add0|addcore:adder|addcore:adder[0]|g3~0            ; out0             ;
; |bcd_count|lpm_add_sub:Add0|addcore:adder|addcore:adder[0]|_~2             ; |bcd_count|lpm_add_sub:Add0|addcore:adder|addcore:adder[0]|_~2             ; out0             ;
; |bcd_count|lpm_add_sub:Add0|addcore:adder|addcore:adder[0]|_~3             ; |bcd_count|lpm_add_sub:Add0|addcore:adder|addcore:adder[0]|_~3             ; out0             ;
+----------------------------------------------------------------------------+----------------------------------------------------------------------------+------------------+


The following table displays output ports that do not toggle to 0 during simulation.
+----------------------------------------------------------------------------------------------------------------------------------------------------------------------------+
; Missing 0-Value Coverage                                                                                                                                                   ;
+----------------------------------------------------------------------------+----------------------------------------------------------------------------+------------------+
; Node Name                                                                  ; Output Port Name                                                           ; Output Port Type ;
+----------------------------------------------------------------------------+----------------------------------------------------------------------------+------------------+
; |bcd_count|seg~0                                                           ; |bcd_count|seg~0                                                           ; out0             ;
; |bcd_count|updn                                                            ; |bcd_count|updn                                                            ; out              ;
; |bcd_count|seg[4]                                                          ; |bcd_count|seg[4]                                                          ; pin_out          ;
; |bcd_count|Decoder0~0                                                      ; |bcd_count|Decoder0~0                                                      ; out              ;
; |bcd_count|Decoder0~1                                                      ; |bcd_count|Decoder0~1                                                      ; out              ;
; |bcd_count|Decoder0~2                                                      ; |bcd_count|Decoder0~2                                                      ; out              ;
; |bcd_count|Decoder0~3                                                      ; |bcd_count|Decoder0~3                                                      ; out              ;
; |bcd_count|lpm_add_sub:Add1|addcore:adder|addcore:adder[0]|datab_node[7]~0 ; |bcd_count|lpm_add_sub:Add1|addcore:adder|addcore:adder[0]|datab_node[7]~0 ; out0             ;
; |bcd_count|lpm_add_sub:Add1|addcore:adder|addcore:adder[0]|datab_node[4]   ; |bcd_count|lpm_add_sub:Add1|addcore:adder|addcore:adder[0]|datab_node[4]   ; out0             ;
; |bcd_count|lpm_add_sub:Add1|addcore:adder|addcore:adder[0]|datab_node[3]   ; |bcd_count|lpm_add_sub:Add1|addcore:adder|addcore:adder[0]|datab_node[3]   ; out0             ;
; |bcd_count|lpm_add_sub:Add1|addcore:adder|addcore:adder[0]|datab_node[2]   ; |bcd_count|lpm_add_sub:Add1|addcore:adder|addcore:adder[0]|datab_node[2]   ; out0             ;
; |bcd_count|lpm_add_sub:Add1|addcore:adder|addcore:adder[0]|datab_node[1]   ; |bcd_count|lpm_add_sub:Add1|addcore:adder|addcore:adder[0]|datab_node[1]   ; out0             ;
; |bcd_count|lpm_add_sub:Add1|addcore:adder|addcore:adder[0]|datab_node[0]   ; |bcd_count|lpm_add_sub:Add1|addcore:adder|addcore:adder[0]|datab_node[0]   ; out0             ;
; |bcd_count|lpm_add_sub:Add1|addcore:adder|addcore:adder[0]|ps[0]~0         ; |bcd_count|lpm_add_sub:Add1|addcore:adder|addcore:adder[0]|ps[0]~0         ; out0             ;
; |bcd_count|lpm_add_sub:Add1|addcore:adder|addcore:adder[0]|psi[0]          ; |bcd_count|lpm_add_sub:Add1|addcore:adder|addcore:adder[0]|psi[0]          ; out0             ;
; |bcd_count|lpm_add_sub:Add1|addcore:adder|addcore:adder[0]|gn[0]           ; |bcd_count|lpm_add_sub:Add1|addcore:adder|addcore:adder[0]|gn[0]           ; out0             ;
; |bcd_count|lpm_add_sub:Add1|addcore:adder|addcore:adder[0]|gn[1]           ; |bcd_count|lpm_add_sub:Add1|addcore:adder|addcore:adder[0]|gn[1]           ; out0             ;
; |bcd_count|lpm_add_sub:Add1|addcore:adder|addcore:adder[0]|ps[2]~2         ; |bcd_count|lpm_add_sub:Add1|addcore:adder|addcore:adder[0]|ps[2]~2         ; out0             ;
; |bcd_count|lpm_add_sub:Add1|addcore:adder|addcore:adder[0]|psi[2]          ; |bcd_count|lpm_add_sub:Add1|addcore:adder|addcore:adder[0]|psi[2]          ; out0             ;
; |bcd_count|lpm_add_sub:Add1|addcore:adder|addcore:adder[0]|ps[3]~3         ; |bcd_count|lpm_add_sub:Add1|addcore:adder|addcore:adder[0]|ps[3]~3         ; out0             ;
; |bcd_count|lpm_add_sub:Add1|addcore:adder|addcore:adder[0]|psi[3]          ; |bcd_count|lpm_add_sub:Add1|addcore:adder|addcore:adder[0]|psi[3]          ; out0             ;
; |bcd_count|lpm_add_sub:Add1|addcore:adder|addcore:adder[0]|ps[4]~4         ; |bcd_count|lpm_add_sub:Add1|addcore:adder|addcore:adder[0]|ps[4]~4         ; out0             ;
; |bcd_count|lpm_add_sub:Add1|addcore:adder|addcore:adder[0]|psi[4]          ; |bcd_count|lpm_add_sub:Add1|addcore:adder|addcore:adder[0]|psi[4]          ; out0             ;
; |bcd_count|lpm_add_sub:Add1|addcore:adder|addcore:adder[0]|pc[0]           ; |bcd_count|lpm_add_sub:Add1|addcore:adder|addcore:adder[0]|pc[0]           ; out0             ;
; |bcd_count|lpm_add_sub:Add1|addcore:adder|addcore:adder[0]|pc[1]           ; |bcd_count|lpm_add_sub:Add1|addcore:adder|addcore:adder[0]|pc[1]           ; out0             ;
; |bcd_count|lpm_add_sub:Add1|addcore:adder|addcore:adder[0]|pc[2]           ; |bcd_count|lpm_add_sub:Add1|addcore:adder|addcore:adder[0]|pc[2]           ; out0             ;
; |bcd_count|lpm_add_sub:Add1|addcore:adder|addcore:adder[0]|pc[3]           ; |bcd_count|lpm_add_sub:Add1|addcore:adder|addcore:adder[0]|pc[3]           ; out0             ;
; |bcd_count|lpm_add_sub:Add1|addcore:adder|addcore:adder[0]|gc[0]           ; |bcd_count|lpm_add_sub:Add1|addcore:adder|addcore:adder[0]|gc[0]           ; out0             ;
; |bcd_count|lpm_add_sub:Add1|addcore:adder|addcore:adder[0]|tot_cin_node[0] ; |bcd_count|lpm_add_sub:Add1|addcore:adder|addcore:adder[0]|tot_cin_node[0] ; out0             ;
; |bcd_count|lpm_add_sub:Add1|addcore:adder|addcore:adder[0]|_~2             ; |bcd_count|lpm_add_sub:Add1|addcore:adder|addcore:adder[0]|_~2             ; out0             ;
; |bcd_count|lpm_add_sub:Add0|addcore:adder|addcore:adder[0]|datab_node[7]~0 ; |bcd_count|lpm_add_sub:Add0|addcore:adder|addcore:adder[0]|datab_node[7]~0 ; out0             ;
; |bcd_count|lpm_add_sub:Add0|addcore:adder|addcore:adder[0]|datab_node[3]   ; |bcd_count|lpm_add_sub:Add0|addcore:adder|addcore:adder[0]|datab_node[3]   ; out0             ;
; |bcd_count|lpm_add_sub:Add0|addcore:adder|addcore:adder[0]|datab_node[2]   ; |bcd_count|lpm_add_sub:Add0|addcore:adder|addcore:adder[0]|datab_node[2]   ; out0             ;
; |bcd_count|lpm_add_sub:Add0|addcore:adder|addcore:adder[0]|datab_node[1]   ; |bcd_count|lpm_add_sub:Add0|addcore:adder|addcore:adder[0]|datab_node[1]   ; out0             ;
; |bcd_count|lpm_add_sub:Add0|addcore:adder|addcore:adder[0]|datab_node[0]   ; |bcd_count|lpm_add_sub:Add0|addcore:adder|addcore:adder[0]|datab_node[0]   ; out0             ;
; |bcd_count|lpm_add_sub:Add0|addcore:adder|addcore:adder[0]|ps[0]~0         ; |bcd_count|lpm_add_sub:Add0|addcore:adder|addcore:adder[0]|ps[0]~0         ; out0             ;
; |bcd_count|lpm_add_sub:Add0|addcore:adder|addcore:adder[0]|psi[0]          ; |bcd_count|lpm_add_sub:Add0|addcore:adder|addcore:adder[0]|psi[0]          ; out0             ;
; |bcd_count|lpm_add_sub:Add0|addcore:adder|addcore:adder[0]|gn[1]           ; |bcd_count|lpm_add_sub:Add0|addcore:adder|addcore:adder[0]|gn[1]           ; out0             ;
; |bcd_count|lpm_add_sub:Add0|addcore:adder|addcore:adder[0]|gn[2]           ; |bcd_count|lpm_add_sub:Add0|addcore:adder|addcore:adder[0]|gn[2]           ; out0             ;
; |bcd_count|lpm_add_sub:Add0|addcore:adder|addcore:adder[0]|gn[3]           ; |bcd_count|lpm_add_sub:Add0|addcore:adder|addcore:adder[0]|gn[3]           ; out0             ;
; |bcd_count|lpm_add_sub:Add0|addcore:adder|addcore:adder[0]|pc[0]           ; |bcd_count|lpm_add_sub:Add0|addcore:adder|addcore:adder[0]|pc[0]           ; out0             ;
; |bcd_count|lpm_add_sub:Add0|addcore:adder|addcore:adder[0]|pc[1]           ; |bcd_count|lpm_add_sub:Add0|addcore:adder|addcore:adder[0]|pc[1]           ; out0             ;
; |bcd_count|lpm_add_sub:Add0|addcore:adder|addcore:adder[0]|pc[2]           ; |bcd_count|lpm_add_sub:Add0|addcore:adder|addcore:adder[0]|pc[2]           ; out0             ;
; |bcd_count|lpm_add_sub:Add0|addcore:adder|addcore:adder[0]|g3~0            ; |bcd_count|lpm_add_sub:Add0|addcore:adder|addcore:adder[0]|g3~0            ; out0             ;
; |bcd_count|lpm_add_sub:Add0|addcore:adder|addcore:adder[0]|_~2             ; |bcd_count|lpm_add_sub:Add0|addcore:adder|addcore:adder[0]|_~2             ; out0             ;
; |bcd_count|lpm_add_sub:Add0|addcore:adder|addcore:adder[0]|_~3             ; |bcd_count|lpm_add_sub:Add0|addcore:adder|addcore:adder[0]|_~3             ; out0             ;
+----------------------------------------------------------------------------+----------------------------------------------------------------------------+------------------+


+---------------------+
; Simulator INI Usage ;
+--------+------------+
; Option ; Usage      ;
+--------+------------+


+--------------------+
; Simulator Messages ;
+--------------------+
Info: *******************************************************************
Info: Running Quartus II Simulator
    Info: Version 9.1 Build 222 10/21/2009 SJ Web Edition
    Info: Processing started: Tue May 20 09:43:38 2014
Info: Command: quartus_sim --read_settings_files=on --write_settings_files=off bcd_count -c bcd_count
Info: Using vector source file "S:/My Documents/DavidHouston/EE133/EE133_LABS/LAB7/bcd_count/bcd_count.vwf"
Info: Option to preserve fewer signal transitions to reduce memory requirements is enabled
    Info: Simulation has been partitioned into sub-simulations according to the maximum transition count determined by the engine. Transitions from memory will be flushed out to disk at the end of each sub-simulation to reduce memory requirements.
Info: Simulation partitioned into 1 sub-simulations
Info: Simulation coverage is      64.71 %
Info: Number of transitions in simulation is 811
Info: Quartus II Simulator was successful. 0 errors, 0 warnings
    Info: Peak virtual memory: 129 megabytes
    Info: Processing ended: Tue May 20 09:43:40 2014
    Info: Elapsed time: 00:00:02
    Info: Total CPU time (on all processors): 00:00:01


