Flow report for LAB4ADDER
Thu Jan 30 10:00:42 2014
Quartus II Version 9.1 Build 222 10/21/2009 SJ Web Edition


---------------------
; Table of Contents ;
---------------------
  1. Legal Notice
  2. Flow Summary
  3. Flow Settings
  4. Flow Non-Default Global Settings
  5. Flow Elapsed Time
  6. Flow OS Summary
  7. Flow Log



----------------
; Legal Notice ;
----------------
Copyright (C) 1991-2009 Altera Corporation
Your use of Altera Corporation's design tools, logic functions 
and other software and tools, and its AMPP partner logic 
functions, and any output files from any of the foregoing 
(including device programming or simulation files), and any 
associated documentation or information are expressly subject 
to the terms and conditions of the Altera Program License 
Subscription Agreement, Altera MegaCore Function License 
Agreement, or other applicable license agreement, including, 
without limitation, that your use is for the sole purpose of 
programming logic devices manufactured by Altera and sold by 
Altera or its authorized distributors.  Please refer to the 
applicable agreement for further details.



+-------------------------------------------------------------------+
; Flow Summary                                                      ;
+-------------------------+-----------------------------------------+
; Flow Status             ; Successful - Thu Jan 30 10:00:42 2014   ;
; Quartus II Version      ; 9.1 Build 222 10/21/2009 SJ Web Edition ;
; Revision Name           ; LAB4ADDER                               ;
; Top-level Entity Name   ; LAB4ADDER                               ;
; Family                  ; MAX7000S                                ;
; Device                  ; EPM7128SLC84-15                         ;
; Timing Models           ; Final                                   ;
; Met timing requirements ; Yes                                     ;
; Total macrocells        ; 2 / 128 ( 2 % )                         ;
; Total pins              ; 9 / 68 ( 13 % )                         ;
+-------------------------+-----------------------------------------+


+-----------------------------------------+
; Flow Settings                           ;
+-------------------+---------------------+
; Option            ; Setting             ;
+-------------------+---------------------+
; Start date & time ; 01/30/2014 10:00:34 ;
; Main task         ; Compilation         ;
; Revision Name     ; LAB4ADDER           ;
+-------------------+---------------------+


+-----------------------------------------------------------------------------------------------------------------------------------------------------------------+
; Flow Non-Default Global Settings                                                                                                                                ;
+------------------------------------+-----------------------------------------------------------------------------+---------------+-------------+----------------+
; Assignment Name                    ; Value                                                                       ; Default Value ; Entity Name ; Section Id     ;
+------------------------------------+-----------------------------------------------------------------------------+---------------+-------------+----------------+
; COMPILER_SIGNATURE_ID              ; 110482687039.139110483401820                                                ; --            ; --          ; --             ;
; MAX7000_OPTIMIZATION_TECHNIQUE     ; Balanced                                                                    ; Speed         ; --          ; --             ;
; MAX_CORE_JUNCTION_TEMP             ; 85                                                                          ; --            ; --          ; --             ;
; MIN_CORE_JUNCTION_TEMP             ; 0                                                                           ; --            ; --          ; --             ;
; MISC_FILE                          ; S:/My Documents/DavidHouston/EE131LABS/LAB4/EE131L4/LAB3ADDER/LAB4ADDER.dpf ; --            ; --          ; --             ;
; USE_GENERATED_PHYSICAL_CONSTRAINTS ; Off                                                                         ; --            ; --          ; eda_blast_fpga ;
+------------------------------------+-----------------------------------------------------------------------------+---------------+-------------+----------------+


+-----------------------------------------------------------------------------------------------------------------------------+
; Flow Elapsed Time                                                                                                           ;
+-------------------------+--------------+-------------------------+---------------------+------------------------------------+
; Module Name             ; Elapsed Time ; Average Processors Used ; Peak Virtual Memory ; Total CPU Time (on all processors) ;
+-------------------------+--------------+-------------------------+---------------------+------------------------------------+
; Analysis & Synthesis    ; 00:00:02     ; 1.0                     ; 184 MB              ; 00:00:02                           ;
; Fitter                  ; 00:00:00     ; 1.0                     ; 145 MB              ; 00:00:01                           ;
; Assembler               ; 00:00:01     ; 1.0                     ; 161 MB              ; 00:00:01                           ;
; Classic Timing Analyzer ; 00:00:01     ; 1.0                     ; 132 MB              ; 00:00:01                           ;
; Total                   ; 00:00:04     ; --                      ; --                  ; 00:00:05                           ;
+-------------------------+--------------+-------------------------+---------------------+------------------------------------+


+------------------------------------------------------------------------------------------+
; Flow OS Summary                                                                          ;
+-------------------------+------------------+---------------+------------+----------------+
; Module Name             ; Machine Hostname ; OS Name       ; OS Version ; Processor type ;
+-------------------------+------------------+---------------+------------+----------------+
; Analysis & Synthesis    ; PV248_2983       ; Windows Vista ; 6.1        ; i1586          ;
; Fitter                  ; PV248_2983       ; Windows Vista ; 6.1        ; i1586          ;
; Assembler               ; PV248_2983       ; Windows Vista ; 6.1        ; i1586          ;
; Classic Timing Analyzer ; PV248_2983       ; Windows Vista ; 6.1        ; i1586          ;
+-------------------------+------------------+---------------+------------+----------------+


------------
; Flow Log ;
------------
quartus_map --read_settings_files=on --write_settings_files=off LAB4ADDER -c LAB4ADDER
quartus_fit --read_settings_files=off --write_settings_files=off LAB4ADDER -c LAB4ADDER
quartus_asm --read_settings_files=off --write_settings_files=off LAB4ADDER -c LAB4ADDER
quartus_tan --read_settings_files=off --write_settings_files=off LAB4ADDER -c LAB4ADDER



