Simulator report for step_motor
Tue May 13 10:55:17 2014
Quartus II Version 9.1 Build 222 10/21/2009 SJ Web Edition


---------------------
; Table of Contents ;
---------------------
  1. Legal Notice
  2. Simulator Summary
  3. Simulator Settings
  4. Simulation Waveforms
  5. Coverage Summary
  6. Complete 1/0-Value Coverage
  7. Missing 1-Value Coverage
  8. Missing 0-Value Coverage
  9. Simulator INI Usage
 10. Simulator Messages



----------------
; Legal Notice ;
----------------
Copyright (C) 1991-2009 Altera Corporation
Your use of Altera Corporation's design tools, logic functions 
and other software and tools, and its AMPP partner logic 
functions, and any output files from any of the foregoing 
(including device programming or simulation files), and any 
associated documentation or information are expressly subject 
to the terms and conditions of the Altera Program License 
Subscription Agreement, Altera MegaCore Function License 
Agreement, or other applicable license agreement, including, 
without limitation, that your use is for the sole purpose of 
programming logic devices manufactured by Altera and sold by 
Altera or its authorized distributors.  Please refer to the 
applicable agreement for further details.



+--------------------------------------------+
; Simulator Summary                          ;
+-----------------------------+--------------+
; Type                        ; Value        ;
+-----------------------------+--------------+
; Simulation Start Time       ; 0 ps         ;
; Simulation End Time         ; 1.6 us       ;
; Simulation Netlist Size     ; 131 nodes    ;
; Simulation Coverage         ;      59.54 % ;
; Total Number of Transitions ; 975          ;
; Simulation Breakpoints      ; 0            ;
; Family                      ; MAX7000S     ;
+-----------------------------+--------------+


+-----------------------------------------------------------------------------------------------------------------------------+
; Simulator Settings                                                                                                          ;
+--------------------------------------------------------------------------------------------+----------------+---------------+
; Option                                                                                     ; Setting        ; Default Value ;
+--------------------------------------------------------------------------------------------+----------------+---------------+
; Simulation mode                                                                            ; Functional     ; Timing        ;
; Start time                                                                                 ; 0 ns           ; 0 ns          ;
; Simulation results format                                                                  ; CVWF           ;               ;
; Vector input source                                                                        ; step_motor.vwf ;               ;
; Add pins automatically to simulation output waveforms                                      ; On             ; On            ;
; Check outputs                                                                              ; Off            ; Off           ;
; Report simulation coverage                                                                 ; On             ; On            ;
; Display complete 1/0 value coverage report                                                 ; On             ; On            ;
; Display missing 1-value coverage report                                                    ; On             ; On            ;
; Display missing 0-value coverage report                                                    ; On             ; On            ;
; Detect setup and hold time violations                                                      ; Off            ; Off           ;
; Detect glitches                                                                            ; Off            ; Off           ;
; Disable timing delays in Timing Simulation                                                 ; Off            ; Off           ;
; Generate Signal Activity File                                                              ; Off            ; Off           ;
; Generate VCD File for PowerPlay Power Analyzer                                             ; Off            ; Off           ;
; Group bus channels in simulation results                                                   ; Off            ; Off           ;
; Preserve fewer signal transitions to reduce memory requirements                            ; On             ; On            ;
; Trigger vector comparison with the specified mode                                          ; INPUT_EDGE     ; INPUT_EDGE    ;
; Disable setup and hold time violations detection in input registers of bi-directional pins ; Off            ; Off           ;
; Overwrite Waveform Inputs With Simulation Outputs                                          ; Off            ;               ;
; Perform Glitch Filtering in Timing Simulation                                              ; Auto           ; Auto          ;
+--------------------------------------------------------------------------------------------+----------------+---------------+


+----------------------+
; Simulation Waveforms ;
+----------------------+
Waveform report data cannot be output to ASCII.
Please use Quartus II to view the waveform report data.


+--------------------------------------------------------------------+
; Coverage Summary                                                   ;
+-----------------------------------------------------+--------------+
; Type                                                ; Value        ;
+-----------------------------------------------------+--------------+
; Total coverage as a percentage                      ;      59.54 % ;
; Total nodes checked                                 ; 131          ;
; Total output ports checked                          ; 131          ;
; Total output ports with complete 1/0-value coverage ; 78           ;
; Total output ports with no 1/0-value coverage       ; 49           ;
; Total output ports with no 1-value coverage         ; 50           ;
; Total output ports with no 0-value coverage         ; 52           ;
+-----------------------------------------------------+--------------+


The following table displays output ports that toggle between 1 and 0 during simulation.
+--------------------------------------------------------------------------------------------------------------------------------------------------------------------------------------+
; Complete 1/0-Value Coverage                                                                                                                                                          ;
+---------------------------------------------------------------------------------+---------------------------------------------------------------------------------+------------------+
; Node Name                                                                       ; Output Port Name                                                                ; Output Port Type ;
+---------------------------------------------------------------------------------+---------------------------------------------------------------------------------+------------------+
; |step_motor|count~5                                                             ; |step_motor|count~5                                                             ; out              ;
; |step_motor|count~6                                                             ; |step_motor|count~6                                                             ; out              ;
; |step_motor|count~7                                                             ; |step_motor|count~7                                                             ; out              ;
; |step_motor|count~9                                                             ; |step_motor|count~9                                                             ; out              ;
; |step_motor|count~10                                                            ; |step_motor|count~10                                                            ; out              ;
; |step_motor|count~11                                                            ; |step_motor|count~11                                                            ; out              ;
; |step_motor|always0~3                                                           ; |step_motor|always0~3                                                           ; out0             ;
; |step_motor|count~13                                                            ; |step_motor|count~13                                                            ; out              ;
; |step_motor|count~14                                                            ; |step_motor|count~14                                                            ; out              ;
; |step_motor|count~15                                                            ; |step_motor|count~15                                                            ; out              ;
; |step_motor|count~17                                                            ; |step_motor|count~17                                                            ; out              ;
; |step_motor|count~18                                                            ; |step_motor|count~18                                                            ; out              ;
; |step_motor|count~19                                                            ; |step_motor|count~19                                                            ; out              ;
; |step_motor|count~21                                                            ; |step_motor|count~21                                                            ; out              ;
; |step_motor|count~22                                                            ; |step_motor|count~22                                                            ; out              ;
; |step_motor|count~23                                                            ; |step_motor|count~23                                                            ; out              ;
; |step_motor|count[0]                                                            ; |step_motor|count[0]                                                            ; regout           ;
; |step_motor|count[2]                                                            ; |step_motor|count[2]                                                            ; regout           ;
; |step_motor|count[1]                                                            ; |step_motor|count[1]                                                            ; regout           ;
; |step_motor|WideOr0                                                             ; |step_motor|WideOr0                                                             ; out0             ;
; |step_motor|WideOr1                                                             ; |step_motor|WideOr1                                                             ; out0             ;
; |step_motor|WideOr2                                                             ; |step_motor|WideOr2                                                             ; out0             ;
; |step_motor|WideOr3                                                             ; |step_motor|WideOr3                                                             ; out0             ;
; |step_motor|up                                                                  ; |step_motor|up                                                                  ; out              ;
; |step_motor|clk                                                                 ; |step_motor|clk                                                                 ; out              ;
; |step_motor|Q[0]                                                                ; |step_motor|Q[0]                                                                ; pin_out          ;
; |step_motor|Q[1]                                                                ; |step_motor|Q[1]                                                                ; pin_out          ;
; |step_motor|Q[2]                                                                ; |step_motor|Q[2]                                                                ; pin_out          ;
; |step_motor|Q[3]                                                                ; |step_motor|Q[3]                                                                ; pin_out          ;
; |step_motor|Decoder0~0                                                          ; |step_motor|Decoder0~0                                                          ; out0             ;
; |step_motor|Decoder0~1                                                          ; |step_motor|Decoder0~1                                                          ; out0             ;
; |step_motor|Decoder0~2                                                          ; |step_motor|Decoder0~2                                                          ; out0             ;
; |step_motor|Decoder0~3                                                          ; |step_motor|Decoder0~3                                                          ; out0             ;
; |step_motor|Decoder0~4                                                          ; |step_motor|Decoder0~4                                                          ; out0             ;
; |step_motor|Decoder0~5                                                          ; |step_motor|Decoder0~5                                                          ; out0             ;
; |step_motor|Decoder0~6                                                          ; |step_motor|Decoder0~6                                                          ; out0             ;
; |step_motor|lpm_add_sub:Add1|addcore:adder|addcore:adder[0]|gn[0]               ; |step_motor|lpm_add_sub:Add1|addcore:adder|addcore:adder[0]|gn[0]               ; out0             ;
; |step_motor|lpm_add_sub:Add1|addcore:adder|addcore:adder[0]|ps[1]~1             ; |step_motor|lpm_add_sub:Add1|addcore:adder|addcore:adder[0]|ps[1]~1             ; out0             ;
; |step_motor|lpm_add_sub:Add1|addcore:adder|addcore:adder[0]|psi[1]              ; |step_motor|lpm_add_sub:Add1|addcore:adder|addcore:adder[0]|psi[1]              ; out0             ;
; |step_motor|lpm_add_sub:Add1|addcore:adder|addcore:adder[0]|ps[2]~2             ; |step_motor|lpm_add_sub:Add1|addcore:adder|addcore:adder[0]|ps[2]~2             ; out0             ;
; |step_motor|lpm_add_sub:Add1|addcore:adder|addcore:adder[0]|psi[2]              ; |step_motor|lpm_add_sub:Add1|addcore:adder|addcore:adder[0]|psi[2]              ; out0             ;
; |step_motor|lpm_add_sub:Add1|addcore:adder|addcore:adder[0]|gc[0]               ; |step_motor|lpm_add_sub:Add1|addcore:adder|addcore:adder[0]|gc[0]               ; out0             ;
; |step_motor|lpm_add_sub:Add1|addcore:adder|addcore:adder[0]|gc[1]~0             ; |step_motor|lpm_add_sub:Add1|addcore:adder|addcore:adder[0]|gc[1]~0             ; out0             ;
; |step_motor|lpm_add_sub:Add1|addcore:adder|addcore:adder[0]|gc[1]               ; |step_motor|lpm_add_sub:Add1|addcore:adder|addcore:adder[0]|gc[1]               ; out0             ;
; |step_motor|lpm_add_sub:Add1|addcore:adder|addcore:adder[0]|gc[2]~1             ; |step_motor|lpm_add_sub:Add1|addcore:adder|addcore:adder[0]|gc[2]~1             ; out0             ;
; |step_motor|lpm_add_sub:Add1|addcore:adder|addcore:adder[0]|gc[2]               ; |step_motor|lpm_add_sub:Add1|addcore:adder|addcore:adder[0]|gc[2]               ; out0             ;
; |step_motor|lpm_add_sub:Add1|addcore:adder|addcore:adder[0]|tot_cin_node[0]     ; |step_motor|lpm_add_sub:Add1|addcore:adder|addcore:adder[0]|tot_cin_node[0]     ; out0             ;
; |step_motor|lpm_add_sub:Add1|addcore:adder|addcore:adder[0]|tot_cin_node[1]     ; |step_motor|lpm_add_sub:Add1|addcore:adder|addcore:adder[0]|tot_cin_node[1]     ; out0             ;
; |step_motor|lpm_add_sub:Add1|addcore:adder|addcore:adder[0]|tot_cin_node[2]     ; |step_motor|lpm_add_sub:Add1|addcore:adder|addcore:adder[0]|tot_cin_node[2]     ; out0             ;
; |step_motor|lpm_add_sub:Add1|addcore:adder|addcore:adder[0]|_~1                 ; |step_motor|lpm_add_sub:Add1|addcore:adder|addcore:adder[0]|_~1                 ; out0             ;
; |step_motor|lpm_add_sub:Add1|addcore:adder|addcore:adder[0]|unreg_result[0]~0   ; |step_motor|lpm_add_sub:Add1|addcore:adder|addcore:adder[0]|unreg_result[0]~0   ; out0             ;
; |step_motor|lpm_add_sub:Add1|addcore:adder|addcore:adder[0]|unreg_res_node[1]~0 ; |step_motor|lpm_add_sub:Add1|addcore:adder|addcore:adder[0]|unreg_res_node[1]~0 ; out0             ;
; |step_motor|lpm_add_sub:Add1|addcore:adder|addcore:adder[0]|unreg_res_node[1]   ; |step_motor|lpm_add_sub:Add1|addcore:adder|addcore:adder[0]|unreg_res_node[1]   ; out0             ;
; |step_motor|lpm_add_sub:Add1|addcore:adder|addcore:adder[0]|unreg_res_node[2]~1 ; |step_motor|lpm_add_sub:Add1|addcore:adder|addcore:adder[0]|unreg_res_node[2]~1 ; out0             ;
; |step_motor|lpm_add_sub:Add1|addcore:adder|addcore:adder[0]|unreg_res_node[2]   ; |step_motor|lpm_add_sub:Add1|addcore:adder|addcore:adder[0]|unreg_res_node[2]   ; out0             ;
; |step_motor|lpm_add_sub:Add1|addcore:adder|addcore:adder[0]|unreg_res_node[3]   ; |step_motor|lpm_add_sub:Add1|addcore:adder|addcore:adder[0]|unreg_res_node[3]   ; out0             ;
; |step_motor|lpm_add_sub:Add0|addcore:adder|addcore:adder[0]|ps[1]~1             ; |step_motor|lpm_add_sub:Add0|addcore:adder|addcore:adder[0]|ps[1]~1             ; out0             ;
; |step_motor|lpm_add_sub:Add0|addcore:adder|addcore:adder[0]|psi[1]              ; |step_motor|lpm_add_sub:Add0|addcore:adder|addcore:adder[0]|psi[1]              ; out0             ;
; |step_motor|lpm_add_sub:Add0|addcore:adder|addcore:adder[0]|gn[2]               ; |step_motor|lpm_add_sub:Add0|addcore:adder|addcore:adder[0]|gn[2]               ; out0             ;
; |step_motor|lpm_add_sub:Add0|addcore:adder|addcore:adder[0]|gn[3]               ; |step_motor|lpm_add_sub:Add0|addcore:adder|addcore:adder[0]|gn[3]               ; out0             ;
; |step_motor|lpm_add_sub:Add0|addcore:adder|addcore:adder[0]|g3~0                ; |step_motor|lpm_add_sub:Add0|addcore:adder|addcore:adder[0]|g3~0                ; out0             ;
; |step_motor|lpm_add_sub:Add0|addcore:adder|addcore:adder[0]|g3                  ; |step_motor|lpm_add_sub:Add0|addcore:adder|addcore:adder[0]|g3                  ; out0             ;
; |step_motor|lpm_add_sub:Add0|addcore:adder|addcore:adder[0]|_~0                 ; |step_motor|lpm_add_sub:Add0|addcore:adder|addcore:adder[0]|_~0                 ; out0             ;
; |step_motor|lpm_add_sub:Add0|addcore:adder|addcore:adder[0]|g4~0                ; |step_motor|lpm_add_sub:Add0|addcore:adder|addcore:adder[0]|g4~0                ; out0             ;
; |step_motor|lpm_add_sub:Add0|addcore:adder|addcore:adder[0]|gc[1]~0             ; |step_motor|lpm_add_sub:Add0|addcore:adder|addcore:adder[0]|gc[1]~0             ; out0             ;
; |step_motor|lpm_add_sub:Add0|addcore:adder|addcore:adder[0]|gc[1]               ; |step_motor|lpm_add_sub:Add0|addcore:adder|addcore:adder[0]|gc[1]               ; out0             ;
; |step_motor|lpm_add_sub:Add0|addcore:adder|addcore:adder[0]|gc[2]~1             ; |step_motor|lpm_add_sub:Add0|addcore:adder|addcore:adder[0]|gc[2]~1             ; out0             ;
; |step_motor|lpm_add_sub:Add0|addcore:adder|addcore:adder[0]|gc[2]               ; |step_motor|lpm_add_sub:Add0|addcore:adder|addcore:adder[0]|gc[2]               ; out0             ;
; |step_motor|lpm_add_sub:Add0|addcore:adder|addcore:adder[0]|tot_cin_node[1]     ; |step_motor|lpm_add_sub:Add0|addcore:adder|addcore:adder[0]|tot_cin_node[1]     ; out0             ;
; |step_motor|lpm_add_sub:Add0|addcore:adder|addcore:adder[0]|tot_cin_node[2]     ; |step_motor|lpm_add_sub:Add0|addcore:adder|addcore:adder[0]|tot_cin_node[2]     ; out0             ;
; |step_motor|lpm_add_sub:Add0|addcore:adder|addcore:adder[0]|tot_cin_node[3]     ; |step_motor|lpm_add_sub:Add0|addcore:adder|addcore:adder[0]|tot_cin_node[3]     ; out0             ;
; |step_motor|lpm_add_sub:Add0|addcore:adder|addcore:adder[0]|unreg_res_node[1]~0 ; |step_motor|lpm_add_sub:Add0|addcore:adder|addcore:adder[0]|unreg_res_node[1]~0 ; out0             ;
; |step_motor|lpm_add_sub:Add0|addcore:adder|addcore:adder[0]|unreg_res_node[1]   ; |step_motor|lpm_add_sub:Add0|addcore:adder|addcore:adder[0]|unreg_res_node[1]   ; out0             ;
; |step_motor|lpm_add_sub:Add0|addcore:adder|addcore:adder[0]|_~3                 ; |step_motor|lpm_add_sub:Add0|addcore:adder|addcore:adder[0]|_~3                 ; out0             ;
; |step_motor|lpm_add_sub:Add0|addcore:adder|addcore:adder[0]|unreg_res_node[2]~1 ; |step_motor|lpm_add_sub:Add0|addcore:adder|addcore:adder[0]|unreg_res_node[2]~1 ; out0             ;
; |step_motor|lpm_add_sub:Add0|addcore:adder|addcore:adder[0]|unreg_res_node[2]   ; |step_motor|lpm_add_sub:Add0|addcore:adder|addcore:adder[0]|unreg_res_node[2]   ; out0             ;
; |step_motor|lpm_add_sub:Add0|addcore:adder|addcore:adder[0]|unreg_res_node[3]   ; |step_motor|lpm_add_sub:Add0|addcore:adder|addcore:adder[0]|unreg_res_node[3]   ; out0             ;
; |step_motor|lpm_add_sub:Add0|addcore:adder|addcore:adder[0]|unreg_res_node[4]   ; |step_motor|lpm_add_sub:Add0|addcore:adder|addcore:adder[0]|unreg_res_node[4]   ; out0             ;
+---------------------------------------------------------------------------------+---------------------------------------------------------------------------------+------------------+


The following table displays output ports that do not toggle to 1 during simulation.
+--------------------------------------------------------------------------------------------------------------------------------------------------------------------------------------+
; Missing 1-Value Coverage                                                                                                                                                             ;
+---------------------------------------------------------------------------------+---------------------------------------------------------------------------------+------------------+
; Node Name                                                                       ; Output Port Name                                                                ; Output Port Type ;
+---------------------------------------------------------------------------------+---------------------------------------------------------------------------------+------------------+
; |step_motor|count~8                                                             ; |step_motor|count~8                                                             ; out              ;
; |step_motor|count~16                                                            ; |step_motor|count~16                                                            ; out              ;
; |step_motor|count~20                                                            ; |step_motor|count~20                                                            ; out              ;
; |step_motor|count[3]                                                            ; |step_motor|count[3]                                                            ; regout           ;
; |step_motor|rst                                                                 ; |step_motor|rst                                                                 ; out              ;
; |step_motor|lpm_add_sub:Add1|addcore:adder|addcore:adder[0]|datab_node[7]~0     ; |step_motor|lpm_add_sub:Add1|addcore:adder|addcore:adder[0]|datab_node[7]~0     ; out0             ;
; |step_motor|lpm_add_sub:Add1|addcore:adder|addcore:adder[0]|datab_node[3]       ; |step_motor|lpm_add_sub:Add1|addcore:adder|addcore:adder[0]|datab_node[3]       ; out0             ;
; |step_motor|lpm_add_sub:Add1|addcore:adder|addcore:adder[0]|datab_node[2]       ; |step_motor|lpm_add_sub:Add1|addcore:adder|addcore:adder[0]|datab_node[2]       ; out0             ;
; |step_motor|lpm_add_sub:Add1|addcore:adder|addcore:adder[0]|datab_node[1]       ; |step_motor|lpm_add_sub:Add1|addcore:adder|addcore:adder[0]|datab_node[1]       ; out0             ;
; |step_motor|lpm_add_sub:Add1|addcore:adder|addcore:adder[0]|datab_node[0]       ; |step_motor|lpm_add_sub:Add1|addcore:adder|addcore:adder[0]|datab_node[0]       ; out0             ;
; |step_motor|lpm_add_sub:Add1|addcore:adder|addcore:adder[0]|ps[0]~0             ; |step_motor|lpm_add_sub:Add1|addcore:adder|addcore:adder[0]|ps[0]~0             ; out0             ;
; |step_motor|lpm_add_sub:Add1|addcore:adder|addcore:adder[0]|psi[0]              ; |step_motor|lpm_add_sub:Add1|addcore:adder|addcore:adder[0]|psi[0]              ; out0             ;
; |step_motor|lpm_add_sub:Add1|addcore:adder|addcore:adder[0]|gn[1]               ; |step_motor|lpm_add_sub:Add1|addcore:adder|addcore:adder[0]|gn[1]               ; out0             ;
; |step_motor|lpm_add_sub:Add1|addcore:adder|addcore:adder[0]|gn[2]               ; |step_motor|lpm_add_sub:Add1|addcore:adder|addcore:adder[0]|gn[2]               ; out0             ;
; |step_motor|lpm_add_sub:Add1|addcore:adder|addcore:adder[0]|ps[3]~3             ; |step_motor|lpm_add_sub:Add1|addcore:adder|addcore:adder[0]|ps[3]~3             ; out0             ;
; |step_motor|lpm_add_sub:Add1|addcore:adder|addcore:adder[0]|psi[3]              ; |step_motor|lpm_add_sub:Add1|addcore:adder|addcore:adder[0]|psi[3]              ; out0             ;
; |step_motor|lpm_add_sub:Add1|addcore:adder|addcore:adder[0]|gn[3]               ; |step_motor|lpm_add_sub:Add1|addcore:adder|addcore:adder[0]|gn[3]               ; out0             ;
; |step_motor|lpm_add_sub:Add1|addcore:adder|addcore:adder[0]|pc[0]               ; |step_motor|lpm_add_sub:Add1|addcore:adder|addcore:adder[0]|pc[0]               ; out0             ;
; |step_motor|lpm_add_sub:Add1|addcore:adder|addcore:adder[0]|pc[1]               ; |step_motor|lpm_add_sub:Add1|addcore:adder|addcore:adder[0]|pc[1]               ; out0             ;
; |step_motor|lpm_add_sub:Add1|addcore:adder|addcore:adder[0]|pc[2]               ; |step_motor|lpm_add_sub:Add1|addcore:adder|addcore:adder[0]|pc[2]               ; out0             ;
; |step_motor|lpm_add_sub:Add1|addcore:adder|addcore:adder[0]|g3~0                ; |step_motor|lpm_add_sub:Add1|addcore:adder|addcore:adder[0]|g3~0                ; out0             ;
; |step_motor|lpm_add_sub:Add1|addcore:adder|addcore:adder[0]|g3                  ; |step_motor|lpm_add_sub:Add1|addcore:adder|addcore:adder[0]|g3                  ; out0             ;
; |step_motor|lpm_add_sub:Add1|addcore:adder|addcore:adder[0]|_~2                 ; |step_motor|lpm_add_sub:Add1|addcore:adder|addcore:adder[0]|_~2                 ; out0             ;
; |step_motor|lpm_add_sub:Add1|addcore:adder|addcore:adder[0]|_~3                 ; |step_motor|lpm_add_sub:Add1|addcore:adder|addcore:adder[0]|_~3                 ; out0             ;
; |step_motor|lpm_add_sub:Add0|addcore:adder|addcore:adder[0]|datab_node[7]~0     ; |step_motor|lpm_add_sub:Add0|addcore:adder|addcore:adder[0]|datab_node[7]~0     ; out0             ;
; |step_motor|lpm_add_sub:Add0|addcore:adder|addcore:adder[0]|datab_node[4]       ; |step_motor|lpm_add_sub:Add0|addcore:adder|addcore:adder[0]|datab_node[4]       ; out0             ;
; |step_motor|lpm_add_sub:Add0|addcore:adder|addcore:adder[0]|datab_node[3]       ; |step_motor|lpm_add_sub:Add0|addcore:adder|addcore:adder[0]|datab_node[3]       ; out0             ;
; |step_motor|lpm_add_sub:Add0|addcore:adder|addcore:adder[0]|datab_node[2]       ; |step_motor|lpm_add_sub:Add0|addcore:adder|addcore:adder[0]|datab_node[2]       ; out0             ;
; |step_motor|lpm_add_sub:Add0|addcore:adder|addcore:adder[0]|datab_node[1]       ; |step_motor|lpm_add_sub:Add0|addcore:adder|addcore:adder[0]|datab_node[1]       ; out0             ;
; |step_motor|lpm_add_sub:Add0|addcore:adder|addcore:adder[0]|datab_node[0]       ; |step_motor|lpm_add_sub:Add0|addcore:adder|addcore:adder[0]|datab_node[0]       ; out0             ;
; |step_motor|lpm_add_sub:Add0|addcore:adder|addcore:adder[0]|ps[0]~0             ; |step_motor|lpm_add_sub:Add0|addcore:adder|addcore:adder[0]|ps[0]~0             ; out0             ;
; |step_motor|lpm_add_sub:Add0|addcore:adder|addcore:adder[0]|psi[0]              ; |step_motor|lpm_add_sub:Add0|addcore:adder|addcore:adder[0]|psi[0]              ; out0             ;
; |step_motor|lpm_add_sub:Add0|addcore:adder|addcore:adder[0]|gn[0]               ; |step_motor|lpm_add_sub:Add0|addcore:adder|addcore:adder[0]|gn[0]               ; out0             ;
; |step_motor|lpm_add_sub:Add0|addcore:adder|addcore:adder[0]|gn[1]               ; |step_motor|lpm_add_sub:Add0|addcore:adder|addcore:adder[0]|gn[1]               ; out0             ;
; |step_motor|lpm_add_sub:Add0|addcore:adder|addcore:adder[0]|ps[2]~2             ; |step_motor|lpm_add_sub:Add0|addcore:adder|addcore:adder[0]|ps[2]~2             ; out0             ;
; |step_motor|lpm_add_sub:Add0|addcore:adder|addcore:adder[0]|psi[2]              ; |step_motor|lpm_add_sub:Add0|addcore:adder|addcore:adder[0]|psi[2]              ; out0             ;
; |step_motor|lpm_add_sub:Add0|addcore:adder|addcore:adder[0]|ps[3]~3             ; |step_motor|lpm_add_sub:Add0|addcore:adder|addcore:adder[0]|ps[3]~3             ; out0             ;
; |step_motor|lpm_add_sub:Add0|addcore:adder|addcore:adder[0]|psi[3]              ; |step_motor|lpm_add_sub:Add0|addcore:adder|addcore:adder[0]|psi[3]              ; out0             ;
; |step_motor|lpm_add_sub:Add0|addcore:adder|addcore:adder[0]|ps[4]~4             ; |step_motor|lpm_add_sub:Add0|addcore:adder|addcore:adder[0]|ps[4]~4             ; out0             ;
; |step_motor|lpm_add_sub:Add0|addcore:adder|addcore:adder[0]|psi[4]              ; |step_motor|lpm_add_sub:Add0|addcore:adder|addcore:adder[0]|psi[4]              ; out0             ;
; |step_motor|lpm_add_sub:Add0|addcore:adder|addcore:adder[0]|gn[4]               ; |step_motor|lpm_add_sub:Add0|addcore:adder|addcore:adder[0]|gn[4]               ; out0             ;
; |step_motor|lpm_add_sub:Add0|addcore:adder|addcore:adder[0]|pc[0]               ; |step_motor|lpm_add_sub:Add0|addcore:adder|addcore:adder[0]|pc[0]               ; out0             ;
; |step_motor|lpm_add_sub:Add0|addcore:adder|addcore:adder[0]|pc[1]               ; |step_motor|lpm_add_sub:Add0|addcore:adder|addcore:adder[0]|pc[1]               ; out0             ;
; |step_motor|lpm_add_sub:Add0|addcore:adder|addcore:adder[0]|pc[2]               ; |step_motor|lpm_add_sub:Add0|addcore:adder|addcore:adder[0]|pc[2]               ; out0             ;
; |step_motor|lpm_add_sub:Add0|addcore:adder|addcore:adder[0]|pc[3]               ; |step_motor|lpm_add_sub:Add0|addcore:adder|addcore:adder[0]|pc[3]               ; out0             ;
; |step_motor|lpm_add_sub:Add0|addcore:adder|addcore:adder[0]|gc[0]               ; |step_motor|lpm_add_sub:Add0|addcore:adder|addcore:adder[0]|gc[0]               ; out0             ;
; |step_motor|lpm_add_sub:Add0|addcore:adder|addcore:adder[0]|tot_cin_node[0]     ; |step_motor|lpm_add_sub:Add0|addcore:adder|addcore:adder[0]|tot_cin_node[0]     ; out0             ;
; |step_motor|lpm_add_sub:Add0|addcore:adder|addcore:adder[0]|_~2                 ; |step_motor|lpm_add_sub:Add0|addcore:adder|addcore:adder[0]|_~2                 ; out0             ;
; |step_motor|lpm_add_sub:Add0|addcore:adder|addcore:adder[0]|_~4                 ; |step_motor|lpm_add_sub:Add0|addcore:adder|addcore:adder[0]|_~4                 ; out0             ;
; |step_motor|lpm_add_sub:Add0|addcore:adder|addcore:adder[0]|unreg_res_node[4]~2 ; |step_motor|lpm_add_sub:Add0|addcore:adder|addcore:adder[0]|unreg_res_node[4]~2 ; out0             ;
+---------------------------------------------------------------------------------+---------------------------------------------------------------------------------+------------------+


The following table displays output ports that do not toggle to 0 during simulation.
+--------------------------------------------------------------------------------------------------------------------------------------------------------------------------------------+
; Missing 0-Value Coverage                                                                                                                                                             ;
+---------------------------------------------------------------------------------+---------------------------------------------------------------------------------+------------------+
; Node Name                                                                       ; Output Port Name                                                                ; Output Port Type ;
+---------------------------------------------------------------------------------+---------------------------------------------------------------------------------+------------------+
; |step_motor|always0~1                                                           ; |step_motor|always0~1                                                           ; out0             ;
; |step_motor|count~8                                                             ; |step_motor|count~8                                                             ; out              ;
; |step_motor|count~16                                                            ; |step_motor|count~16                                                            ; out              ;
; |step_motor|count~20                                                            ; |step_motor|count~20                                                            ; out              ;
; |step_motor|count[3]                                                            ; |step_motor|count[3]                                                            ; regout           ;
; |step_motor|sen                                                                 ; |step_motor|sen                                                                 ; out              ;
; |step_motor|dn                                                                  ; |step_motor|dn                                                                  ; out              ;
; |step_motor|lpm_add_sub:Add1|addcore:adder|addcore:adder[0]|datab_node[7]~0     ; |step_motor|lpm_add_sub:Add1|addcore:adder|addcore:adder[0]|datab_node[7]~0     ; out0             ;
; |step_motor|lpm_add_sub:Add1|addcore:adder|addcore:adder[0]|datab_node[3]       ; |step_motor|lpm_add_sub:Add1|addcore:adder|addcore:adder[0]|datab_node[3]       ; out0             ;
; |step_motor|lpm_add_sub:Add1|addcore:adder|addcore:adder[0]|datab_node[2]       ; |step_motor|lpm_add_sub:Add1|addcore:adder|addcore:adder[0]|datab_node[2]       ; out0             ;
; |step_motor|lpm_add_sub:Add1|addcore:adder|addcore:adder[0]|datab_node[1]       ; |step_motor|lpm_add_sub:Add1|addcore:adder|addcore:adder[0]|datab_node[1]       ; out0             ;
; |step_motor|lpm_add_sub:Add1|addcore:adder|addcore:adder[0]|datab_node[0]       ; |step_motor|lpm_add_sub:Add1|addcore:adder|addcore:adder[0]|datab_node[0]       ; out0             ;
; |step_motor|lpm_add_sub:Add1|addcore:adder|addcore:adder[0]|ps[0]~0             ; |step_motor|lpm_add_sub:Add1|addcore:adder|addcore:adder[0]|ps[0]~0             ; out0             ;
; |step_motor|lpm_add_sub:Add1|addcore:adder|addcore:adder[0]|psi[0]              ; |step_motor|lpm_add_sub:Add1|addcore:adder|addcore:adder[0]|psi[0]              ; out0             ;
; |step_motor|lpm_add_sub:Add1|addcore:adder|addcore:adder[0]|gn[1]               ; |step_motor|lpm_add_sub:Add1|addcore:adder|addcore:adder[0]|gn[1]               ; out0             ;
; |step_motor|lpm_add_sub:Add1|addcore:adder|addcore:adder[0]|gn[2]               ; |step_motor|lpm_add_sub:Add1|addcore:adder|addcore:adder[0]|gn[2]               ; out0             ;
; |step_motor|lpm_add_sub:Add1|addcore:adder|addcore:adder[0]|ps[3]~3             ; |step_motor|lpm_add_sub:Add1|addcore:adder|addcore:adder[0]|ps[3]~3             ; out0             ;
; |step_motor|lpm_add_sub:Add1|addcore:adder|addcore:adder[0]|psi[3]              ; |step_motor|lpm_add_sub:Add1|addcore:adder|addcore:adder[0]|psi[3]              ; out0             ;
; |step_motor|lpm_add_sub:Add1|addcore:adder|addcore:adder[0]|gn[3]               ; |step_motor|lpm_add_sub:Add1|addcore:adder|addcore:adder[0]|gn[3]               ; out0             ;
; |step_motor|lpm_add_sub:Add1|addcore:adder|addcore:adder[0]|pc[0]               ; |step_motor|lpm_add_sub:Add1|addcore:adder|addcore:adder[0]|pc[0]               ; out0             ;
; |step_motor|lpm_add_sub:Add1|addcore:adder|addcore:adder[0]|pc[1]               ; |step_motor|lpm_add_sub:Add1|addcore:adder|addcore:adder[0]|pc[1]               ; out0             ;
; |step_motor|lpm_add_sub:Add1|addcore:adder|addcore:adder[0]|pc[2]               ; |step_motor|lpm_add_sub:Add1|addcore:adder|addcore:adder[0]|pc[2]               ; out0             ;
; |step_motor|lpm_add_sub:Add1|addcore:adder|addcore:adder[0]|g3~0                ; |step_motor|lpm_add_sub:Add1|addcore:adder|addcore:adder[0]|g3~0                ; out0             ;
; |step_motor|lpm_add_sub:Add1|addcore:adder|addcore:adder[0]|g3                  ; |step_motor|lpm_add_sub:Add1|addcore:adder|addcore:adder[0]|g3                  ; out0             ;
; |step_motor|lpm_add_sub:Add1|addcore:adder|addcore:adder[0]|_~2                 ; |step_motor|lpm_add_sub:Add1|addcore:adder|addcore:adder[0]|_~2                 ; out0             ;
; |step_motor|lpm_add_sub:Add1|addcore:adder|addcore:adder[0]|_~3                 ; |step_motor|lpm_add_sub:Add1|addcore:adder|addcore:adder[0]|_~3                 ; out0             ;
; |step_motor|lpm_add_sub:Add0|addcore:adder|addcore:adder[0]|datab_node[7]~0     ; |step_motor|lpm_add_sub:Add0|addcore:adder|addcore:adder[0]|datab_node[7]~0     ; out0             ;
; |step_motor|lpm_add_sub:Add0|addcore:adder|addcore:adder[0]|datab_node[4]       ; |step_motor|lpm_add_sub:Add0|addcore:adder|addcore:adder[0]|datab_node[4]       ; out0             ;
; |step_motor|lpm_add_sub:Add0|addcore:adder|addcore:adder[0]|datab_node[3]       ; |step_motor|lpm_add_sub:Add0|addcore:adder|addcore:adder[0]|datab_node[3]       ; out0             ;
; |step_motor|lpm_add_sub:Add0|addcore:adder|addcore:adder[0]|datab_node[2]       ; |step_motor|lpm_add_sub:Add0|addcore:adder|addcore:adder[0]|datab_node[2]       ; out0             ;
; |step_motor|lpm_add_sub:Add0|addcore:adder|addcore:adder[0]|datab_node[1]       ; |step_motor|lpm_add_sub:Add0|addcore:adder|addcore:adder[0]|datab_node[1]       ; out0             ;
; |step_motor|lpm_add_sub:Add0|addcore:adder|addcore:adder[0]|datab_node[0]       ; |step_motor|lpm_add_sub:Add0|addcore:adder|addcore:adder[0]|datab_node[0]       ; out0             ;
; |step_motor|lpm_add_sub:Add0|addcore:adder|addcore:adder[0]|ps[0]~0             ; |step_motor|lpm_add_sub:Add0|addcore:adder|addcore:adder[0]|ps[0]~0             ; out0             ;
; |step_motor|lpm_add_sub:Add0|addcore:adder|addcore:adder[0]|psi[0]              ; |step_motor|lpm_add_sub:Add0|addcore:adder|addcore:adder[0]|psi[0]              ; out0             ;
; |step_motor|lpm_add_sub:Add0|addcore:adder|addcore:adder[0]|gn[0]               ; |step_motor|lpm_add_sub:Add0|addcore:adder|addcore:adder[0]|gn[0]               ; out0             ;
; |step_motor|lpm_add_sub:Add0|addcore:adder|addcore:adder[0]|gn[1]               ; |step_motor|lpm_add_sub:Add0|addcore:adder|addcore:adder[0]|gn[1]               ; out0             ;
; |step_motor|lpm_add_sub:Add0|addcore:adder|addcore:adder[0]|ps[2]~2             ; |step_motor|lpm_add_sub:Add0|addcore:adder|addcore:adder[0]|ps[2]~2             ; out0             ;
; |step_motor|lpm_add_sub:Add0|addcore:adder|addcore:adder[0]|psi[2]              ; |step_motor|lpm_add_sub:Add0|addcore:adder|addcore:adder[0]|psi[2]              ; out0             ;
; |step_motor|lpm_add_sub:Add0|addcore:adder|addcore:adder[0]|ps[3]~3             ; |step_motor|lpm_add_sub:Add0|addcore:adder|addcore:adder[0]|ps[3]~3             ; out0             ;
; |step_motor|lpm_add_sub:Add0|addcore:adder|addcore:adder[0]|psi[3]              ; |step_motor|lpm_add_sub:Add0|addcore:adder|addcore:adder[0]|psi[3]              ; out0             ;
; |step_motor|lpm_add_sub:Add0|addcore:adder|addcore:adder[0]|ps[4]~4             ; |step_motor|lpm_add_sub:Add0|addcore:adder|addcore:adder[0]|ps[4]~4             ; out0             ;
; |step_motor|lpm_add_sub:Add0|addcore:adder|addcore:adder[0]|psi[4]              ; |step_motor|lpm_add_sub:Add0|addcore:adder|addcore:adder[0]|psi[4]              ; out0             ;
; |step_motor|lpm_add_sub:Add0|addcore:adder|addcore:adder[0]|gn[4]               ; |step_motor|lpm_add_sub:Add0|addcore:adder|addcore:adder[0]|gn[4]               ; out0             ;
; |step_motor|lpm_add_sub:Add0|addcore:adder|addcore:adder[0]|pc[0]               ; |step_motor|lpm_add_sub:Add0|addcore:adder|addcore:adder[0]|pc[0]               ; out0             ;
; |step_motor|lpm_add_sub:Add0|addcore:adder|addcore:adder[0]|pc[1]               ; |step_motor|lpm_add_sub:Add0|addcore:adder|addcore:adder[0]|pc[1]               ; out0             ;
; |step_motor|lpm_add_sub:Add0|addcore:adder|addcore:adder[0]|pc[2]               ; |step_motor|lpm_add_sub:Add0|addcore:adder|addcore:adder[0]|pc[2]               ; out0             ;
; |step_motor|lpm_add_sub:Add0|addcore:adder|addcore:adder[0]|pc[3]               ; |step_motor|lpm_add_sub:Add0|addcore:adder|addcore:adder[0]|pc[3]               ; out0             ;
; |step_motor|lpm_add_sub:Add0|addcore:adder|addcore:adder[0]|gc[0]               ; |step_motor|lpm_add_sub:Add0|addcore:adder|addcore:adder[0]|gc[0]               ; out0             ;
; |step_motor|lpm_add_sub:Add0|addcore:adder|addcore:adder[0]|tot_cin_node[0]     ; |step_motor|lpm_add_sub:Add0|addcore:adder|addcore:adder[0]|tot_cin_node[0]     ; out0             ;
; |step_motor|lpm_add_sub:Add0|addcore:adder|addcore:adder[0]|_~2                 ; |step_motor|lpm_add_sub:Add0|addcore:adder|addcore:adder[0]|_~2                 ; out0             ;
; |step_motor|lpm_add_sub:Add0|addcore:adder|addcore:adder[0]|_~4                 ; |step_motor|lpm_add_sub:Add0|addcore:adder|addcore:adder[0]|_~4                 ; out0             ;
; |step_motor|lpm_add_sub:Add0|addcore:adder|addcore:adder[0]|unreg_res_node[4]~2 ; |step_motor|lpm_add_sub:Add0|addcore:adder|addcore:adder[0]|unreg_res_node[4]~2 ; out0             ;
+---------------------------------------------------------------------------------+---------------------------------------------------------------------------------+------------------+


+---------------------+
; Simulator INI Usage ;
+--------+------------+
; Option ; Usage      ;
+--------+------------+


+--------------------+
; Simulator Messages ;
+--------------------+
Info: *******************************************************************
Info: Running Quartus II Simulator
    Info: Version 9.1 Build 222 10/21/2009 SJ Web Edition
    Info: Processing started: Tue May 13 10:55:16 2014
Info: Command: quartus_sim --read_settings_files=on --write_settings_files=off step_motor -c step_motor
Info: Using vector source file "S:/My Documents/DavidHouston/EE133/EE133_LABS/Lab 6/motor/step_motor.vwf"
Info: Option to preserve fewer signal transitions to reduce memory requirements is enabled
    Info: Simulation has been partitioned into sub-simulations according to the maximum transition count determined by the engine. Transitions from memory will be flushed out to disk at the end of each sub-simulation to reduce memory requirements.
Info: Simulation partitioned into 1 sub-simulations
Info: Simulation coverage is      59.54 %
Info: Number of transitions in simulation is 975
Info: Quartus II Simulator was successful. 0 errors, 0 warnings
    Info: Peak virtual memory: 126 megabytes
    Info: Processing ended: Tue May 13 10:55:17 2014
    Info: Elapsed time: 00:00:01
    Info: Total CPU time (on all processors): 00:00:01


